<?xml version="1.0" encoding="UTF-8"?>
<testsuite name="org.springframework.samples.petclinic.service.clinicService.ClinicServiceJpaTests" tests="33" skipped="0" failures="0" errors="0" timestamp="2019-03-05T14:43:22" hostname="ky-laptop" time="0.357">
  <properties/>
  <testcase name="shouldFindAllOwners" classname="org.springframework.samples.petclinic.service.clinicService.ClinicServiceJpaTests" time="0.042"/>
  <testcase name="shouldFindPetTypeById" classname="org.springframework.samples.petclinic.service.clinicService.ClinicServiceJpaTests" time="0.008"/>
  <testcase name="shouldUpdateSpecialty" classname="org.springframework.samples.petclinic.service.clinicService.ClinicServiceJpaTests" time="0.009"/>
  <testcase name="shouldFindVets" classname="org.springframework.samples.petclinic.service.clinicService.ClinicServiceJpaTests" time="0.014"/>
  <testcase name="shouldFindAllVisits" classname="org.springframework.samples.petclinic.service.clinicService.ClinicServiceJpaTests" time="0.013"/>
  <testcase name="shouldFindOwnersByLastName" classname="org.springframework.samples.petclinic.service.clinicService.ClinicServiceJpaTests" time="0.013"/>
  <testcase name="shouldInsertVet" classname="org.springframework.samples.petclinic.service.clinicService.ClinicServiceJpaTests" time="0.014"/>
  <testcase name="shouldDeletePet" classname="org.springframework.samples.petclinic.service.clinicService.ClinicServiceJpaTests" time="0.023"/>
  <testcase name="shouldDeleteVet" classname="org.springframework.samples.petclinic.service.clinicService.ClinicServiceJpaTests" time="0.004"/>
  <testcase name="shouldDeleteOwner" classname="org.springframework.samples.petclinic.service.clinicService.ClinicServiceJpaTests" time="0.011"/>
  <testcase name="shouldDeleteVisit" classname="org.springframework.samples.petclinic.service.clinicService.ClinicServiceJpaTests" time="0.008"/>
  <testcase name="shouldInsertSpecialty" classname="org.springframework.samples.petclinic.service.clinicService.ClinicServiceJpaTests" time="0.007"/>
  <testcase name="shouldAddNewVisitForPet" classname="org.springframework.samples.petclinic.service.clinicService.ClinicServiceJpaTests" time="0.009"/>
  <testcase name="shouldUpdateOwner" classname="org.springframework.samples.petclinic.service.clinicService.ClinicServiceJpaTests" time="0.01"/>
  <testcase name="shouldFindVisitsByPetId" classname="org.springframework.samples.petclinic.service.clinicService.ClinicServiceJpaTests" time="0.01"/>
  <testcase name="shouldUpdateVisit" classname="org.springframework.samples.petclinic.service.clinicService.ClinicServiceJpaTests" time="0.007"/>
  <testcase name="shouldInsertPetIntoDatabaseAndGenerateId" classname="org.springframework.samples.petclinic.service.clinicService.ClinicServiceJpaTests" time="0.015"/>
  <testcase name="shouldInsertOwner" classname="org.springframework.samples.petclinic.service.clinicService.ClinicServiceJpaTests" time="0.01"/>
  <testcase name="shouldInsertVisit" classname="org.springframework.samples.petclinic.service.clinicService.ClinicServiceJpaTests" time="0.009"/>
  <testcase name="shouldFindAllPets" classname="org.springframework.samples.petclinic.service.clinicService.ClinicServiceJpaTests" time="0.013"/>
  <testcase name="shouldFindSingleOwnerWithPet" classname="org.springframework.samples.petclinic.service.clinicService.ClinicServiceJpaTests" time="0.004"/>
  <testcase name="shouldFindAllSpecialtys" classname="org.springframework.samples.petclinic.service.clinicService.ClinicServiceJpaTests" time="0.003"/>
  <testcase name="shouldUpdatePetName" classname="org.springframework.samples.petclinic.service.clinicService.ClinicServiceJpaTests" time="0.006"/>
  <testcase name="shouldUpdatePetType" classname="org.springframework.samples.petclinic.service.clinicService.ClinicServiceJpaTests" time="0.004"/>
  <testcase name="shouldFindVisitDyId" classname="org.springframework.samples.petclinic.service.clinicService.ClinicServiceJpaTests" time="0.005"/>
  <testcase name="shouldFindAllPetTypes" classname="org.springframework.samples.petclinic.service.clinicService.ClinicServiceJpaTests" time="0.005"/>
  <testcase name="shouldUpdateVet" classname="org.springframework.samples.petclinic.service.clinicService.ClinicServiceJpaTests" time="0.004"/>
  <testcase name="shouldFindVetDyId" classname="org.springframework.samples.petclinic.service.clinicService.ClinicServiceJpaTests" time="0.003"/>
  <testcase name="shouldInsertPetType" classname="org.springframework.samples.petclinic.service.clinicService.ClinicServiceJpaTests" time="0.005"/>
  <testcase name="shouldDeletePetType" classname="org.springframework.samples.petclinic.service.clinicService.ClinicServiceJpaTests" time="0.028"/>
  <testcase name="shouldFindPetWithCorrectId" classname="org.springframework.samples.petclinic.service.clinicService.ClinicServiceJpaTests" time="0.007"/>
  <testcase name="shouldFindSpecialtyById" classname="org.springframework.samples.petclinic.service.clinicService.ClinicServiceJpaTests" time="0.004"/>
  <testcase name="shouldDeleteSpecialty" classname="org.springframework.samples.petclinic.service.clinicService.ClinicServiceJpaTests" time="0.014"/>
  <system-out><![CDATA[INFO  SpringBootTestContextBootstrapper - Neither @ContextConfiguration nor @ContextHierarchy found for test class [org.springframework.samples.petclinic.service.clinicService.ClinicServiceJpaTests], using SpringBootContextLoader
INFO  AbstractContextLoader - Could not detect default resource locations for test class [org.springframework.samples.petclinic.service.clinicService.ClinicServiceJpaTests]: no resource found for suffixes {-context.xml, Context.groovy}.
INFO  AnnotationConfigContextLoaderUtils - Could not detect default configuration classes for test class [org.springframework.samples.petclinic.service.clinicService.ClinicServiceJpaTests]: ClinicServiceJpaTests does not declare any static, non-private, non-final, nested classes annotated with @Configuration.
INFO  SpringBootTestContextBootstrapper - Found @SpringBootConfiguration org.springframework.samples.petclinic.PetClinicApplication for test class org.springframework.samples.petclinic.service.clinicService.ClinicServiceJpaTests
INFO  SpringBootTestContextBootstrapper - Loaded default TestExecutionListener class names from location [META-INF/spring.factories]: [org.springframework.security.test.context.support.WithSecurityContextTestExecutionListener, org.springframework.boot.test.autoconfigure.restdocs.RestDocsTestExecutionListener, org.springframework.boot.test.autoconfigure.web.client.MockRestServiceServerResetTestExecutionListener, org.springframework.boot.test.autoconfigure.web.servlet.MockMvcPrintOnlyOnFailureTestExecutionListener, org.springframework.boot.test.autoconfigure.web.servlet.WebDriverTestExecutionListener, org.springframework.boot.test.mock.mockito.MockitoTestExecutionListener, org.springframework.boot.test.mock.mockito.ResetMocksTestExecutionListener, org.springframework.test.context.web.ServletTestExecutionListener, org.springframework.test.context.support.DirtiesContextBeforeModesTestExecutionListener, org.springframework.test.context.support.DependencyInjectionTestExecutionListener, org.springframework.test.context.support.DirtiesContextTestExecutionListener, org.springframework.test.context.transaction.TransactionalTestExecutionListener, org.springframework.test.context.jdbc.SqlScriptsTestExecutionListener]
INFO  SpringBootTestContextBootstrapper - Using TestExecutionListeners: [org.springframework.test.context.web.ServletTestExecutionListener@6a51bcdd, org.springframework.test.context.support.DirtiesContextBeforeModesTestExecutionListener@114f5d55, org.springframework.boot.test.autoconfigure.SpringBootDependencyInjectionTestExecutionListener@2a16ab1, org.springframework.test.context.support.DirtiesContextTestExecutionListener@410b8e6, org.springframework.test.context.transaction.TransactionalTestExecutionListener@63404bed, org.springframework.test.context.jdbc.SqlScriptsTestExecutionListener@88e1725, org.springframework.security.test.context.support.WithSecurityContextTestExecutionListener@1730067, org.springframework.boot.test.autoconfigure.web.client.MockRestServiceServerResetTestExecutionListener@a55f27, org.springframework.boot.test.autoconfigure.web.servlet.WebDriverTestExecutionListener@61db63fd, org.springframework.boot.test.mock.mockito.ResetMocksTestExecutionListener@199467dc, org.springframework.boot.test.autoconfigure.restdocs.RestDocsTestExecutionListener@7d2cb1, org.springframework.boot.test.autoconfigure.web.servlet.MockMvcPrintOnlyOnFailureTestExecutionListener@2a0b07fe, org.springframework.boot.test.mock.mockito.MockitoTestExecutionListener@10755dc9]
INFO  QueryTranslatorFactoryInitiator - HHH000397: Using ASTQueryTranslatorFactory
INFO  TransactionContext - Began transaction (1) for test context [DefaultTestContext@76834b13 testClass = ClinicServiceJpaTests, testInstance = org.springframework.samples.petclinic.service.clinicService.ClinicServiceJpaTests@46d08514, testMethod = shouldUpdateSpecialty@AbstractClinicServiceTests, testException = [null], mergedContextConfiguration = [WebMergedContextConfiguration@2a65729c testClass = ClinicServiceJpaTests, locations = '{}', classes = '{class org.springframework.samples.petclinic.PetClinicApplication}', contextInitializerClasses = '[]', activeProfiles = '{jpa, hsqldb}', propertySourceLocations = '{}', propertySourceProperties = '{org.springframework.boot.test.context.SpringBootTestContextBootstrapper=true}', contextCustomizers = set[org.springframework.boot.test.autoconfigure.properties.PropertyMappingContextCustomizer@0, org.springframework.boot.test.autoconfigure.web.servlet.WebDriverContextCustomizerFactory$Customizer@25ec26ae, org.springframework.boot.test.context.SpringBootTestContextCustomizer@22c55f44, org.springframework.boot.test.context.filter.ExcludeFilterContextCustomizer@4a639ef0, org.springframework.boot.test.json.DuplicateJsonObjectContextCustomizerFactory$DuplicateJsonObjectContextCustomizer@2ac720c8, org.springframework.boot.test.mock.mockito.MockitoContextCustomizer@0], resourceBasePath = 'src/main/webapp', contextLoader = 'org.springframework.boot.test.context.SpringBootContextLoader', parent = [null]]]; transaction manager [org.springframework.orm.jpa.JpaTransactionManager@561d3dcb]; rollback [true]
INFO  TransactionContext - Rolled back transaction for test context [DefaultTestContext@76834b13 testClass = ClinicServiceJpaTests, testInstance = org.springframework.samples.petclinic.service.clinicService.ClinicServiceJpaTests@46d08514, testMethod = shouldUpdateSpecialty@AbstractClinicServiceTests, testException = [null], mergedContextConfiguration = [WebMergedContextConfiguration@2a65729c testClass = ClinicServiceJpaTests, locations = '{}', classes = '{class org.springframework.samples.petclinic.PetClinicApplication}', contextInitializerClasses = '[]', activeProfiles = '{jpa, hsqldb}', propertySourceLocations = '{}', propertySourceProperties = '{org.springframework.boot.test.context.SpringBootTestContextBootstrapper=true}', contextCustomizers = set[org.springframework.boot.test.autoconfigure.properties.PropertyMappingContextCustomizer@0, org.springframework.boot.test.autoconfigure.web.servlet.WebDriverContextCustomizerFactory$Customizer@25ec26ae, org.springframework.boot.test.context.SpringBootTestContextCustomizer@22c55f44, org.springframework.boot.test.context.filter.ExcludeFilterContextCustomizer@4a639ef0, org.springframework.boot.test.json.DuplicateJsonObjectContextCustomizerFactory$DuplicateJsonObjectContextCustomizer@2ac720c8, org.springframework.boot.test.mock.mockito.MockitoContextCustomizer@0], resourceBasePath = 'src/main/webapp', contextLoader = 'org.springframework.boot.test.context.SpringBootContextLoader', parent = [null]]].
INFO  TransactionContext - Began transaction (1) for test context [DefaultTestContext@76834b13 testClass = ClinicServiceJpaTests, testInstance = org.springframework.samples.petclinic.service.clinicService.ClinicServiceJpaTests@37833530, testMethod = shouldInsertVet@AbstractClinicServiceTests, testException = [null], mergedContextConfiguration = [WebMergedContextConfiguration@2a65729c testClass = ClinicServiceJpaTests, locations = '{}', classes = '{class org.springframework.samples.petclinic.PetClinicApplication}', contextInitializerClasses = '[]', activeProfiles = '{jpa, hsqldb}', propertySourceLocations = '{}', propertySourceProperties = '{org.springframework.boot.test.context.SpringBootTestContextBootstrapper=true}', contextCustomizers = set[org.springframework.boot.test.autoconfigure.properties.PropertyMappingContextCustomizer@0, org.springframework.boot.test.autoconfigure.web.servlet.WebDriverContextCustomizerFactory$Customizer@25ec26ae, org.springframework.boot.test.context.SpringBootTestContextCustomizer@22c55f44, org.springframework.boot.test.context.filter.ExcludeFilterContextCustomizer@4a639ef0, org.springframework.boot.test.json.DuplicateJsonObjectContextCustomizerFactory$DuplicateJsonObjectContextCustomizer@2ac720c8, org.springframework.boot.test.mock.mockito.MockitoContextCustomizer@0], resourceBasePath = 'src/main/webapp', contextLoader = 'org.springframework.boot.test.context.SpringBootContextLoader', parent = [null]]]; transaction manager [org.springframework.orm.jpa.JpaTransactionManager@561d3dcb]; rollback [true]
INFO  TransactionContext - Rolled back transaction for test context [DefaultTestContext@76834b13 testClass = ClinicServiceJpaTests, testInstance = org.springframework.samples.petclinic.service.clinicService.ClinicServiceJpaTests@37833530, testMethod = shouldInsertVet@AbstractClinicServiceTests, testException = [null], mergedContextConfiguration = [WebMergedContextConfiguration@2a65729c testClass = ClinicServiceJpaTests, locations = '{}', classes = '{class org.springframework.samples.petclinic.PetClinicApplication}', contextInitializerClasses = '[]', activeProfiles = '{jpa, hsqldb}', propertySourceLocations = '{}', propertySourceProperties = '{org.springframework.boot.test.context.SpringBootTestContextBootstrapper=true}', contextCustomizers = set[org.springframework.boot.test.autoconfigure.properties.PropertyMappingContextCustomizer@0, org.springframework.boot.test.autoconfigure.web.servlet.WebDriverContextCustomizerFactory$Customizer@25ec26ae, org.springframework.boot.test.context.SpringBootTestContextCustomizer@22c55f44, org.springframework.boot.test.context.filter.ExcludeFilterContextCustomizer@4a639ef0, org.springframework.boot.test.json.DuplicateJsonObjectContextCustomizerFactory$DuplicateJsonObjectContextCustomizer@2ac720c8, org.springframework.boot.test.mock.mockito.MockitoContextCustomizer@0], resourceBasePath = 'src/main/webapp', contextLoader = 'org.springframework.boot.test.context.SpringBootContextLoader', parent = [null]]].
INFO  TransactionContext - Began transaction (1) for test context [DefaultTestContext@76834b13 testClass = ClinicServiceJpaTests, testInstance = org.springframework.samples.petclinic.service.clinicService.ClinicServiceJpaTests@6136671b, testMethod = shouldDeletePet@AbstractClinicServiceTests, testException = [null], mergedContextConfiguration = [WebMergedContextConfiguration@2a65729c testClass = ClinicServiceJpaTests, locations = '{}', classes = '{class org.springframework.samples.petclinic.PetClinicApplication}', contextInitializerClasses = '[]', activeProfiles = '{jpa, hsqldb}', propertySourceLocations = '{}', propertySourceProperties = '{org.springframework.boot.test.context.SpringBootTestContextBootstrapper=true}', contextCustomizers = set[org.springframework.boot.test.autoconfigure.properties.PropertyMappingContextCustomizer@0, org.springframework.boot.test.autoconfigure.web.servlet.WebDriverContextCustomizerFactory$Customizer@25ec26ae, org.springframework.boot.test.context.SpringBootTestContextCustomizer@22c55f44, org.springframework.boot.test.context.filter.ExcludeFilterContextCustomizer@4a639ef0, org.springframework.boot.test.json.DuplicateJsonObjectContextCustomizerFactory$DuplicateJsonObjectContextCustomizer@2ac720c8, org.springframework.boot.test.mock.mockito.MockitoContextCustomizer@0], resourceBasePath = 'src/main/webapp', contextLoader = 'org.springframework.boot.test.context.SpringBootContextLoader', parent = [null]]]; transaction manager [org.springframework.orm.jpa.JpaTransactionManager@561d3dcb]; rollback [true]
INFO  TransactionContext - Rolled back transaction for test context [DefaultTestContext@76834b13 testClass = ClinicServiceJpaTests, testInstance = org.springframework.samples.petclinic.service.clinicService.ClinicServiceJpaTests@6136671b, testMethod = shouldDeletePet@AbstractClinicServiceTests, testException = [null], mergedContextConfiguration = [WebMergedContextConfiguration@2a65729c testClass = ClinicServiceJpaTests, locations = '{}', classes = '{class org.springframework.samples.petclinic.PetClinicApplication}', contextInitializerClasses = '[]', activeProfiles = '{jpa, hsqldb}', propertySourceLocations = '{}', propertySourceProperties = '{org.springframework.boot.test.context.SpringBootTestContextBootstrapper=true}', contextCustomizers = set[org.springframework.boot.test.autoconfigure.properties.PropertyMappingContextCustomizer@0, org.springframework.boot.test.autoconfigure.web.servlet.WebDriverContextCustomizerFactory$Customizer@25ec26ae, org.springframework.boot.test.context.SpringBootTestContextCustomizer@22c55f44, org.springframework.boot.test.context.filter.ExcludeFilterContextCustomizer@4a639ef0, org.springframework.boot.test.json.DuplicateJsonObjectContextCustomizerFactory$DuplicateJsonObjectContextCustomizer@2ac720c8, org.springframework.boot.test.mock.mockito.MockitoContextCustomizer@0], resourceBasePath = 'src/main/webapp', contextLoader = 'org.springframework.boot.test.context.SpringBootContextLoader', parent = [null]]].
INFO  TransactionContext - Began transaction (1) for test context [DefaultTestContext@76834b13 testClass = ClinicServiceJpaTests, testInstance = org.springframework.samples.petclinic.service.clinicService.ClinicServiceJpaTests@fa4f04c, testMethod = shouldDeleteVet@AbstractClinicServiceTests, testException = [null], mergedContextConfiguration = [WebMergedContextConfiguration@2a65729c testClass = ClinicServiceJpaTests, locations = '{}', classes = '{class org.springframework.samples.petclinic.PetClinicApplication}', contextInitializerClasses = '[]', activeProfiles = '{jpa, hsqldb}', propertySourceLocations = '{}', propertySourceProperties = '{org.springframework.boot.test.context.SpringBootTestContextBootstrapper=true}', contextCustomizers = set[org.springframework.boot.test.autoconfigure.properties.PropertyMappingContextCustomizer@0, org.springframework.boot.test.autoconfigure.web.servlet.WebDriverContextCustomizerFactory$Customizer@25ec26ae, org.springframework.boot.test.context.SpringBootTestContextCustomizer@22c55f44, org.springframework.boot.test.context.filter.ExcludeFilterContextCustomizer@4a639ef0, org.springframework.boot.test.json.DuplicateJsonObjectContextCustomizerFactory$DuplicateJsonObjectContextCustomizer@2ac720c8, org.springframework.boot.test.mock.mockito.MockitoContextCustomizer@0], resourceBasePath = 'src/main/webapp', contextLoader = 'org.springframework.boot.test.context.SpringBootContextLoader', parent = [null]]]; transaction manager [org.springframework.orm.jpa.JpaTransactionManager@561d3dcb]; rollback [true]
INFO  TransactionContext - Rolled back transaction for test context [DefaultTestContext@76834b13 testClass = ClinicServiceJpaTests, testInstance = org.springframework.samples.petclinic.service.clinicService.ClinicServiceJpaTests@fa4f04c, testMethod = shouldDeleteVet@AbstractClinicServiceTests, testException = [null], mergedContextConfiguration = [WebMergedContextConfiguration@2a65729c testClass = ClinicServiceJpaTests, locations = '{}', classes = '{class org.springframework.samples.petclinic.PetClinicApplication}', contextInitializerClasses = '[]', activeProfiles = '{jpa, hsqldb}', propertySourceLocations = '{}', propertySourceProperties = '{org.springframework.boot.test.context.SpringBootTestContextBootstrapper=true}', contextCustomizers = set[org.springframework.boot.test.autoconfigure.properties.PropertyMappingContextCustomizer@0, org.springframework.boot.test.autoconfigure.web.servlet.WebDriverContextCustomizerFactory$Customizer@25ec26ae, org.springframework.boot.test.context.SpringBootTestContextCustomizer@22c55f44, org.springframework.boot.test.context.filter.ExcludeFilterContextCustomizer@4a639ef0, org.springframework.boot.test.json.DuplicateJsonObjectContextCustomizerFactory$DuplicateJsonObjectContextCustomizer@2ac720c8, org.springframework.boot.test.mock.mockito.MockitoContextCustomizer@0], resourceBasePath = 'src/main/webapp', contextLoader = 'org.springframework.boot.test.context.SpringBootContextLoader', parent = [null]]].
INFO  TransactionContext - Began transaction (1) for test context [DefaultTestContext@76834b13 testClass = ClinicServiceJpaTests, testInstance = org.springframework.samples.petclinic.service.clinicService.ClinicServiceJpaTests@7b02055e, testMethod = shouldDeleteOwner@AbstractClinicServiceTests, testException = [null], mergedContextConfiguration = [WebMergedContextConfiguration@2a65729c testClass = ClinicServiceJpaTests, locations = '{}', classes = '{class org.springframework.samples.petclinic.PetClinicApplication}', contextInitializerClasses = '[]', activeProfiles = '{jpa, hsqldb}', propertySourceLocations = '{}', propertySourceProperties = '{org.springframework.boot.test.context.SpringBootTestContextBootstrapper=true}', contextCustomizers = set[org.springframework.boot.test.autoconfigure.properties.PropertyMappingContextCustomizer@0, org.springframework.boot.test.autoconfigure.web.servlet.WebDriverContextCustomizerFactory$Customizer@25ec26ae, org.springframework.boot.test.context.SpringBootTestContextCustomizer@22c55f44, org.springframework.boot.test.context.filter.ExcludeFilterContextCustomizer@4a639ef0, org.springframework.boot.test.json.DuplicateJsonObjectContextCustomizerFactory$DuplicateJsonObjectContextCustomizer@2ac720c8, org.springframework.boot.test.mock.mockito.MockitoContextCustomizer@0], resourceBasePath = 'src/main/webapp', contextLoader = 'org.springframework.boot.test.context.SpringBootContextLoader', parent = [null]]]; transaction manager [org.springframework.orm.jpa.JpaTransactionManager@561d3dcb]; rollback [true]
INFO  TransactionContext - Rolled back transaction for test context [DefaultTestContext@76834b13 testClass = ClinicServiceJpaTests, testInstance = org.springframework.samples.petclinic.service.clinicService.ClinicServiceJpaTests@7b02055e, testMethod = shouldDeleteOwner@AbstractClinicServiceTests, testException = [null], mergedContextConfiguration = [WebMergedContextConfiguration@2a65729c testClass = ClinicServiceJpaTests, locations = '{}', classes = '{class org.springframework.samples.petclinic.PetClinicApplication}', contextInitializerClasses = '[]', activeProfiles = '{jpa, hsqldb}', propertySourceLocations = '{}', propertySourceProperties = '{org.springframework.boot.test.context.SpringBootTestContextBootstrapper=true}', contextCustomizers = set[org.springframework.boot.test.autoconfigure.properties.PropertyMappingContextCustomizer@0, org.springframework.boot.test.autoconfigure.web.servlet.WebDriverContextCustomizerFactory$Customizer@25ec26ae, org.springframework.boot.test.context.SpringBootTestContextCustomizer@22c55f44, org.springframework.boot.test.context.filter.ExcludeFilterContextCustomizer@4a639ef0, org.springframework.boot.test.json.DuplicateJsonObjectContextCustomizerFactory$DuplicateJsonObjectContextCustomizer@2ac720c8, org.springframework.boot.test.mock.mockito.MockitoContextCustomizer@0], resourceBasePath = 'src/main/webapp', contextLoader = 'org.springframework.boot.test.context.SpringBootContextLoader', parent = [null]]].
INFO  TransactionContext - Began transaction (1) for test context [DefaultTestContext@76834b13 testClass = ClinicServiceJpaTests, testInstance = org.springframework.samples.petclinic.service.clinicService.ClinicServiceJpaTests@7fb7b086, testMethod = shouldDeleteVisit@AbstractClinicServiceTests, testException = [null], mergedContextConfiguration = [WebMergedContextConfiguration@2a65729c testClass = ClinicServiceJpaTests, locations = '{}', classes = '{class org.springframework.samples.petclinic.PetClinicApplication}', contextInitializerClasses = '[]', activeProfiles = '{jpa, hsqldb}', propertySourceLocations = '{}', propertySourceProperties = '{org.springframework.boot.test.context.SpringBootTestContextBootstrapper=true}', contextCustomizers = set[org.springframework.boot.test.autoconfigure.properties.PropertyMappingContextCustomizer@0, org.springframework.boot.test.autoconfigure.web.servlet.WebDriverContextCustomizerFactory$Customizer@25ec26ae, org.springframework.boot.test.context.SpringBootTestContextCustomizer@22c55f44, org.springframework.boot.test.context.filter.ExcludeFilterContextCustomizer@4a639ef0, org.springframework.boot.test.json.DuplicateJsonObjectContextCustomizerFactory$DuplicateJsonObjectContextCustomizer@2ac720c8, org.springframework.boot.test.mock.mockito.MockitoContextCustomizer@0], resourceBasePath = 'src/main/webapp', contextLoader = 'org.springframework.boot.test.context.SpringBootContextLoader', parent = [null]]]; transaction manager [org.springframework.orm.jpa.JpaTransactionManager@561d3dcb]; rollback [true]
INFO  TransactionContext - Rolled back transaction for test context [DefaultTestContext@76834b13 testClass = ClinicServiceJpaTests, testInstance = org.springframework.samples.petclinic.service.clinicService.ClinicServiceJpaTests@7fb7b086, testMethod = shouldDeleteVisit@AbstractClinicServiceTests, testException = [null], mergedContextConfiguration = [WebMergedContextConfiguration@2a65729c testClass = ClinicServiceJpaTests, locations = '{}', classes = '{class org.springframework.samples.petclinic.PetClinicApplication}', contextInitializerClasses = '[]', activeProfiles = '{jpa, hsqldb}', propertySourceLocations = '{}', propertySourceProperties = '{org.springframework.boot.test.context.SpringBootTestContextBootstrapper=true}', contextCustomizers = set[org.springframework.boot.test.autoconfigure.properties.PropertyMappingContextCustomizer@0, org.springframework.boot.test.autoconfigure.web.servlet.WebDriverContextCustomizerFactory$Customizer@25ec26ae, org.springframework.boot.test.context.SpringBootTestContextCustomizer@22c55f44, org.springframework.boot.test.context.filter.ExcludeFilterContextCustomizer@4a639ef0, org.springframework.boot.test.json.DuplicateJsonObjectContextCustomizerFactory$DuplicateJsonObjectContextCustomizer@2ac720c8, org.springframework.boot.test.mock.mockito.MockitoContextCustomizer@0], resourceBasePath = 'src/main/webapp', contextLoader = 'org.springframework.boot.test.context.SpringBootContextLoader', parent = [null]]].
INFO  TransactionContext - Began transaction (1) for test context [DefaultTestContext@76834b13 testClass = ClinicServiceJpaTests, testInstance = org.springframework.samples.petclinic.service.clinicService.ClinicServiceJpaTests@6b5580f5, testMethod = shouldInsertSpecialty@AbstractClinicServiceTests, testException = [null], mergedContextConfiguration = [WebMergedContextConfiguration@2a65729c testClass = ClinicServiceJpaTests, locations = '{}', classes = '{class org.springframework.samples.petclinic.PetClinicApplication}', contextInitializerClasses = '[]', activeProfiles = '{jpa, hsqldb}', propertySourceLocations = '{}', propertySourceProperties = '{org.springframework.boot.test.context.SpringBootTestContextBootstrapper=true}', contextCustomizers = set[org.springframework.boot.test.autoconfigure.properties.PropertyMappingContextCustomizer@0, org.springframework.boot.test.autoconfigure.web.servlet.WebDriverContextCustomizerFactory$Customizer@25ec26ae, org.springframework.boot.test.context.SpringBootTestContextCustomizer@22c55f44, org.springframework.boot.test.context.filter.ExcludeFilterContextCustomizer@4a639ef0, org.springframework.boot.test.json.DuplicateJsonObjectContextCustomizerFactory$DuplicateJsonObjectContextCustomizer@2ac720c8, org.springframework.boot.test.mock.mockito.MockitoContextCustomizer@0], resourceBasePath = 'src/main/webapp', contextLoader = 'org.springframework.boot.test.context.SpringBootContextLoader', parent = [null]]]; transaction manager [org.springframework.orm.jpa.JpaTransactionManager@561d3dcb]; rollback [true]
INFO  TransactionContext - Rolled back transaction for test context [DefaultTestContext@76834b13 testClass = ClinicServiceJpaTests, testInstance = org.springframework.samples.petclinic.service.clinicService.ClinicServiceJpaTests@6b5580f5, testMethod = shouldInsertSpecialty@AbstractClinicServiceTests, testException = [null], mergedContextConfiguration = [WebMergedContextConfiguration@2a65729c testClass = ClinicServiceJpaTests, locations = '{}', classes = '{class org.springframework.samples.petclinic.PetClinicApplication}', contextInitializerClasses = '[]', activeProfiles = '{jpa, hsqldb}', propertySourceLocations = '{}', propertySourceProperties = '{org.springframework.boot.test.context.SpringBootTestContextBootstrapper=true}', contextCustomizers = set[org.springframework.boot.test.autoconfigure.properties.PropertyMappingContextCustomizer@0, org.springframework.boot.test.autoconfigure.web.servlet.WebDriverContextCustomizerFactory$Customizer@25ec26ae, org.springframework.boot.test.context.SpringBootTestContextCustomizer@22c55f44, org.springframework.boot.test.context.filter.ExcludeFilterContextCustomizer@4a639ef0, org.springframework.boot.test.json.DuplicateJsonObjectContextCustomizerFactory$DuplicateJsonObjectContextCustomizer@2ac720c8, org.springframework.boot.test.mock.mockito.MockitoContextCustomizer@0], resourceBasePath = 'src/main/webapp', contextLoader = 'org.springframework.boot.test.context.SpringBootContextLoader', parent = [null]]].
INFO  TransactionContext - Began transaction (1) for test context [DefaultTestContext@76834b13 testClass = ClinicServiceJpaTests, testInstance = org.springframework.samples.petclinic.service.clinicService.ClinicServiceJpaTests@5f105564, testMethod = shouldAddNewVisitForPet@AbstractClinicServiceTests, testException = [null], mergedContextConfiguration = [WebMergedContextConfiguration@2a65729c testClass = ClinicServiceJpaTests, locations = '{}', classes = '{class org.springframework.samples.petclinic.PetClinicApplication}', contextInitializerClasses = '[]', activeProfiles = '{jpa, hsqldb}', propertySourceLocations = '{}', propertySourceProperties = '{org.springframework.boot.test.context.SpringBootTestContextBootstrapper=true}', contextCustomizers = set[org.springframework.boot.test.autoconfigure.properties.PropertyMappingContextCustomizer@0, org.springframework.boot.test.autoconfigure.web.servlet.WebDriverContextCustomizerFactory$Customizer@25ec26ae, org.springframework.boot.test.context.SpringBootTestContextCustomizer@22c55f44, org.springframework.boot.test.context.filter.ExcludeFilterContextCustomizer@4a639ef0, org.springframework.boot.test.json.DuplicateJsonObjectContextCustomizerFactory$DuplicateJsonObjectContextCustomizer@2ac720c8, org.springframework.boot.test.mock.mockito.MockitoContextCustomizer@0], resourceBasePath = 'src/main/webapp', contextLoader = 'org.springframework.boot.test.context.SpringBootContextLoader', parent = [null]]]; transaction manager [org.springframework.orm.jpa.JpaTransactionManager@561d3dcb]; rollback [true]
INFO  TransactionContext - Rolled back transaction for test context [DefaultTestContext@76834b13 testClass = ClinicServiceJpaTests, testInstance = org.springframework.samples.petclinic.service.clinicService.ClinicServiceJpaTests@5f105564, testMethod = shouldAddNewVisitForPet@AbstractClinicServiceTests, testException = [null], mergedContextConfiguration = [WebMergedContextConfiguration@2a65729c testClass = ClinicServiceJpaTests, locations = '{}', classes = '{class org.springframework.samples.petclinic.PetClinicApplication}', contextInitializerClasses = '[]', activeProfiles = '{jpa, hsqldb}', propertySourceLocations = '{}', propertySourceProperties = '{org.springframework.boot.test.context.SpringBootTestContextBootstrapper=true}', contextCustomizers = set[org.springframework.boot.test.autoconfigure.properties.PropertyMappingContextCustomizer@0, org.springframework.boot.test.autoconfigure.web.servlet.WebDriverContextCustomizerFactory$Customizer@25ec26ae, org.springframework.boot.test.context.SpringBootTestContextCustomizer@22c55f44, org.springframework.boot.test.context.filter.ExcludeFilterContextCustomizer@4a639ef0, org.springframework.boot.test.json.DuplicateJsonObjectContextCustomizerFactory$DuplicateJsonObjectContextCustomizer@2ac720c8, org.springframework.boot.test.mock.mockito.MockitoContextCustomizer@0], resourceBasePath = 'src/main/webapp', contextLoader = 'org.springframework.boot.test.context.SpringBootContextLoader', parent = [null]]].
INFO  TransactionContext - Began transaction (1) for test context [DefaultTestContext@76834b13 testClass = ClinicServiceJpaTests, testInstance = org.springframework.samples.petclinic.service.clinicService.ClinicServiceJpaTests@2136f26, testMethod = shouldUpdateOwner@AbstractClinicServiceTests, testException = [null], mergedContextConfiguration = [WebMergedContextConfiguration@2a65729c testClass = ClinicServiceJpaTests, locations = '{}', classes = '{class org.springframework.samples.petclinic.PetClinicApplication}', contextInitializerClasses = '[]', activeProfiles = '{jpa, hsqldb}', propertySourceLocations = '{}', propertySourceProperties = '{org.springframework.boot.test.context.SpringBootTestContextBootstrapper=true}', contextCustomizers = set[org.springframework.boot.test.autoconfigure.properties.PropertyMappingContextCustomizer@0, org.springframework.boot.test.autoconfigure.web.servlet.WebDriverContextCustomizerFactory$Customizer@25ec26ae, org.springframework.boot.test.context.SpringBootTestContextCustomizer@22c55f44, org.springframework.boot.test.context.filter.ExcludeFilterContextCustomizer@4a639ef0, org.springframework.boot.test.json.DuplicateJsonObjectContextCustomizerFactory$DuplicateJsonObjectContextCustomizer@2ac720c8, org.springframework.boot.test.mock.mockito.MockitoContextCustomizer@0], resourceBasePath = 'src/main/webapp', contextLoader = 'org.springframework.boot.test.context.SpringBootContextLoader', parent = [null]]]; transaction manager [org.springframework.orm.jpa.JpaTransactionManager@561d3dcb]; rollback [true]
INFO  TransactionContext - Rolled back transaction for test context [DefaultTestContext@76834b13 testClass = ClinicServiceJpaTests, testInstance = org.springframework.samples.petclinic.service.clinicService.ClinicServiceJpaTests@2136f26, testMethod = shouldUpdateOwner@AbstractClinicServiceTests, testException = [null], mergedContextConfiguration = [WebMergedContextConfiguration@2a65729c testClass = ClinicServiceJpaTests, locations = '{}', classes = '{class org.springframework.samples.petclinic.PetClinicApplication}', contextInitializerClasses = '[]', activeProfiles = '{jpa, hsqldb}', propertySourceLocations = '{}', propertySourceProperties = '{org.springframework.boot.test.context.SpringBootTestContextBootstrapper=true}', contextCustomizers = set[org.springframework.boot.test.autoconfigure.properties.PropertyMappingContextCustomizer@0, org.springframework.boot.test.autoconfigure.web.servlet.WebDriverContextCustomizerFactory$Customizer@25ec26ae, org.springframework.boot.test.context.SpringBootTestContextCustomizer@22c55f44, org.springframework.boot.test.context.filter.ExcludeFilterContextCustomizer@4a639ef0, org.springframework.boot.test.json.DuplicateJsonObjectContextCustomizerFactory$DuplicateJsonObjectContextCustomizer@2ac720c8, org.springframework.boot.test.mock.mockito.MockitoContextCustomizer@0], resourceBasePath = 'src/main/webapp', contextLoader = 'org.springframework.boot.test.context.SpringBootContextLoader', parent = [null]]].
INFO  TransactionContext - Began transaction (1) for test context [DefaultTestContext@76834b13 testClass = ClinicServiceJpaTests, testInstance = org.springframework.samples.petclinic.service.clinicService.ClinicServiceJpaTests@29f2c943, testMethod = shouldUpdateVisit@AbstractClinicServiceTests, testException = [null], mergedContextConfiguration = [WebMergedContextConfiguration@2a65729c testClass = ClinicServiceJpaTests, locations = '{}', classes = '{class org.springframework.samples.petclinic.PetClinicApplication}', contextInitializerClasses = '[]', activeProfiles = '{jpa, hsqldb}', propertySourceLocations = '{}', propertySourceProperties = '{org.springframework.boot.test.context.SpringBootTestContextBootstrapper=true}', contextCustomizers = set[org.springframework.boot.test.autoconfigure.properties.PropertyMappingContextCustomizer@0, org.springframework.boot.test.autoconfigure.web.servlet.WebDriverContextCustomizerFactory$Customizer@25ec26ae, org.springframework.boot.test.context.SpringBootTestContextCustomizer@22c55f44, org.springframework.boot.test.context.filter.ExcludeFilterContextCustomizer@4a639ef0, org.springframework.boot.test.json.DuplicateJsonObjectContextCustomizerFactory$DuplicateJsonObjectContextCustomizer@2ac720c8, org.springframework.boot.test.mock.mockito.MockitoContextCustomizer@0], resourceBasePath = 'src/main/webapp', contextLoader = 'org.springframework.boot.test.context.SpringBootContextLoader', parent = [null]]]; transaction manager [org.springframework.orm.jpa.JpaTransactionManager@561d3dcb]; rollback [true]
INFO  TransactionContext - Rolled back transaction for test context [DefaultTestContext@76834b13 testClass = ClinicServiceJpaTests, testInstance = org.springframework.samples.petclinic.service.clinicService.ClinicServiceJpaTests@29f2c943, testMethod = shouldUpdateVisit@AbstractClinicServiceTests, testException = [null], mergedContextConfiguration = [WebMergedContextConfiguration@2a65729c testClass = ClinicServiceJpaTests, locations = '{}', classes = '{class org.springframework.samples.petclinic.PetClinicApplication}', contextInitializerClasses = '[]', activeProfiles = '{jpa, hsqldb}', propertySourceLocations = '{}', propertySourceProperties = '{org.springframework.boot.test.context.SpringBootTestContextBootstrapper=true}', contextCustomizers = set[org.springframework.boot.test.autoconfigure.properties.PropertyMappingContextCustomizer@0, org.springframework.boot.test.autoconfigure.web.servlet.WebDriverContextCustomizerFactory$Customizer@25ec26ae, org.springframework.boot.test.context.SpringBootTestContextCustomizer@22c55f44, org.springframework.boot.test.context.filter.ExcludeFilterContextCustomizer@4a639ef0, org.springframework.boot.test.json.DuplicateJsonObjectContextCustomizerFactory$DuplicateJsonObjectContextCustomizer@2ac720c8, org.springframework.boot.test.mock.mockito.MockitoContextCustomizer@0], resourceBasePath = 'src/main/webapp', contextLoader = 'org.springframework.boot.test.context.SpringBootContextLoader', parent = [null]]].
INFO  TransactionContext - Began transaction (1) for test context [DefaultTestContext@76834b13 testClass = ClinicServiceJpaTests, testInstance = org.springframework.samples.petclinic.service.clinicService.ClinicServiceJpaTests@19892d6d, testMethod = shouldInsertPetIntoDatabaseAndGenerateId@AbstractClinicServiceTests, testException = [null], mergedContextConfiguration = [WebMergedContextConfiguration@2a65729c testClass = ClinicServiceJpaTests, locations = '{}', classes = '{class org.springframework.samples.petclinic.PetClinicApplication}', contextInitializerClasses = '[]', activeProfiles = '{jpa, hsqldb}', propertySourceLocations = '{}', propertySourceProperties = '{org.springframework.boot.test.context.SpringBootTestContextBootstrapper=true}', contextCustomizers = set[org.springframework.boot.test.autoconfigure.properties.PropertyMappingContextCustomizer@0, org.springframework.boot.test.autoconfigure.web.servlet.WebDriverContextCustomizerFactory$Customizer@25ec26ae, org.springframework.boot.test.context.SpringBootTestContextCustomizer@22c55f44, org.springframework.boot.test.context.filter.ExcludeFilterContextCustomizer@4a639ef0, org.springframework.boot.test.json.DuplicateJsonObjectContextCustomizerFactory$DuplicateJsonObjectContextCustomizer@2ac720c8, org.springframework.boot.test.mock.mockito.MockitoContextCustomizer@0], resourceBasePath = 'src/main/webapp', contextLoader = 'org.springframework.boot.test.context.SpringBootContextLoader', parent = [null]]]; transaction manager [org.springframework.orm.jpa.JpaTransactionManager@561d3dcb]; rollback [true]
INFO  TransactionContext - Rolled back transaction for test context [DefaultTestContext@76834b13 testClass = ClinicServiceJpaTests, testInstance = org.springframework.samples.petclinic.service.clinicService.ClinicServiceJpaTests@19892d6d, testMethod = shouldInsertPetIntoDatabaseAndGenerateId@AbstractClinicServiceTests, testException = [null], mergedContextConfiguration = [WebMergedContextConfiguration@2a65729c testClass = ClinicServiceJpaTests, locations = '{}', classes = '{class org.springframework.samples.petclinic.PetClinicApplication}', contextInitializerClasses = '[]', activeProfiles = '{jpa, hsqldb}', propertySourceLocations = '{}', propertySourceProperties = '{org.springframework.boot.test.context.SpringBootTestContextBootstrapper=true}', contextCustomizers = set[org.springframework.boot.test.autoconfigure.properties.PropertyMappingContextCustomizer@0, org.springframework.boot.test.autoconfigure.web.servlet.WebDriverContextCustomizerFactory$Customizer@25ec26ae, org.springframework.boot.test.context.SpringBootTestContextCustomizer@22c55f44, org.springframework.boot.test.context.filter.ExcludeFilterContextCustomizer@4a639ef0, org.springframework.boot.test.json.DuplicateJsonObjectContextCustomizerFactory$DuplicateJsonObjectContextCustomizer@2ac720c8, org.springframework.boot.test.mock.mockito.MockitoContextCustomizer@0], resourceBasePath = 'src/main/webapp', contextLoader = 'org.springframework.boot.test.context.SpringBootContextLoader', parent = [null]]].
INFO  TransactionContext - Began transaction (1) for test context [DefaultTestContext@76834b13 testClass = ClinicServiceJpaTests, testInstance = org.springframework.samples.petclinic.service.clinicService.ClinicServiceJpaTests@1375c11, testMethod = shouldInsertOwner@AbstractClinicServiceTests, testException = [null], mergedContextConfiguration = [WebMergedContextConfiguration@2a65729c testClass = ClinicServiceJpaTests, locations = '{}', classes = '{class org.springframework.samples.petclinic.PetClinicApplication}', contextInitializerClasses = '[]', activeProfiles = '{jpa, hsqldb}', propertySourceLocations = '{}', propertySourceProperties = '{org.springframework.boot.test.context.SpringBootTestContextBootstrapper=true}', contextCustomizers = set[org.springframework.boot.test.autoconfigure.properties.PropertyMappingContextCustomizer@0, org.springframework.boot.test.autoconfigure.web.servlet.WebDriverContextCustomizerFactory$Customizer@25ec26ae, org.springframework.boot.test.context.SpringBootTestContextCustomizer@22c55f44, org.springframework.boot.test.context.filter.ExcludeFilterContextCustomizer@4a639ef0, org.springframework.boot.test.json.DuplicateJsonObjectContextCustomizerFactory$DuplicateJsonObjectContextCustomizer@2ac720c8, org.springframework.boot.test.mock.mockito.MockitoContextCustomizer@0], resourceBasePath = 'src/main/webapp', contextLoader = 'org.springframework.boot.test.context.SpringBootContextLoader', parent = [null]]]; transaction manager [org.springframework.orm.jpa.JpaTransactionManager@561d3dcb]; rollback [true]
INFO  TransactionContext - Rolled back transaction for test context [DefaultTestContext@76834b13 testClass = ClinicServiceJpaTests, testInstance = org.springframework.samples.petclinic.service.clinicService.ClinicServiceJpaTests@1375c11, testMethod = shouldInsertOwner@AbstractClinicServiceTests, testException = [null], mergedContextConfiguration = [WebMergedContextConfiguration@2a65729c testClass = ClinicServiceJpaTests, locations = '{}', classes = '{class org.springframework.samples.petclinic.PetClinicApplication}', contextInitializerClasses = '[]', activeProfiles = '{jpa, hsqldb}', propertySourceLocations = '{}', propertySourceProperties = '{org.springframework.boot.test.context.SpringBootTestContextBootstrapper=true}', contextCustomizers = set[org.springframework.boot.test.autoconfigure.properties.PropertyMappingContextCustomizer@0, org.springframework.boot.test.autoconfigure.web.servlet.WebDriverContextCustomizerFactory$Customizer@25ec26ae, org.springframework.boot.test.context.SpringBootTestContextCustomizer@22c55f44, org.springframework.boot.test.context.filter.ExcludeFilterContextCustomizer@4a639ef0, org.springframework.boot.test.json.DuplicateJsonObjectContextCustomizerFactory$DuplicateJsonObjectContextCustomizer@2ac720c8, org.springframework.boot.test.mock.mockito.MockitoContextCustomizer@0], resourceBasePath = 'src/main/webapp', contextLoader = 'org.springframework.boot.test.context.SpringBootContextLoader', parent = [null]]].
INFO  TransactionContext - Began transaction (1) for test context [DefaultTestContext@76834b13 testClass = ClinicServiceJpaTests, testInstance = org.springframework.samples.petclinic.service.clinicService.ClinicServiceJpaTests@45c93449, testMethod = shouldInsertVisit@AbstractClinicServiceTests, testException = [null], mergedContextConfiguration = [WebMergedContextConfiguration@2a65729c testClass = ClinicServiceJpaTests, locations = '{}', classes = '{class org.springframework.samples.petclinic.PetClinicApplication}', contextInitializerClasses = '[]', activeProfiles = '{jpa, hsqldb}', propertySourceLocations = '{}', propertySourceProperties = '{org.springframework.boot.test.context.SpringBootTestContextBootstrapper=true}', contextCustomizers = set[org.springframework.boot.test.autoconfigure.properties.PropertyMappingContextCustomizer@0, org.springframework.boot.test.autoconfigure.web.servlet.WebDriverContextCustomizerFactory$Customizer@25ec26ae, org.springframework.boot.test.context.SpringBootTestContextCustomizer@22c55f44, org.springframework.boot.test.context.filter.ExcludeFilterContextCustomizer@4a639ef0, org.springframework.boot.test.json.DuplicateJsonObjectContextCustomizerFactory$DuplicateJsonObjectContextCustomizer@2ac720c8, org.springframework.boot.test.mock.mockito.MockitoContextCustomizer@0], resourceBasePath = 'src/main/webapp', contextLoader = 'org.springframework.boot.test.context.SpringBootContextLoader', parent = [null]]]; transaction manager [org.springframework.orm.jpa.JpaTransactionManager@561d3dcb]; rollback [true]
INFO  TransactionContext - Rolled back transaction for test context [DefaultTestContext@76834b13 testClass = ClinicServiceJpaTests, testInstance = org.springframework.samples.petclinic.service.clinicService.ClinicServiceJpaTests@45c93449, testMethod = shouldInsertVisit@AbstractClinicServiceTests, testException = [null], mergedContextConfiguration = [WebMergedContextConfiguration@2a65729c testClass = ClinicServiceJpaTests, locations = '{}', classes = '{class org.springframework.samples.petclinic.PetClinicApplication}', contextInitializerClasses = '[]', activeProfiles = '{jpa, hsqldb}', propertySourceLocations = '{}', propertySourceProperties = '{org.springframework.boot.test.context.SpringBootTestContextBootstrapper=true}', contextCustomizers = set[org.springframework.boot.test.autoconfigure.properties.PropertyMappingContextCustomizer@0, org.springframework.boot.test.autoconfigure.web.servlet.WebDriverContextCustomizerFactory$Customizer@25ec26ae, org.springframework.boot.test.context.SpringBootTestContextCustomizer@22c55f44, org.springframework.boot.test.context.filter.ExcludeFilterContextCustomizer@4a639ef0, org.springframework.boot.test.json.DuplicateJsonObjectContextCustomizerFactory$DuplicateJsonObjectContextCustomizer@2ac720c8, org.springframework.boot.test.mock.mockito.MockitoContextCustomizer@0], resourceBasePath = 'src/main/webapp', contextLoader = 'org.springframework.boot.test.context.SpringBootContextLoader', parent = [null]]].
INFO  TransactionContext - Began transaction (1) for test context [DefaultTestContext@76834b13 testClass = ClinicServiceJpaTests, testInstance = org.springframework.samples.petclinic.service.clinicService.ClinicServiceJpaTests@67737e7, testMethod = shouldUpdatePetName@AbstractClinicServiceTests, testException = [null], mergedContextConfiguration = [WebMergedContextConfiguration@2a65729c testClass = ClinicServiceJpaTests, locations = '{}', classes = '{class org.springframework.samples.petclinic.PetClinicApplication}', contextInitializerClasses = '[]', activeProfiles = '{jpa, hsqldb}', propertySourceLocations = '{}', propertySourceProperties = '{org.springframework.boot.test.context.SpringBootTestContextBootstrapper=true}', contextCustomizers = set[org.springframework.boot.test.autoconfigure.properties.PropertyMappingContextCustomizer@0, org.springframework.boot.test.autoconfigure.web.servlet.WebDriverContextCustomizerFactory$Customizer@25ec26ae, org.springframework.boot.test.context.SpringBootTestContextCustomizer@22c55f44, org.springframework.boot.test.context.filter.ExcludeFilterContextCustomizer@4a639ef0, org.springframework.boot.test.json.DuplicateJsonObjectContextCustomizerFactory$DuplicateJsonObjectContextCustomizer@2ac720c8, org.springframework.boot.test.mock.mockito.MockitoContextCustomizer@0], resourceBasePath = 'src/main/webapp', contextLoader = 'org.springframework.boot.test.context.SpringBootContextLoader', parent = [null]]]; transaction manager [org.springframework.orm.jpa.JpaTransactionManager@561d3dcb]; rollback [true]
INFO  TransactionContext - Rolled back transaction for test context [DefaultTestContext@76834b13 testClass = ClinicServiceJpaTests, testInstance = org.springframework.samples.petclinic.service.clinicService.ClinicServiceJpaTests@67737e7, testMethod = shouldUpdatePetName@AbstractClinicServiceTests, testException = [null], mergedContextConfiguration = [WebMergedContextConfiguration@2a65729c testClass = ClinicServiceJpaTests, locations = '{}', classes = '{class org.springframework.samples.petclinic.PetClinicApplication}', contextInitializerClasses = '[]', activeProfiles = '{jpa, hsqldb}', propertySourceLocations = '{}', propertySourceProperties = '{org.springframework.boot.test.context.SpringBootTestContextBootstrapper=true}', contextCustomizers = set[org.springframework.boot.test.autoconfigure.properties.PropertyMappingContextCustomizer@0, org.springframework.boot.test.autoconfigure.web.servlet.WebDriverContextCustomizerFactory$Customizer@25ec26ae, org.springframework.boot.test.context.SpringBootTestContextCustomizer@22c55f44, org.springframework.boot.test.context.filter.ExcludeFilterContextCustomizer@4a639ef0, org.springframework.boot.test.json.DuplicateJsonObjectContextCustomizerFactory$DuplicateJsonObjectContextCustomizer@2ac720c8, org.springframework.boot.test.mock.mockito.MockitoContextCustomizer@0], resourceBasePath = 'src/main/webapp', contextLoader = 'org.springframework.boot.test.context.SpringBootContextLoader', parent = [null]]].
INFO  TransactionContext - Began transaction (1) for test context [DefaultTestContext@76834b13 testClass = ClinicServiceJpaTests, testInstance = org.springframework.samples.petclinic.service.clinicService.ClinicServiceJpaTests@5ff5989f, testMethod = shouldUpdatePetType@AbstractClinicServiceTests, testException = [null], mergedContextConfiguration = [WebMergedContextConfiguration@2a65729c testClass = ClinicServiceJpaTests, locations = '{}', classes = '{class org.springframework.samples.petclinic.PetClinicApplication}', contextInitializerClasses = '[]', activeProfiles = '{jpa, hsqldb}', propertySourceLocations = '{}', propertySourceProperties = '{org.springframework.boot.test.context.SpringBootTestContextBootstrapper=true}', contextCustomizers = set[org.springframework.boot.test.autoconfigure.properties.PropertyMappingContextCustomizer@0, org.springframework.boot.test.autoconfigure.web.servlet.WebDriverContextCustomizerFactory$Customizer@25ec26ae, org.springframework.boot.test.context.SpringBootTestContextCustomizer@22c55f44, org.springframework.boot.test.context.filter.ExcludeFilterContextCustomizer@4a639ef0, org.springframework.boot.test.json.DuplicateJsonObjectContextCustomizerFactory$DuplicateJsonObjectContextCustomizer@2ac720c8, org.springframework.boot.test.mock.mockito.MockitoContextCustomizer@0], resourceBasePath = 'src/main/webapp', contextLoader = 'org.springframework.boot.test.context.SpringBootContextLoader', parent = [null]]]; transaction manager [org.springframework.orm.jpa.JpaTransactionManager@561d3dcb]; rollback [true]
INFO  TransactionContext - Rolled back transaction for test context [DefaultTestContext@76834b13 testClass = ClinicServiceJpaTests, testInstance = org.springframework.samples.petclinic.service.clinicService.ClinicServiceJpaTests@5ff5989f, testMethod = shouldUpdatePetType@AbstractClinicServiceTests, testException = [null], mergedContextConfiguration = [WebMergedContextConfiguration@2a65729c testClass = ClinicServiceJpaTests, locations = '{}', classes = '{class org.springframework.samples.petclinic.PetClinicApplication}', contextInitializerClasses = '[]', activeProfiles = '{jpa, hsqldb}', propertySourceLocations = '{}', propertySourceProperties = '{org.springframework.boot.test.context.SpringBootTestContextBootstrapper=true}', contextCustomizers = set[org.springframework.boot.test.autoconfigure.properties.PropertyMappingContextCustomizer@0, org.springframework.boot.test.autoconfigure.web.servlet.WebDriverContextCustomizerFactory$Customizer@25ec26ae, org.springframework.boot.test.context.SpringBootTestContextCustomizer@22c55f44, org.springframework.boot.test.context.filter.ExcludeFilterContextCustomizer@4a639ef0, org.springframework.boot.test.json.DuplicateJsonObjectContextCustomizerFactory$DuplicateJsonObjectContextCustomizer@2ac720c8, org.springframework.boot.test.mock.mockito.MockitoContextCustomizer@0], resourceBasePath = 'src/main/webapp', contextLoader = 'org.springframework.boot.test.context.SpringBootContextLoader', parent = [null]]].
INFO  TransactionContext - Began transaction (1) for test context [DefaultTestContext@76834b13 testClass = ClinicServiceJpaTests, testInstance = org.springframework.samples.petclinic.service.clinicService.ClinicServiceJpaTests@3512024f, testMethod = shouldUpdateVet@AbstractClinicServiceTests, testException = [null], mergedContextConfiguration = [WebMergedContextConfiguration@2a65729c testClass = ClinicServiceJpaTests, locations = '{}', classes = '{class org.springframework.samples.petclinic.PetClinicApplication}', contextInitializerClasses = '[]', activeProfiles = '{jpa, hsqldb}', propertySourceLocations = '{}', propertySourceProperties = '{org.springframework.boot.test.context.SpringBootTestContextBootstrapper=true}', contextCustomizers = set[org.springframework.boot.test.autoconfigure.properties.PropertyMappingContextCustomizer@0, org.springframework.boot.test.autoconfigure.web.servlet.WebDriverContextCustomizerFactory$Customizer@25ec26ae, org.springframework.boot.test.context.SpringBootTestContextCustomizer@22c55f44, org.springframework.boot.test.context.filter.ExcludeFilterContextCustomizer@4a639ef0, org.springframework.boot.test.json.DuplicateJsonObjectContextCustomizerFactory$DuplicateJsonObjectContextCustomizer@2ac720c8, org.springframework.boot.test.mock.mockito.MockitoContextCustomizer@0], resourceBasePath = 'src/main/webapp', contextLoader = 'org.springframework.boot.test.context.SpringBootContextLoader', parent = [null]]]; transaction manager [org.springframework.orm.jpa.JpaTransactionManager@561d3dcb]; rollback [true]
INFO  TransactionContext - Rolled back transaction for test context [DefaultTestContext@76834b13 testClass = ClinicServiceJpaTests, testInstance = org.springframework.samples.petclinic.service.clinicService.ClinicServiceJpaTests@3512024f, testMethod = shouldUpdateVet@AbstractClinicServiceTests, testException = [null], mergedContextConfiguration = [WebMergedContextConfiguration@2a65729c testClass = ClinicServiceJpaTests, locations = '{}', classes = '{class org.springframework.samples.petclinic.PetClinicApplication}', contextInitializerClasses = '[]', activeProfiles = '{jpa, hsqldb}', propertySourceLocations = '{}', propertySourceProperties = '{org.springframework.boot.test.context.SpringBootTestContextBootstrapper=true}', contextCustomizers = set[org.springframework.boot.test.autoconfigure.properties.PropertyMappingContextCustomizer@0, org.springframework.boot.test.autoconfigure.web.servlet.WebDriverContextCustomizerFactory$Customizer@25ec26ae, org.springframework.boot.test.context.SpringBootTestContextCustomizer@22c55f44, org.springframework.boot.test.context.filter.ExcludeFilterContextCustomizer@4a639ef0, org.springframework.boot.test.json.DuplicateJsonObjectContextCustomizerFactory$DuplicateJsonObjectContextCustomizer@2ac720c8, org.springframework.boot.test.mock.mockito.MockitoContextCustomizer@0], resourceBasePath = 'src/main/webapp', contextLoader = 'org.springframework.boot.test.context.SpringBootContextLoader', parent = [null]]].
INFO  TransactionContext - Began transaction (1) for test context [DefaultTestContext@76834b13 testClass = ClinicServiceJpaTests, testInstance = org.springframework.samples.petclinic.service.clinicService.ClinicServiceJpaTests@124a7ee, testMethod = shouldInsertPetType@AbstractClinicServiceTests, testException = [null], mergedContextConfiguration = [WebMergedContextConfiguration@2a65729c testClass = ClinicServiceJpaTests, locations = '{}', classes = '{class org.springframework.samples.petclinic.PetClinicApplication}', contextInitializerClasses = '[]', activeProfiles = '{jpa, hsqldb}', propertySourceLocations = '{}', propertySourceProperties = '{org.springframework.boot.test.context.SpringBootTestContextBootstrapper=true}', contextCustomizers = set[org.springframework.boot.test.autoconfigure.properties.PropertyMappingContextCustomizer@0, org.springframework.boot.test.autoconfigure.web.servlet.WebDriverContextCustomizerFactory$Customizer@25ec26ae, org.springframework.boot.test.context.SpringBootTestContextCustomizer@22c55f44, org.springframework.boot.test.context.filter.ExcludeFilterContextCustomizer@4a639ef0, org.springframework.boot.test.json.DuplicateJsonObjectContextCustomizerFactory$DuplicateJsonObjectContextCustomizer@2ac720c8, org.springframework.boot.test.mock.mockito.MockitoContextCustomizer@0], resourceBasePath = 'src/main/webapp', contextLoader = 'org.springframework.boot.test.context.SpringBootContextLoader', parent = [null]]]; transaction manager [org.springframework.orm.jpa.JpaTransactionManager@561d3dcb]; rollback [true]
INFO  TransactionContext - Rolled back transaction for test context [DefaultTestContext@76834b13 testClass = ClinicServiceJpaTests, testInstance = org.springframework.samples.petclinic.service.clinicService.ClinicServiceJpaTests@124a7ee, testMethod = shouldInsertPetType@AbstractClinicServiceTests, testException = [null], mergedContextConfiguration = [WebMergedContextConfiguration@2a65729c testClass = ClinicServiceJpaTests, locations = '{}', classes = '{class org.springframework.samples.petclinic.PetClinicApplication}', contextInitializerClasses = '[]', activeProfiles = '{jpa, hsqldb}', propertySourceLocations = '{}', propertySourceProperties = '{org.springframework.boot.test.context.SpringBootTestContextBootstrapper=true}', contextCustomizers = set[org.springframework.boot.test.autoconfigure.properties.PropertyMappingContextCustomizer@0, org.springframework.boot.test.autoconfigure.web.servlet.WebDriverContextCustomizerFactory$Customizer@25ec26ae, org.springframework.boot.test.context.SpringBootTestContextCustomizer@22c55f44, org.springframework.boot.test.context.filter.ExcludeFilterContextCustomizer@4a639ef0, org.springframework.boot.test.json.DuplicateJsonObjectContextCustomizerFactory$DuplicateJsonObjectContextCustomizer@2ac720c8, org.springframework.boot.test.mock.mockito.MockitoContextCustomizer@0], resourceBasePath = 'src/main/webapp', contextLoader = 'org.springframework.boot.test.context.SpringBootContextLoader', parent = [null]]].
INFO  TransactionContext - Began transaction (1) for test context [DefaultTestContext@76834b13 testClass = ClinicServiceJpaTests, testInstance = org.springframework.samples.petclinic.service.clinicService.ClinicServiceJpaTests@25df1354, testMethod = shouldDeletePetType@AbstractClinicServiceTests, testException = [null], mergedContextConfiguration = [WebMergedContextConfiguration@2a65729c testClass = ClinicServiceJpaTests, locations = '{}', classes = '{class org.springframework.samples.petclinic.PetClinicApplication}', contextInitializerClasses = '[]', activeProfiles = '{jpa, hsqldb}', propertySourceLocations = '{}', propertySourceProperties = '{org.springframework.boot.test.context.SpringBootTestContextBootstrapper=true}', contextCustomizers = set[org.springframework.boot.test.autoconfigure.properties.PropertyMappingContextCustomizer@0, org.springframework.boot.test.autoconfigure.web.servlet.WebDriverContextCustomizerFactory$Customizer@25ec26ae, org.springframework.boot.test.context.SpringBootTestContextCustomizer@22c55f44, org.springframework.boot.test.context.filter.ExcludeFilterContextCustomizer@4a639ef0, org.springframework.boot.test.json.DuplicateJsonObjectContextCustomizerFactory$DuplicateJsonObjectContextCustomizer@2ac720c8, org.springframework.boot.test.mock.mockito.MockitoContextCustomizer@0], resourceBasePath = 'src/main/webapp', contextLoader = 'org.springframework.boot.test.context.SpringBootContextLoader', parent = [null]]]; transaction manager [org.springframework.orm.jpa.JpaTransactionManager@561d3dcb]; rollback [true]
INFO  TransactionContext - Rolled back transaction for test context [DefaultTestContext@76834b13 testClass = ClinicServiceJpaTests, testInstance = org.springframework.samples.petclinic.service.clinicService.ClinicServiceJpaTests@25df1354, testMethod = shouldDeletePetType@AbstractClinicServiceTests, testException = [null], mergedContextConfiguration = [WebMergedContextConfiguration@2a65729c testClass = ClinicServiceJpaTests, locations = '{}', classes = '{class org.springframework.samples.petclinic.PetClinicApplication}', contextInitializerClasses = '[]', activeProfiles = '{jpa, hsqldb}', propertySourceLocations = '{}', propertySourceProperties = '{org.springframework.boot.test.context.SpringBootTestContextBootstrapper=true}', contextCustomizers = set[org.springframework.boot.test.autoconfigure.properties.PropertyMappingContextCustomizer@0, org.springframework.boot.test.autoconfigure.web.servlet.WebDriverContextCustomizerFactory$Customizer@25ec26ae, org.springframework.boot.test.context.SpringBootTestContextCustomizer@22c55f44, org.springframework.boot.test.context.filter.ExcludeFilterContextCustomizer@4a639ef0, org.springframework.boot.test.json.DuplicateJsonObjectContextCustomizerFactory$DuplicateJsonObjectContextCustomizer@2ac720c8, org.springframework.boot.test.mock.mockito.MockitoContextCustomizer@0], resourceBasePath = 'src/main/webapp', contextLoader = 'org.springframework.boot.test.context.SpringBootContextLoader', parent = [null]]].
INFO  TransactionContext - Began transaction (1) for test context [DefaultTestContext@76834b13 testClass = ClinicServiceJpaTests, testInstance = org.springframework.samples.petclinic.service.clinicService.ClinicServiceJpaTests@369fc8c8, testMethod = shouldDeleteSpecialty@AbstractClinicServiceTests, testException = [null], mergedContextConfiguration = [WebMergedContextConfiguration@2a65729c testClass = ClinicServiceJpaTests, locations = '{}', classes = '{class org.springframework.samples.petclinic.PetClinicApplication}', contextInitializerClasses = '[]', activeProfiles = '{jpa, hsqldb}', propertySourceLocations = '{}', propertySourceProperties = '{org.springframework.boot.test.context.SpringBootTestContextBootstrapper=true}', contextCustomizers = set[org.springframework.boot.test.autoconfigure.properties.PropertyMappingContextCustomizer@0, org.springframework.boot.test.autoconfigure.web.servlet.WebDriverContextCustomizerFactory$Customizer@25ec26ae, org.springframework.boot.test.context.SpringBootTestContextCustomizer@22c55f44, org.springframework.boot.test.context.filter.ExcludeFilterContextCustomizer@4a639ef0, org.springframework.boot.test.json.DuplicateJsonObjectContextCustomizerFactory$DuplicateJsonObjectContextCustomizer@2ac720c8, org.springframework.boot.test.mock.mockito.MockitoContextCustomizer@0], resourceBasePath = 'src/main/webapp', contextLoader = 'org.springframework.boot.test.context.SpringBootContextLoader', parent = [null]]]; transaction manager [org.springframework.orm.jpa.JpaTransactionManager@561d3dcb]; rollback [true]
INFO  TransactionContext - Rolled back transaction for test context [DefaultTestContext@76834b13 testClass = ClinicServiceJpaTests, testInstance = org.springframework.samples.petclinic.service.clinicService.ClinicServiceJpaTests@369fc8c8, testMethod = shouldDeleteSpecialty@AbstractClinicServiceTests, testException = [null], mergedContextConfiguration = [WebMergedContextConfiguration@2a65729c testClass = ClinicServiceJpaTests, locations = '{}', classes = '{class org.springframework.samples.petclinic.PetClinicApplication}', contextInitializerClasses = '[]', activeProfiles = '{jpa, hsqldb}', propertySourceLocations = '{}', propertySourceProperties = '{org.springframework.boot.test.context.SpringBootTestContextBootstrapper=true}', contextCustomizers = set[org.springframework.boot.test.autoconfigure.properties.PropertyMappingContextCustomizer@0, org.springframework.boot.test.autoconfigure.web.servlet.WebDriverContextCustomizerFactory$Customizer@25ec26ae, org.springframework.boot.test.context.SpringBootTestContextCustomizer@22c55f44, org.springframework.boot.test.context.filter.ExcludeFilterContextCustomizer@4a639ef0, org.springframework.boot.test.json.DuplicateJsonObjectContextCustomizerFactory$DuplicateJsonObjectContextCustomizer@2ac720c8, org.springframework.boot.test.mock.mockito.MockitoContextCustomizer@0], resourceBasePath = 'src/main/webapp', contextLoader = 'org.springframework.boot.test.context.SpringBootContextLoader', parent = [null]]].
]]></system-out>
  <system-err><![CDATA[]]></system-err>
</testsuite>
