<?xml version="1.0" encoding="UTF-8"?>
<testsuite name="org.springframework.samples.petclinic.service.clinicService.ClinicServiceSpringDataJpaTests" tests="33" skipped="0" failures="0" errors="0" timestamp="2019-03-05T14:43:22" hostname="ky-laptop" time="0.307">
  <properties/>
  <testcase name="shouldFindAllOwners" classname="org.springframework.samples.petclinic.service.clinicService.ClinicServiceSpringDataJpaTests" time="0.019"/>
  <testcase name="shouldFindPetTypeById" classname="org.springframework.samples.petclinic.service.clinicService.ClinicServiceSpringDataJpaTests" time="0.008"/>
  <testcase name="shouldUpdateSpecialty" classname="org.springframework.samples.petclinic.service.clinicService.ClinicServiceSpringDataJpaTests" time="0.01"/>
  <testcase name="shouldFindVets" classname="org.springframework.samples.petclinic.service.clinicService.ClinicServiceSpringDataJpaTests" time="0.008"/>
  <testcase name="shouldFindAllVisits" classname="org.springframework.samples.petclinic.service.clinicService.ClinicServiceSpringDataJpaTests" time="0.01"/>
  <testcase name="shouldFindOwnersByLastName" classname="org.springframework.samples.petclinic.service.clinicService.ClinicServiceSpringDataJpaTests" time="0.009"/>
  <testcase name="shouldInsertVet" classname="org.springframework.samples.petclinic.service.clinicService.ClinicServiceSpringDataJpaTests" time="0.01"/>
  <testcase name="shouldDeletePet" classname="org.springframework.samples.petclinic.service.clinicService.ClinicServiceSpringDataJpaTests" time="0.013"/>
  <testcase name="shouldDeleteVet" classname="org.springframework.samples.petclinic.service.clinicService.ClinicServiceSpringDataJpaTests" time="0.008"/>
  <testcase name="shouldDeleteOwner" classname="org.springframework.samples.petclinic.service.clinicService.ClinicServiceSpringDataJpaTests" time="0.007"/>
  <testcase name="shouldDeleteVisit" classname="org.springframework.samples.petclinic.service.clinicService.ClinicServiceSpringDataJpaTests" time="0.01"/>
  <testcase name="shouldInsertSpecialty" classname="org.springframework.samples.petclinic.service.clinicService.ClinicServiceSpringDataJpaTests" time="0.007"/>
  <testcase name="shouldAddNewVisitForPet" classname="org.springframework.samples.petclinic.service.clinicService.ClinicServiceSpringDataJpaTests" time="0.01"/>
  <testcase name="shouldUpdateOwner" classname="org.springframework.samples.petclinic.service.clinicService.ClinicServiceSpringDataJpaTests" time="0.007"/>
  <testcase name="shouldFindVisitsByPetId" classname="org.springframework.samples.petclinic.service.clinicService.ClinicServiceSpringDataJpaTests" time="0.007"/>
  <testcase name="shouldUpdateVisit" classname="org.springframework.samples.petclinic.service.clinicService.ClinicServiceSpringDataJpaTests" time="0.013"/>
  <testcase name="shouldInsertPetIntoDatabaseAndGenerateId" classname="org.springframework.samples.petclinic.service.clinicService.ClinicServiceSpringDataJpaTests" time="0.013"/>
  <testcase name="shouldInsertOwner" classname="org.springframework.samples.petclinic.service.clinicService.ClinicServiceSpringDataJpaTests" time="0.007"/>
  <testcase name="shouldInsertVisit" classname="org.springframework.samples.petclinic.service.clinicService.ClinicServiceSpringDataJpaTests" time="0.01"/>
  <testcase name="shouldFindAllPets" classname="org.springframework.samples.petclinic.service.clinicService.ClinicServiceSpringDataJpaTests" time="0.013"/>
  <testcase name="shouldFindSingleOwnerWithPet" classname="org.springframework.samples.petclinic.service.clinicService.ClinicServiceSpringDataJpaTests" time="0.004"/>
  <testcase name="shouldFindAllSpecialtys" classname="org.springframework.samples.petclinic.service.clinicService.ClinicServiceSpringDataJpaTests" time="0.003"/>
  <testcase name="shouldUpdatePetName" classname="org.springframework.samples.petclinic.service.clinicService.ClinicServiceSpringDataJpaTests" time="0.008"/>
  <testcase name="shouldUpdatePetType" classname="org.springframework.samples.petclinic.service.clinicService.ClinicServiceSpringDataJpaTests" time="0.008"/>
  <testcase name="shouldFindVisitDyId" classname="org.springframework.samples.petclinic.service.clinicService.ClinicServiceSpringDataJpaTests" time="0.006"/>
  <testcase name="shouldFindAllPetTypes" classname="org.springframework.samples.petclinic.service.clinicService.ClinicServiceSpringDataJpaTests" time="0.004"/>
  <testcase name="shouldUpdateVet" classname="org.springframework.samples.petclinic.service.clinicService.ClinicServiceSpringDataJpaTests" time="0.008"/>
  <testcase name="shouldFindVetDyId" classname="org.springframework.samples.petclinic.service.clinicService.ClinicServiceSpringDataJpaTests" time="0.006"/>
  <testcase name="shouldInsertPetType" classname="org.springframework.samples.petclinic.service.clinicService.ClinicServiceSpringDataJpaTests" time="0.006"/>
  <testcase name="shouldDeletePetType" classname="org.springframework.samples.petclinic.service.clinicService.ClinicServiceSpringDataJpaTests" time="0.022"/>
  <testcase name="shouldFindPetWithCorrectId" classname="org.springframework.samples.petclinic.service.clinicService.ClinicServiceSpringDataJpaTests" time="0.005"/>
  <testcase name="shouldFindSpecialtyById" classname="org.springframework.samples.petclinic.service.clinicService.ClinicServiceSpringDataJpaTests" time="0.003"/>
  <testcase name="shouldDeleteSpecialty" classname="org.springframework.samples.petclinic.service.clinicService.ClinicServiceSpringDataJpaTests" time="0.006"/>
  <system-out><![CDATA[INFO  SpringBootTestContextBootstrapper - Neither @ContextConfiguration nor @ContextHierarchy found for test class [org.springframework.samples.petclinic.service.clinicService.ClinicServiceSpringDataJpaTests], using SpringBootContextLoader
INFO  AbstractContextLoader - Could not detect default resource locations for test class [org.springframework.samples.petclinic.service.clinicService.ClinicServiceSpringDataJpaTests]: no resource found for suffixes {-context.xml, Context.groovy}.
INFO  AnnotationConfigContextLoaderUtils - Could not detect default configuration classes for test class [org.springframework.samples.petclinic.service.clinicService.ClinicServiceSpringDataJpaTests]: ClinicServiceSpringDataJpaTests does not declare any static, non-private, non-final, nested classes annotated with @Configuration.
INFO  SpringBootTestContextBootstrapper - Found @SpringBootConfiguration org.springframework.samples.petclinic.PetClinicApplication for test class org.springframework.samples.petclinic.service.clinicService.ClinicServiceSpringDataJpaTests
INFO  SpringBootTestContextBootstrapper - Loaded default TestExecutionListener class names from location [META-INF/spring.factories]: [org.springframework.security.test.context.support.WithSecurityContextTestExecutionListener, org.springframework.boot.test.autoconfigure.restdocs.RestDocsTestExecutionListener, org.springframework.boot.test.autoconfigure.web.client.MockRestServiceServerResetTestExecutionListener, org.springframework.boot.test.autoconfigure.web.servlet.MockMvcPrintOnlyOnFailureTestExecutionListener, org.springframework.boot.test.autoconfigure.web.servlet.WebDriverTestExecutionListener, org.springframework.boot.test.mock.mockito.MockitoTestExecutionListener, org.springframework.boot.test.mock.mockito.ResetMocksTestExecutionListener, org.springframework.test.context.web.ServletTestExecutionListener, org.springframework.test.context.support.DirtiesContextBeforeModesTestExecutionListener, org.springframework.test.context.support.DependencyInjectionTestExecutionListener, org.springframework.test.context.support.DirtiesContextTestExecutionListener, org.springframework.test.context.transaction.TransactionalTestExecutionListener, org.springframework.test.context.jdbc.SqlScriptsTestExecutionListener]
INFO  SpringBootTestContextBootstrapper - Using TestExecutionListeners: [org.springframework.test.context.web.ServletTestExecutionListener@307f3d86, org.springframework.test.context.support.DirtiesContextBeforeModesTestExecutionListener@372f8164, org.springframework.boot.test.autoconfigure.SpringBootDependencyInjectionTestExecutionListener@39b3170a, org.springframework.test.context.support.DirtiesContextTestExecutionListener@1d9afcd1, org.springframework.test.context.transaction.TransactionalTestExecutionListener@544071e9, org.springframework.test.context.jdbc.SqlScriptsTestExecutionListener@1fafeea4, org.springframework.security.test.context.support.WithSecurityContextTestExecutionListener@3e85a11c, org.springframework.boot.test.autoconfigure.web.client.MockRestServiceServerResetTestExecutionListener@74b3ae69, org.springframework.boot.test.autoconfigure.web.servlet.WebDriverTestExecutionListener@23ab562f, org.springframework.boot.test.mock.mockito.ResetMocksTestExecutionListener@43115630, org.springframework.boot.test.autoconfigure.restdocs.RestDocsTestExecutionListener@508f820f, org.springframework.boot.test.autoconfigure.web.servlet.MockMvcPrintOnlyOnFailureTestExecutionListener@39a6be91, org.springframework.boot.test.mock.mockito.MockitoTestExecutionListener@40458da4]
INFO  TransactionContext - Began transaction (1) for test context [DefaultTestContext@4a1d4f80 testClass = ClinicServiceSpringDataJpaTests, testInstance = org.springframework.samples.petclinic.service.clinicService.ClinicServiceSpringDataJpaTests@41c67f85, testMethod = shouldUpdateSpecialty@AbstractClinicServiceTests, testException = [null], mergedContextConfiguration = [WebMergedContextConfiguration@9ace34a testClass = ClinicServiceSpringDataJpaTests, locations = '{}', classes = '{class org.springframework.samples.petclinic.PetClinicApplication}', contextInitializerClasses = '[]', activeProfiles = '{spring-data-jpa, hsqldb}', propertySourceLocations = '{}', propertySourceProperties = '{org.springframework.boot.test.context.SpringBootTestContextBootstrapper=true}', contextCustomizers = set[org.springframework.boot.test.autoconfigure.properties.PropertyMappingContextCustomizer@0, org.springframework.boot.test.autoconfigure.web.servlet.WebDriverContextCustomizerFactory$Customizer@25ec26ae, org.springframework.boot.test.context.SpringBootTestContextCustomizer@22c55f44, org.springframework.boot.test.context.filter.ExcludeFilterContextCustomizer@4a639ef0, org.springframework.boot.test.json.DuplicateJsonObjectContextCustomizerFactory$DuplicateJsonObjectContextCustomizer@2ac720c8, org.springframework.boot.test.mock.mockito.MockitoContextCustomizer@0], resourceBasePath = 'src/main/webapp', contextLoader = 'org.springframework.boot.test.context.SpringBootContextLoader', parent = [null]]]; transaction manager [org.springframework.orm.jpa.JpaTransactionManager@60e350a4]; rollback [true]
INFO  TransactionContext - Rolled back transaction for test context [DefaultTestContext@4a1d4f80 testClass = ClinicServiceSpringDataJpaTests, testInstance = org.springframework.samples.petclinic.service.clinicService.ClinicServiceSpringDataJpaTests@41c67f85, testMethod = shouldUpdateSpecialty@AbstractClinicServiceTests, testException = [null], mergedContextConfiguration = [WebMergedContextConfiguration@9ace34a testClass = ClinicServiceSpringDataJpaTests, locations = '{}', classes = '{class org.springframework.samples.petclinic.PetClinicApplication}', contextInitializerClasses = '[]', activeProfiles = '{spring-data-jpa, hsqldb}', propertySourceLocations = '{}', propertySourceProperties = '{org.springframework.boot.test.context.SpringBootTestContextBootstrapper=true}', contextCustomizers = set[org.springframework.boot.test.autoconfigure.properties.PropertyMappingContextCustomizer@0, org.springframework.boot.test.autoconfigure.web.servlet.WebDriverContextCustomizerFactory$Customizer@25ec26ae, org.springframework.boot.test.context.SpringBootTestContextCustomizer@22c55f44, org.springframework.boot.test.context.filter.ExcludeFilterContextCustomizer@4a639ef0, org.springframework.boot.test.json.DuplicateJsonObjectContextCustomizerFactory$DuplicateJsonObjectContextCustomizer@2ac720c8, org.springframework.boot.test.mock.mockito.MockitoContextCustomizer@0], resourceBasePath = 'src/main/webapp', contextLoader = 'org.springframework.boot.test.context.SpringBootContextLoader', parent = [null]]].
INFO  TransactionContext - Began transaction (1) for test context [DefaultTestContext@4a1d4f80 testClass = ClinicServiceSpringDataJpaTests, testInstance = org.springframework.samples.petclinic.service.clinicService.ClinicServiceSpringDataJpaTests@24953a24, testMethod = shouldInsertVet@AbstractClinicServiceTests, testException = [null], mergedContextConfiguration = [WebMergedContextConfiguration@9ace34a testClass = ClinicServiceSpringDataJpaTests, locations = '{}', classes = '{class org.springframework.samples.petclinic.PetClinicApplication}', contextInitializerClasses = '[]', activeProfiles = '{spring-data-jpa, hsqldb}', propertySourceLocations = '{}', propertySourceProperties = '{org.springframework.boot.test.context.SpringBootTestContextBootstrapper=true}', contextCustomizers = set[org.springframework.boot.test.autoconfigure.properties.PropertyMappingContextCustomizer@0, org.springframework.boot.test.autoconfigure.web.servlet.WebDriverContextCustomizerFactory$Customizer@25ec26ae, org.springframework.boot.test.context.SpringBootTestContextCustomizer@22c55f44, org.springframework.boot.test.context.filter.ExcludeFilterContextCustomizer@4a639ef0, org.springframework.boot.test.json.DuplicateJsonObjectContextCustomizerFactory$DuplicateJsonObjectContextCustomizer@2ac720c8, org.springframework.boot.test.mock.mockito.MockitoContextCustomizer@0], resourceBasePath = 'src/main/webapp', contextLoader = 'org.springframework.boot.test.context.SpringBootContextLoader', parent = [null]]]; transaction manager [org.springframework.orm.jpa.JpaTransactionManager@60e350a4]; rollback [true]
INFO  TransactionContext - Rolled back transaction for test context [DefaultTestContext@4a1d4f80 testClass = ClinicServiceSpringDataJpaTests, testInstance = org.springframework.samples.petclinic.service.clinicService.ClinicServiceSpringDataJpaTests@24953a24, testMethod = shouldInsertVet@AbstractClinicServiceTests, testException = [null], mergedContextConfiguration = [WebMergedContextConfiguration@9ace34a testClass = ClinicServiceSpringDataJpaTests, locations = '{}', classes = '{class org.springframework.samples.petclinic.PetClinicApplication}', contextInitializerClasses = '[]', activeProfiles = '{spring-data-jpa, hsqldb}', propertySourceLocations = '{}', propertySourceProperties = '{org.springframework.boot.test.context.SpringBootTestContextBootstrapper=true}', contextCustomizers = set[org.springframework.boot.test.autoconfigure.properties.PropertyMappingContextCustomizer@0, org.springframework.boot.test.autoconfigure.web.servlet.WebDriverContextCustomizerFactory$Customizer@25ec26ae, org.springframework.boot.test.context.SpringBootTestContextCustomizer@22c55f44, org.springframework.boot.test.context.filter.ExcludeFilterContextCustomizer@4a639ef0, org.springframework.boot.test.json.DuplicateJsonObjectContextCustomizerFactory$DuplicateJsonObjectContextCustomizer@2ac720c8, org.springframework.boot.test.mock.mockito.MockitoContextCustomizer@0], resourceBasePath = 'src/main/webapp', contextLoader = 'org.springframework.boot.test.context.SpringBootContextLoader', parent = [null]]].
INFO  TransactionContext - Began transaction (1) for test context [DefaultTestContext@4a1d4f80 testClass = ClinicServiceSpringDataJpaTests, testInstance = org.springframework.samples.petclinic.service.clinicService.ClinicServiceSpringDataJpaTests@68061b25, testMethod = shouldDeletePet@AbstractClinicServiceTests, testException = [null], mergedContextConfiguration = [WebMergedContextConfiguration@9ace34a testClass = ClinicServiceSpringDataJpaTests, locations = '{}', classes = '{class org.springframework.samples.petclinic.PetClinicApplication}', contextInitializerClasses = '[]', activeProfiles = '{spring-data-jpa, hsqldb}', propertySourceLocations = '{}', propertySourceProperties = '{org.springframework.boot.test.context.SpringBootTestContextBootstrapper=true}', contextCustomizers = set[org.springframework.boot.test.autoconfigure.properties.PropertyMappingContextCustomizer@0, org.springframework.boot.test.autoconfigure.web.servlet.WebDriverContextCustomizerFactory$Customizer@25ec26ae, org.springframework.boot.test.context.SpringBootTestContextCustomizer@22c55f44, org.springframework.boot.test.context.filter.ExcludeFilterContextCustomizer@4a639ef0, org.springframework.boot.test.json.DuplicateJsonObjectContextCustomizerFactory$DuplicateJsonObjectContextCustomizer@2ac720c8, org.springframework.boot.test.mock.mockito.MockitoContextCustomizer@0], resourceBasePath = 'src/main/webapp', contextLoader = 'org.springframework.boot.test.context.SpringBootContextLoader', parent = [null]]]; transaction manager [org.springframework.orm.jpa.JpaTransactionManager@60e350a4]; rollback [true]
INFO  TransactionContext - Rolled back transaction for test context [DefaultTestContext@4a1d4f80 testClass = ClinicServiceSpringDataJpaTests, testInstance = org.springframework.samples.petclinic.service.clinicService.ClinicServiceSpringDataJpaTests@68061b25, testMethod = shouldDeletePet@AbstractClinicServiceTests, testException = [null], mergedContextConfiguration = [WebMergedContextConfiguration@9ace34a testClass = ClinicServiceSpringDataJpaTests, locations = '{}', classes = '{class org.springframework.samples.petclinic.PetClinicApplication}', contextInitializerClasses = '[]', activeProfiles = '{spring-data-jpa, hsqldb}', propertySourceLocations = '{}', propertySourceProperties = '{org.springframework.boot.test.context.SpringBootTestContextBootstrapper=true}', contextCustomizers = set[org.springframework.boot.test.autoconfigure.properties.PropertyMappingContextCustomizer@0, org.springframework.boot.test.autoconfigure.web.servlet.WebDriverContextCustomizerFactory$Customizer@25ec26ae, org.springframework.boot.test.context.SpringBootTestContextCustomizer@22c55f44, org.springframework.boot.test.context.filter.ExcludeFilterContextCustomizer@4a639ef0, org.springframework.boot.test.json.DuplicateJsonObjectContextCustomizerFactory$DuplicateJsonObjectContextCustomizer@2ac720c8, org.springframework.boot.test.mock.mockito.MockitoContextCustomizer@0], resourceBasePath = 'src/main/webapp', contextLoader = 'org.springframework.boot.test.context.SpringBootContextLoader', parent = [null]]].
INFO  TransactionContext - Began transaction (1) for test context [DefaultTestContext@4a1d4f80 testClass = ClinicServiceSpringDataJpaTests, testInstance = org.springframework.samples.petclinic.service.clinicService.ClinicServiceSpringDataJpaTests@30d0059a, testMethod = shouldDeleteVet@AbstractClinicServiceTests, testException = [null], mergedContextConfiguration = [WebMergedContextConfiguration@9ace34a testClass = ClinicServiceSpringDataJpaTests, locations = '{}', classes = '{class org.springframework.samples.petclinic.PetClinicApplication}', contextInitializerClasses = '[]', activeProfiles = '{spring-data-jpa, hsqldb}', propertySourceLocations = '{}', propertySourceProperties = '{org.springframework.boot.test.context.SpringBootTestContextBootstrapper=true}', contextCustomizers = set[org.springframework.boot.test.autoconfigure.properties.PropertyMappingContextCustomizer@0, org.springframework.boot.test.autoconfigure.web.servlet.WebDriverContextCustomizerFactory$Customizer@25ec26ae, org.springframework.boot.test.context.SpringBootTestContextCustomizer@22c55f44, org.springframework.boot.test.context.filter.ExcludeFilterContextCustomizer@4a639ef0, org.springframework.boot.test.json.DuplicateJsonObjectContextCustomizerFactory$DuplicateJsonObjectContextCustomizer@2ac720c8, org.springframework.boot.test.mock.mockito.MockitoContextCustomizer@0], resourceBasePath = 'src/main/webapp', contextLoader = 'org.springframework.boot.test.context.SpringBootContextLoader', parent = [null]]]; transaction manager [org.springframework.orm.jpa.JpaTransactionManager@60e350a4]; rollback [true]
INFO  TransactionContext - Rolled back transaction for test context [DefaultTestContext@4a1d4f80 testClass = ClinicServiceSpringDataJpaTests, testInstance = org.springframework.samples.petclinic.service.clinicService.ClinicServiceSpringDataJpaTests@30d0059a, testMethod = shouldDeleteVet@AbstractClinicServiceTests, testException = [null], mergedContextConfiguration = [WebMergedContextConfiguration@9ace34a testClass = ClinicServiceSpringDataJpaTests, locations = '{}', classes = '{class org.springframework.samples.petclinic.PetClinicApplication}', contextInitializerClasses = '[]', activeProfiles = '{spring-data-jpa, hsqldb}', propertySourceLocations = '{}', propertySourceProperties = '{org.springframework.boot.test.context.SpringBootTestContextBootstrapper=true}', contextCustomizers = set[org.springframework.boot.test.autoconfigure.properties.PropertyMappingContextCustomizer@0, org.springframework.boot.test.autoconfigure.web.servlet.WebDriverContextCustomizerFactory$Customizer@25ec26ae, org.springframework.boot.test.context.SpringBootTestContextCustomizer@22c55f44, org.springframework.boot.test.context.filter.ExcludeFilterContextCustomizer@4a639ef0, org.springframework.boot.test.json.DuplicateJsonObjectContextCustomizerFactory$DuplicateJsonObjectContextCustomizer@2ac720c8, org.springframework.boot.test.mock.mockito.MockitoContextCustomizer@0], resourceBasePath = 'src/main/webapp', contextLoader = 'org.springframework.boot.test.context.SpringBootContextLoader', parent = [null]]].
INFO  TransactionContext - Began transaction (1) for test context [DefaultTestContext@4a1d4f80 testClass = ClinicServiceSpringDataJpaTests, testInstance = org.springframework.samples.petclinic.service.clinicService.ClinicServiceSpringDataJpaTests@55d74c3a, testMethod = shouldDeleteOwner@AbstractClinicServiceTests, testException = [null], mergedContextConfiguration = [WebMergedContextConfiguration@9ace34a testClass = ClinicServiceSpringDataJpaTests, locations = '{}', classes = '{class org.springframework.samples.petclinic.PetClinicApplication}', contextInitializerClasses = '[]', activeProfiles = '{spring-data-jpa, hsqldb}', propertySourceLocations = '{}', propertySourceProperties = '{org.springframework.boot.test.context.SpringBootTestContextBootstrapper=true}', contextCustomizers = set[org.springframework.boot.test.autoconfigure.properties.PropertyMappingContextCustomizer@0, org.springframework.boot.test.autoconfigure.web.servlet.WebDriverContextCustomizerFactory$Customizer@25ec26ae, org.springframework.boot.test.context.SpringBootTestContextCustomizer@22c55f44, org.springframework.boot.test.context.filter.ExcludeFilterContextCustomizer@4a639ef0, org.springframework.boot.test.json.DuplicateJsonObjectContextCustomizerFactory$DuplicateJsonObjectContextCustomizer@2ac720c8, org.springframework.boot.test.mock.mockito.MockitoContextCustomizer@0], resourceBasePath = 'src/main/webapp', contextLoader = 'org.springframework.boot.test.context.SpringBootContextLoader', parent = [null]]]; transaction manager [org.springframework.orm.jpa.JpaTransactionManager@60e350a4]; rollback [true]
INFO  TransactionContext - Rolled back transaction for test context [DefaultTestContext@4a1d4f80 testClass = ClinicServiceSpringDataJpaTests, testInstance = org.springframework.samples.petclinic.service.clinicService.ClinicServiceSpringDataJpaTests@55d74c3a, testMethod = shouldDeleteOwner@AbstractClinicServiceTests, testException = [null], mergedContextConfiguration = [WebMergedContextConfiguration@9ace34a testClass = ClinicServiceSpringDataJpaTests, locations = '{}', classes = '{class org.springframework.samples.petclinic.PetClinicApplication}', contextInitializerClasses = '[]', activeProfiles = '{spring-data-jpa, hsqldb}', propertySourceLocations = '{}', propertySourceProperties = '{org.springframework.boot.test.context.SpringBootTestContextBootstrapper=true}', contextCustomizers = set[org.springframework.boot.test.autoconfigure.properties.PropertyMappingContextCustomizer@0, org.springframework.boot.test.autoconfigure.web.servlet.WebDriverContextCustomizerFactory$Customizer@25ec26ae, org.springframework.boot.test.context.SpringBootTestContextCustomizer@22c55f44, org.springframework.boot.test.context.filter.ExcludeFilterContextCustomizer@4a639ef0, org.springframework.boot.test.json.DuplicateJsonObjectContextCustomizerFactory$DuplicateJsonObjectContextCustomizer@2ac720c8, org.springframework.boot.test.mock.mockito.MockitoContextCustomizer@0], resourceBasePath = 'src/main/webapp', contextLoader = 'org.springframework.boot.test.context.SpringBootContextLoader', parent = [null]]].
INFO  TransactionContext - Began transaction (1) for test context [DefaultTestContext@4a1d4f80 testClass = ClinicServiceSpringDataJpaTests, testInstance = org.springframework.samples.petclinic.service.clinicService.ClinicServiceSpringDataJpaTests@27d68f7f, testMethod = shouldDeleteVisit@AbstractClinicServiceTests, testException = [null], mergedContextConfiguration = [WebMergedContextConfiguration@9ace34a testClass = ClinicServiceSpringDataJpaTests, locations = '{}', classes = '{class org.springframework.samples.petclinic.PetClinicApplication}', contextInitializerClasses = '[]', activeProfiles = '{spring-data-jpa, hsqldb}', propertySourceLocations = '{}', propertySourceProperties = '{org.springframework.boot.test.context.SpringBootTestContextBootstrapper=true}', contextCustomizers = set[org.springframework.boot.test.autoconfigure.properties.PropertyMappingContextCustomizer@0, org.springframework.boot.test.autoconfigure.web.servlet.WebDriverContextCustomizerFactory$Customizer@25ec26ae, org.springframework.boot.test.context.SpringBootTestContextCustomizer@22c55f44, org.springframework.boot.test.context.filter.ExcludeFilterContextCustomizer@4a639ef0, org.springframework.boot.test.json.DuplicateJsonObjectContextCustomizerFactory$DuplicateJsonObjectContextCustomizer@2ac720c8, org.springframework.boot.test.mock.mockito.MockitoContextCustomizer@0], resourceBasePath = 'src/main/webapp', contextLoader = 'org.springframework.boot.test.context.SpringBootContextLoader', parent = [null]]]; transaction manager [org.springframework.orm.jpa.JpaTransactionManager@60e350a4]; rollback [true]
INFO  TransactionContext - Rolled back transaction for test context [DefaultTestContext@4a1d4f80 testClass = ClinicServiceSpringDataJpaTests, testInstance = org.springframework.samples.petclinic.service.clinicService.ClinicServiceSpringDataJpaTests@27d68f7f, testMethod = shouldDeleteVisit@AbstractClinicServiceTests, testException = [null], mergedContextConfiguration = [WebMergedContextConfiguration@9ace34a testClass = ClinicServiceSpringDataJpaTests, locations = '{}', classes = '{class org.springframework.samples.petclinic.PetClinicApplication}', contextInitializerClasses = '[]', activeProfiles = '{spring-data-jpa, hsqldb}', propertySourceLocations = '{}', propertySourceProperties = '{org.springframework.boot.test.context.SpringBootTestContextBootstrapper=true}', contextCustomizers = set[org.springframework.boot.test.autoconfigure.properties.PropertyMappingContextCustomizer@0, org.springframework.boot.test.autoconfigure.web.servlet.WebDriverContextCustomizerFactory$Customizer@25ec26ae, org.springframework.boot.test.context.SpringBootTestContextCustomizer@22c55f44, org.springframework.boot.test.context.filter.ExcludeFilterContextCustomizer@4a639ef0, org.springframework.boot.test.json.DuplicateJsonObjectContextCustomizerFactory$DuplicateJsonObjectContextCustomizer@2ac720c8, org.springframework.boot.test.mock.mockito.MockitoContextCustomizer@0], resourceBasePath = 'src/main/webapp', contextLoader = 'org.springframework.boot.test.context.SpringBootContextLoader', parent = [null]]].
INFO  TransactionContext - Began transaction (1) for test context [DefaultTestContext@4a1d4f80 testClass = ClinicServiceSpringDataJpaTests, testInstance = org.springframework.samples.petclinic.service.clinicService.ClinicServiceSpringDataJpaTests@736350fe, testMethod = shouldInsertSpecialty@AbstractClinicServiceTests, testException = [null], mergedContextConfiguration = [WebMergedContextConfiguration@9ace34a testClass = ClinicServiceSpringDataJpaTests, locations = '{}', classes = '{class org.springframework.samples.petclinic.PetClinicApplication}', contextInitializerClasses = '[]', activeProfiles = '{spring-data-jpa, hsqldb}', propertySourceLocations = '{}', propertySourceProperties = '{org.springframework.boot.test.context.SpringBootTestContextBootstrapper=true}', contextCustomizers = set[org.springframework.boot.test.autoconfigure.properties.PropertyMappingContextCustomizer@0, org.springframework.boot.test.autoconfigure.web.servlet.WebDriverContextCustomizerFactory$Customizer@25ec26ae, org.springframework.boot.test.context.SpringBootTestContextCustomizer@22c55f44, org.springframework.boot.test.context.filter.ExcludeFilterContextCustomizer@4a639ef0, org.springframework.boot.test.json.DuplicateJsonObjectContextCustomizerFactory$DuplicateJsonObjectContextCustomizer@2ac720c8, org.springframework.boot.test.mock.mockito.MockitoContextCustomizer@0], resourceBasePath = 'src/main/webapp', contextLoader = 'org.springframework.boot.test.context.SpringBootContextLoader', parent = [null]]]; transaction manager [org.springframework.orm.jpa.JpaTransactionManager@60e350a4]; rollback [true]
INFO  TransactionContext - Rolled back transaction for test context [DefaultTestContext@4a1d4f80 testClass = ClinicServiceSpringDataJpaTests, testInstance = org.springframework.samples.petclinic.service.clinicService.ClinicServiceSpringDataJpaTests@736350fe, testMethod = shouldInsertSpecialty@AbstractClinicServiceTests, testException = [null], mergedContextConfiguration = [WebMergedContextConfiguration@9ace34a testClass = ClinicServiceSpringDataJpaTests, locations = '{}', classes = '{class org.springframework.samples.petclinic.PetClinicApplication}', contextInitializerClasses = '[]', activeProfiles = '{spring-data-jpa, hsqldb}', propertySourceLocations = '{}', propertySourceProperties = '{org.springframework.boot.test.context.SpringBootTestContextBootstrapper=true}', contextCustomizers = set[org.springframework.boot.test.autoconfigure.properties.PropertyMappingContextCustomizer@0, org.springframework.boot.test.autoconfigure.web.servlet.WebDriverContextCustomizerFactory$Customizer@25ec26ae, org.springframework.boot.test.context.SpringBootTestContextCustomizer@22c55f44, org.springframework.boot.test.context.filter.ExcludeFilterContextCustomizer@4a639ef0, org.springframework.boot.test.json.DuplicateJsonObjectContextCustomizerFactory$DuplicateJsonObjectContextCustomizer@2ac720c8, org.springframework.boot.test.mock.mockito.MockitoContextCustomizer@0], resourceBasePath = 'src/main/webapp', contextLoader = 'org.springframework.boot.test.context.SpringBootContextLoader', parent = [null]]].
INFO  TransactionContext - Began transaction (1) for test context [DefaultTestContext@4a1d4f80 testClass = ClinicServiceSpringDataJpaTests, testInstance = org.springframework.samples.petclinic.service.clinicService.ClinicServiceSpringDataJpaTests@53092ac, testMethod = shouldAddNewVisitForPet@AbstractClinicServiceTests, testException = [null], mergedContextConfiguration = [WebMergedContextConfiguration@9ace34a testClass = ClinicServiceSpringDataJpaTests, locations = '{}', classes = '{class org.springframework.samples.petclinic.PetClinicApplication}', contextInitializerClasses = '[]', activeProfiles = '{spring-data-jpa, hsqldb}', propertySourceLocations = '{}', propertySourceProperties = '{org.springframework.boot.test.context.SpringBootTestContextBootstrapper=true}', contextCustomizers = set[org.springframework.boot.test.autoconfigure.properties.PropertyMappingContextCustomizer@0, org.springframework.boot.test.autoconfigure.web.servlet.WebDriverContextCustomizerFactory$Customizer@25ec26ae, org.springframework.boot.test.context.SpringBootTestContextCustomizer@22c55f44, org.springframework.boot.test.context.filter.ExcludeFilterContextCustomizer@4a639ef0, org.springframework.boot.test.json.DuplicateJsonObjectContextCustomizerFactory$DuplicateJsonObjectContextCustomizer@2ac720c8, org.springframework.boot.test.mock.mockito.MockitoContextCustomizer@0], resourceBasePath = 'src/main/webapp', contextLoader = 'org.springframework.boot.test.context.SpringBootContextLoader', parent = [null]]]; transaction manager [org.springframework.orm.jpa.JpaTransactionManager@60e350a4]; rollback [true]
INFO  TransactionContext - Rolled back transaction for test context [DefaultTestContext@4a1d4f80 testClass = ClinicServiceSpringDataJpaTests, testInstance = org.springframework.samples.petclinic.service.clinicService.ClinicServiceSpringDataJpaTests@53092ac, testMethod = shouldAddNewVisitForPet@AbstractClinicServiceTests, testException = [null], mergedContextConfiguration = [WebMergedContextConfiguration@9ace34a testClass = ClinicServiceSpringDataJpaTests, locations = '{}', classes = '{class org.springframework.samples.petclinic.PetClinicApplication}', contextInitializerClasses = '[]', activeProfiles = '{spring-data-jpa, hsqldb}', propertySourceLocations = '{}', propertySourceProperties = '{org.springframework.boot.test.context.SpringBootTestContextBootstrapper=true}', contextCustomizers = set[org.springframework.boot.test.autoconfigure.properties.PropertyMappingContextCustomizer@0, org.springframework.boot.test.autoconfigure.web.servlet.WebDriverContextCustomizerFactory$Customizer@25ec26ae, org.springframework.boot.test.context.SpringBootTestContextCustomizer@22c55f44, org.springframework.boot.test.context.filter.ExcludeFilterContextCustomizer@4a639ef0, org.springframework.boot.test.json.DuplicateJsonObjectContextCustomizerFactory$DuplicateJsonObjectContextCustomizer@2ac720c8, org.springframework.boot.test.mock.mockito.MockitoContextCustomizer@0], resourceBasePath = 'src/main/webapp', contextLoader = 'org.springframework.boot.test.context.SpringBootContextLoader', parent = [null]]].
INFO  TransactionContext - Began transaction (1) for test context [DefaultTestContext@4a1d4f80 testClass = ClinicServiceSpringDataJpaTests, testInstance = org.springframework.samples.petclinic.service.clinicService.ClinicServiceSpringDataJpaTests@5a42b084, testMethod = shouldUpdateOwner@AbstractClinicServiceTests, testException = [null], mergedContextConfiguration = [WebMergedContextConfiguration@9ace34a testClass = ClinicServiceSpringDataJpaTests, locations = '{}', classes = '{class org.springframework.samples.petclinic.PetClinicApplication}', contextInitializerClasses = '[]', activeProfiles = '{spring-data-jpa, hsqldb}', propertySourceLocations = '{}', propertySourceProperties = '{org.springframework.boot.test.context.SpringBootTestContextBootstrapper=true}', contextCustomizers = set[org.springframework.boot.test.autoconfigure.properties.PropertyMappingContextCustomizer@0, org.springframework.boot.test.autoconfigure.web.servlet.WebDriverContextCustomizerFactory$Customizer@25ec26ae, org.springframework.boot.test.context.SpringBootTestContextCustomizer@22c55f44, org.springframework.boot.test.context.filter.ExcludeFilterContextCustomizer@4a639ef0, org.springframework.boot.test.json.DuplicateJsonObjectContextCustomizerFactory$DuplicateJsonObjectContextCustomizer@2ac720c8, org.springframework.boot.test.mock.mockito.MockitoContextCustomizer@0], resourceBasePath = 'src/main/webapp', contextLoader = 'org.springframework.boot.test.context.SpringBootContextLoader', parent = [null]]]; transaction manager [org.springframework.orm.jpa.JpaTransactionManager@60e350a4]; rollback [true]
INFO  TransactionContext - Rolled back transaction for test context [DefaultTestContext@4a1d4f80 testClass = ClinicServiceSpringDataJpaTests, testInstance = org.springframework.samples.petclinic.service.clinicService.ClinicServiceSpringDataJpaTests@5a42b084, testMethod = shouldUpdateOwner@AbstractClinicServiceTests, testException = [null], mergedContextConfiguration = [WebMergedContextConfiguration@9ace34a testClass = ClinicServiceSpringDataJpaTests, locations = '{}', classes = '{class org.springframework.samples.petclinic.PetClinicApplication}', contextInitializerClasses = '[]', activeProfiles = '{spring-data-jpa, hsqldb}', propertySourceLocations = '{}', propertySourceProperties = '{org.springframework.boot.test.context.SpringBootTestContextBootstrapper=true}', contextCustomizers = set[org.springframework.boot.test.autoconfigure.properties.PropertyMappingContextCustomizer@0, org.springframework.boot.test.autoconfigure.web.servlet.WebDriverContextCustomizerFactory$Customizer@25ec26ae, org.springframework.boot.test.context.SpringBootTestContextCustomizer@22c55f44, org.springframework.boot.test.context.filter.ExcludeFilterContextCustomizer@4a639ef0, org.springframework.boot.test.json.DuplicateJsonObjectContextCustomizerFactory$DuplicateJsonObjectContextCustomizer@2ac720c8, org.springframework.boot.test.mock.mockito.MockitoContextCustomizer@0], resourceBasePath = 'src/main/webapp', contextLoader = 'org.springframework.boot.test.context.SpringBootContextLoader', parent = [null]]].
INFO  TransactionContext - Began transaction (1) for test context [DefaultTestContext@4a1d4f80 testClass = ClinicServiceSpringDataJpaTests, testInstance = org.springframework.samples.petclinic.service.clinicService.ClinicServiceSpringDataJpaTests@7bd17b71, testMethod = shouldUpdateVisit@AbstractClinicServiceTests, testException = [null], mergedContextConfiguration = [WebMergedContextConfiguration@9ace34a testClass = ClinicServiceSpringDataJpaTests, locations = '{}', classes = '{class org.springframework.samples.petclinic.PetClinicApplication}', contextInitializerClasses = '[]', activeProfiles = '{spring-data-jpa, hsqldb}', propertySourceLocations = '{}', propertySourceProperties = '{org.springframework.boot.test.context.SpringBootTestContextBootstrapper=true}', contextCustomizers = set[org.springframework.boot.test.autoconfigure.properties.PropertyMappingContextCustomizer@0, org.springframework.boot.test.autoconfigure.web.servlet.WebDriverContextCustomizerFactory$Customizer@25ec26ae, org.springframework.boot.test.context.SpringBootTestContextCustomizer@22c55f44, org.springframework.boot.test.context.filter.ExcludeFilterContextCustomizer@4a639ef0, org.springframework.boot.test.json.DuplicateJsonObjectContextCustomizerFactory$DuplicateJsonObjectContextCustomizer@2ac720c8, org.springframework.boot.test.mock.mockito.MockitoContextCustomizer@0], resourceBasePath = 'src/main/webapp', contextLoader = 'org.springframework.boot.test.context.SpringBootContextLoader', parent = [null]]]; transaction manager [org.springframework.orm.jpa.JpaTransactionManager@60e350a4]; rollback [true]
INFO  TransactionContext - Rolled back transaction for test context [DefaultTestContext@4a1d4f80 testClass = ClinicServiceSpringDataJpaTests, testInstance = org.springframework.samples.petclinic.service.clinicService.ClinicServiceSpringDataJpaTests@7bd17b71, testMethod = shouldUpdateVisit@AbstractClinicServiceTests, testException = [null], mergedContextConfiguration = [WebMergedContextConfiguration@9ace34a testClass = ClinicServiceSpringDataJpaTests, locations = '{}', classes = '{class org.springframework.samples.petclinic.PetClinicApplication}', contextInitializerClasses = '[]', activeProfiles = '{spring-data-jpa, hsqldb}', propertySourceLocations = '{}', propertySourceProperties = '{org.springframework.boot.test.context.SpringBootTestContextBootstrapper=true}', contextCustomizers = set[org.springframework.boot.test.autoconfigure.properties.PropertyMappingContextCustomizer@0, org.springframework.boot.test.autoconfigure.web.servlet.WebDriverContextCustomizerFactory$Customizer@25ec26ae, org.springframework.boot.test.context.SpringBootTestContextCustomizer@22c55f44, org.springframework.boot.test.context.filter.ExcludeFilterContextCustomizer@4a639ef0, org.springframework.boot.test.json.DuplicateJsonObjectContextCustomizerFactory$DuplicateJsonObjectContextCustomizer@2ac720c8, org.springframework.boot.test.mock.mockito.MockitoContextCustomizer@0], resourceBasePath = 'src/main/webapp', contextLoader = 'org.springframework.boot.test.context.SpringBootContextLoader', parent = [null]]].
INFO  TransactionContext - Began transaction (1) for test context [DefaultTestContext@4a1d4f80 testClass = ClinicServiceSpringDataJpaTests, testInstance = org.springframework.samples.petclinic.service.clinicService.ClinicServiceSpringDataJpaTests@4fbb95c1, testMethod = shouldInsertPetIntoDatabaseAndGenerateId@AbstractClinicServiceTests, testException = [null], mergedContextConfiguration = [WebMergedContextConfiguration@9ace34a testClass = ClinicServiceSpringDataJpaTests, locations = '{}', classes = '{class org.springframework.samples.petclinic.PetClinicApplication}', contextInitializerClasses = '[]', activeProfiles = '{spring-data-jpa, hsqldb}', propertySourceLocations = '{}', propertySourceProperties = '{org.springframework.boot.test.context.SpringBootTestContextBootstrapper=true}', contextCustomizers = set[org.springframework.boot.test.autoconfigure.properties.PropertyMappingContextCustomizer@0, org.springframework.boot.test.autoconfigure.web.servlet.WebDriverContextCustomizerFactory$Customizer@25ec26ae, org.springframework.boot.test.context.SpringBootTestContextCustomizer@22c55f44, org.springframework.boot.test.context.filter.ExcludeFilterContextCustomizer@4a639ef0, org.springframework.boot.test.json.DuplicateJsonObjectContextCustomizerFactory$DuplicateJsonObjectContextCustomizer@2ac720c8, org.springframework.boot.test.mock.mockito.MockitoContextCustomizer@0], resourceBasePath = 'src/main/webapp', contextLoader = 'org.springframework.boot.test.context.SpringBootContextLoader', parent = [null]]]; transaction manager [org.springframework.orm.jpa.JpaTransactionManager@60e350a4]; rollback [true]
INFO  TransactionContext - Rolled back transaction for test context [DefaultTestContext@4a1d4f80 testClass = ClinicServiceSpringDataJpaTests, testInstance = org.springframework.samples.petclinic.service.clinicService.ClinicServiceSpringDataJpaTests@4fbb95c1, testMethod = shouldInsertPetIntoDatabaseAndGenerateId@AbstractClinicServiceTests, testException = [null], mergedContextConfiguration = [WebMergedContextConfiguration@9ace34a testClass = ClinicServiceSpringDataJpaTests, locations = '{}', classes = '{class org.springframework.samples.petclinic.PetClinicApplication}', contextInitializerClasses = '[]', activeProfiles = '{spring-data-jpa, hsqldb}', propertySourceLocations = '{}', propertySourceProperties = '{org.springframework.boot.test.context.SpringBootTestContextBootstrapper=true}', contextCustomizers = set[org.springframework.boot.test.autoconfigure.properties.PropertyMappingContextCustomizer@0, org.springframework.boot.test.autoconfigure.web.servlet.WebDriverContextCustomizerFactory$Customizer@25ec26ae, org.springframework.boot.test.context.SpringBootTestContextCustomizer@22c55f44, org.springframework.boot.test.context.filter.ExcludeFilterContextCustomizer@4a639ef0, org.springframework.boot.test.json.DuplicateJsonObjectContextCustomizerFactory$DuplicateJsonObjectContextCustomizer@2ac720c8, org.springframework.boot.test.mock.mockito.MockitoContextCustomizer@0], resourceBasePath = 'src/main/webapp', contextLoader = 'org.springframework.boot.test.context.SpringBootContextLoader', parent = [null]]].
INFO  TransactionContext - Began transaction (1) for test context [DefaultTestContext@4a1d4f80 testClass = ClinicServiceSpringDataJpaTests, testInstance = org.springframework.samples.petclinic.service.clinicService.ClinicServiceSpringDataJpaTests@454c1b12, testMethod = shouldInsertOwner@AbstractClinicServiceTests, testException = [null], mergedContextConfiguration = [WebMergedContextConfiguration@9ace34a testClass = ClinicServiceSpringDataJpaTests, locations = '{}', classes = '{class org.springframework.samples.petclinic.PetClinicApplication}', contextInitializerClasses = '[]', activeProfiles = '{spring-data-jpa, hsqldb}', propertySourceLocations = '{}', propertySourceProperties = '{org.springframework.boot.test.context.SpringBootTestContextBootstrapper=true}', contextCustomizers = set[org.springframework.boot.test.autoconfigure.properties.PropertyMappingContextCustomizer@0, org.springframework.boot.test.autoconfigure.web.servlet.WebDriverContextCustomizerFactory$Customizer@25ec26ae, org.springframework.boot.test.context.SpringBootTestContextCustomizer@22c55f44, org.springframework.boot.test.context.filter.ExcludeFilterContextCustomizer@4a639ef0, org.springframework.boot.test.json.DuplicateJsonObjectContextCustomizerFactory$DuplicateJsonObjectContextCustomizer@2ac720c8, org.springframework.boot.test.mock.mockito.MockitoContextCustomizer@0], resourceBasePath = 'src/main/webapp', contextLoader = 'org.springframework.boot.test.context.SpringBootContextLoader', parent = [null]]]; transaction manager [org.springframework.orm.jpa.JpaTransactionManager@60e350a4]; rollback [true]
INFO  TransactionContext - Rolled back transaction for test context [DefaultTestContext@4a1d4f80 testClass = ClinicServiceSpringDataJpaTests, testInstance = org.springframework.samples.petclinic.service.clinicService.ClinicServiceSpringDataJpaTests@454c1b12, testMethod = shouldInsertOwner@AbstractClinicServiceTests, testException = [null], mergedContextConfiguration = [WebMergedContextConfiguration@9ace34a testClass = ClinicServiceSpringDataJpaTests, locations = '{}', classes = '{class org.springframework.samples.petclinic.PetClinicApplication}', contextInitializerClasses = '[]', activeProfiles = '{spring-data-jpa, hsqldb}', propertySourceLocations = '{}', propertySourceProperties = '{org.springframework.boot.test.context.SpringBootTestContextBootstrapper=true}', contextCustomizers = set[org.springframework.boot.test.autoconfigure.properties.PropertyMappingContextCustomizer@0, org.springframework.boot.test.autoconfigure.web.servlet.WebDriverContextCustomizerFactory$Customizer@25ec26ae, org.springframework.boot.test.context.SpringBootTestContextCustomizer@22c55f44, org.springframework.boot.test.context.filter.ExcludeFilterContextCustomizer@4a639ef0, org.springframework.boot.test.json.DuplicateJsonObjectContextCustomizerFactory$DuplicateJsonObjectContextCustomizer@2ac720c8, org.springframework.boot.test.mock.mockito.MockitoContextCustomizer@0], resourceBasePath = 'src/main/webapp', contextLoader = 'org.springframework.boot.test.context.SpringBootContextLoader', parent = [null]]].
INFO  TransactionContext - Began transaction (1) for test context [DefaultTestContext@4a1d4f80 testClass = ClinicServiceSpringDataJpaTests, testInstance = org.springframework.samples.petclinic.service.clinicService.ClinicServiceSpringDataJpaTests@61b1e523, testMethod = shouldInsertVisit@AbstractClinicServiceTests, testException = [null], mergedContextConfiguration = [WebMergedContextConfiguration@9ace34a testClass = ClinicServiceSpringDataJpaTests, locations = '{}', classes = '{class org.springframework.samples.petclinic.PetClinicApplication}', contextInitializerClasses = '[]', activeProfiles = '{spring-data-jpa, hsqldb}', propertySourceLocations = '{}', propertySourceProperties = '{org.springframework.boot.test.context.SpringBootTestContextBootstrapper=true}', contextCustomizers = set[org.springframework.boot.test.autoconfigure.properties.PropertyMappingContextCustomizer@0, org.springframework.boot.test.autoconfigure.web.servlet.WebDriverContextCustomizerFactory$Customizer@25ec26ae, org.springframework.boot.test.context.SpringBootTestContextCustomizer@22c55f44, org.springframework.boot.test.context.filter.ExcludeFilterContextCustomizer@4a639ef0, org.springframework.boot.test.json.DuplicateJsonObjectContextCustomizerFactory$DuplicateJsonObjectContextCustomizer@2ac720c8, org.springframework.boot.test.mock.mockito.MockitoContextCustomizer@0], resourceBasePath = 'src/main/webapp', contextLoader = 'org.springframework.boot.test.context.SpringBootContextLoader', parent = [null]]]; transaction manager [org.springframework.orm.jpa.JpaTransactionManager@60e350a4]; rollback [true]
INFO  TransactionContext - Rolled back transaction for test context [DefaultTestContext@4a1d4f80 testClass = ClinicServiceSpringDataJpaTests, testInstance = org.springframework.samples.petclinic.service.clinicService.ClinicServiceSpringDataJpaTests@61b1e523, testMethod = shouldInsertVisit@AbstractClinicServiceTests, testException = [null], mergedContextConfiguration = [WebMergedContextConfiguration@9ace34a testClass = ClinicServiceSpringDataJpaTests, locations = '{}', classes = '{class org.springframework.samples.petclinic.PetClinicApplication}', contextInitializerClasses = '[]', activeProfiles = '{spring-data-jpa, hsqldb}', propertySourceLocations = '{}', propertySourceProperties = '{org.springframework.boot.test.context.SpringBootTestContextBootstrapper=true}', contextCustomizers = set[org.springframework.boot.test.autoconfigure.properties.PropertyMappingContextCustomizer@0, org.springframework.boot.test.autoconfigure.web.servlet.WebDriverContextCustomizerFactory$Customizer@25ec26ae, org.springframework.boot.test.context.SpringBootTestContextCustomizer@22c55f44, org.springframework.boot.test.context.filter.ExcludeFilterContextCustomizer@4a639ef0, org.springframework.boot.test.json.DuplicateJsonObjectContextCustomizerFactory$DuplicateJsonObjectContextCustomizer@2ac720c8, org.springframework.boot.test.mock.mockito.MockitoContextCustomizer@0], resourceBasePath = 'src/main/webapp', contextLoader = 'org.springframework.boot.test.context.SpringBootContextLoader', parent = [null]]].
INFO  TransactionContext - Began transaction (1) for test context [DefaultTestContext@4a1d4f80 testClass = ClinicServiceSpringDataJpaTests, testInstance = org.springframework.samples.petclinic.service.clinicService.ClinicServiceSpringDataJpaTests@69218594, testMethod = shouldUpdatePetName@AbstractClinicServiceTests, testException = [null], mergedContextConfiguration = [WebMergedContextConfiguration@9ace34a testClass = ClinicServiceSpringDataJpaTests, locations = '{}', classes = '{class org.springframework.samples.petclinic.PetClinicApplication}', contextInitializerClasses = '[]', activeProfiles = '{spring-data-jpa, hsqldb}', propertySourceLocations = '{}', propertySourceProperties = '{org.springframework.boot.test.context.SpringBootTestContextBootstrapper=true}', contextCustomizers = set[org.springframework.boot.test.autoconfigure.properties.PropertyMappingContextCustomizer@0, org.springframework.boot.test.autoconfigure.web.servlet.WebDriverContextCustomizerFactory$Customizer@25ec26ae, org.springframework.boot.test.context.SpringBootTestContextCustomizer@22c55f44, org.springframework.boot.test.context.filter.ExcludeFilterContextCustomizer@4a639ef0, org.springframework.boot.test.json.DuplicateJsonObjectContextCustomizerFactory$DuplicateJsonObjectContextCustomizer@2ac720c8, org.springframework.boot.test.mock.mockito.MockitoContextCustomizer@0], resourceBasePath = 'src/main/webapp', contextLoader = 'org.springframework.boot.test.context.SpringBootContextLoader', parent = [null]]]; transaction manager [org.springframework.orm.jpa.JpaTransactionManager@60e350a4]; rollback [true]
INFO  TransactionContext - Rolled back transaction for test context [DefaultTestContext@4a1d4f80 testClass = ClinicServiceSpringDataJpaTests, testInstance = org.springframework.samples.petclinic.service.clinicService.ClinicServiceSpringDataJpaTests@69218594, testMethod = shouldUpdatePetName@AbstractClinicServiceTests, testException = [null], mergedContextConfiguration = [WebMergedContextConfiguration@9ace34a testClass = ClinicServiceSpringDataJpaTests, locations = '{}', classes = '{class org.springframework.samples.petclinic.PetClinicApplication}', contextInitializerClasses = '[]', activeProfiles = '{spring-data-jpa, hsqldb}', propertySourceLocations = '{}', propertySourceProperties = '{org.springframework.boot.test.context.SpringBootTestContextBootstrapper=true}', contextCustomizers = set[org.springframework.boot.test.autoconfigure.properties.PropertyMappingContextCustomizer@0, org.springframework.boot.test.autoconfigure.web.servlet.WebDriverContextCustomizerFactory$Customizer@25ec26ae, org.springframework.boot.test.context.SpringBootTestContextCustomizer@22c55f44, org.springframework.boot.test.context.filter.ExcludeFilterContextCustomizer@4a639ef0, org.springframework.boot.test.json.DuplicateJsonObjectContextCustomizerFactory$DuplicateJsonObjectContextCustomizer@2ac720c8, org.springframework.boot.test.mock.mockito.MockitoContextCustomizer@0], resourceBasePath = 'src/main/webapp', contextLoader = 'org.springframework.boot.test.context.SpringBootContextLoader', parent = [null]]].
INFO  TransactionContext - Began transaction (1) for test context [DefaultTestContext@4a1d4f80 testClass = ClinicServiceSpringDataJpaTests, testInstance = org.springframework.samples.petclinic.service.clinicService.ClinicServiceSpringDataJpaTests@4b3a4468, testMethod = shouldUpdatePetType@AbstractClinicServiceTests, testException = [null], mergedContextConfiguration = [WebMergedContextConfiguration@9ace34a testClass = ClinicServiceSpringDataJpaTests, locations = '{}', classes = '{class org.springframework.samples.petclinic.PetClinicApplication}', contextInitializerClasses = '[]', activeProfiles = '{spring-data-jpa, hsqldb}', propertySourceLocations = '{}', propertySourceProperties = '{org.springframework.boot.test.context.SpringBootTestContextBootstrapper=true}', contextCustomizers = set[org.springframework.boot.test.autoconfigure.properties.PropertyMappingContextCustomizer@0, org.springframework.boot.test.autoconfigure.web.servlet.WebDriverContextCustomizerFactory$Customizer@25ec26ae, org.springframework.boot.test.context.SpringBootTestContextCustomizer@22c55f44, org.springframework.boot.test.context.filter.ExcludeFilterContextCustomizer@4a639ef0, org.springframework.boot.test.json.DuplicateJsonObjectContextCustomizerFactory$DuplicateJsonObjectContextCustomizer@2ac720c8, org.springframework.boot.test.mock.mockito.MockitoContextCustomizer@0], resourceBasePath = 'src/main/webapp', contextLoader = 'org.springframework.boot.test.context.SpringBootContextLoader', parent = [null]]]; transaction manager [org.springframework.orm.jpa.JpaTransactionManager@60e350a4]; rollback [true]
INFO  TransactionContext - Rolled back transaction for test context [DefaultTestContext@4a1d4f80 testClass = ClinicServiceSpringDataJpaTests, testInstance = org.springframework.samples.petclinic.service.clinicService.ClinicServiceSpringDataJpaTests@4b3a4468, testMethod = shouldUpdatePetType@AbstractClinicServiceTests, testException = [null], mergedContextConfiguration = [WebMergedContextConfiguration@9ace34a testClass = ClinicServiceSpringDataJpaTests, locations = '{}', classes = '{class org.springframework.samples.petclinic.PetClinicApplication}', contextInitializerClasses = '[]', activeProfiles = '{spring-data-jpa, hsqldb}', propertySourceLocations = '{}', propertySourceProperties = '{org.springframework.boot.test.context.SpringBootTestContextBootstrapper=true}', contextCustomizers = set[org.springframework.boot.test.autoconfigure.properties.PropertyMappingContextCustomizer@0, org.springframework.boot.test.autoconfigure.web.servlet.WebDriverContextCustomizerFactory$Customizer@25ec26ae, org.springframework.boot.test.context.SpringBootTestContextCustomizer@22c55f44, org.springframework.boot.test.context.filter.ExcludeFilterContextCustomizer@4a639ef0, org.springframework.boot.test.json.DuplicateJsonObjectContextCustomizerFactory$DuplicateJsonObjectContextCustomizer@2ac720c8, org.springframework.boot.test.mock.mockito.MockitoContextCustomizer@0], resourceBasePath = 'src/main/webapp', contextLoader = 'org.springframework.boot.test.context.SpringBootContextLoader', parent = [null]]].
INFO  TransactionContext - Began transaction (1) for test context [DefaultTestContext@4a1d4f80 testClass = ClinicServiceSpringDataJpaTests, testInstance = org.springframework.samples.petclinic.service.clinicService.ClinicServiceSpringDataJpaTests@2b3f63d3, testMethod = shouldUpdateVet@AbstractClinicServiceTests, testException = [null], mergedContextConfiguration = [WebMergedContextConfiguration@9ace34a testClass = ClinicServiceSpringDataJpaTests, locations = '{}', classes = '{class org.springframework.samples.petclinic.PetClinicApplication}', contextInitializerClasses = '[]', activeProfiles = '{spring-data-jpa, hsqldb}', propertySourceLocations = '{}', propertySourceProperties = '{org.springframework.boot.test.context.SpringBootTestContextBootstrapper=true}', contextCustomizers = set[org.springframework.boot.test.autoconfigure.properties.PropertyMappingContextCustomizer@0, org.springframework.boot.test.autoconfigure.web.servlet.WebDriverContextCustomizerFactory$Customizer@25ec26ae, org.springframework.boot.test.context.SpringBootTestContextCustomizer@22c55f44, org.springframework.boot.test.context.filter.ExcludeFilterContextCustomizer@4a639ef0, org.springframework.boot.test.json.DuplicateJsonObjectContextCustomizerFactory$DuplicateJsonObjectContextCustomizer@2ac720c8, org.springframework.boot.test.mock.mockito.MockitoContextCustomizer@0], resourceBasePath = 'src/main/webapp', contextLoader = 'org.springframework.boot.test.context.SpringBootContextLoader', parent = [null]]]; transaction manager [org.springframework.orm.jpa.JpaTransactionManager@60e350a4]; rollback [true]
INFO  TransactionContext - Rolled back transaction for test context [DefaultTestContext@4a1d4f80 testClass = ClinicServiceSpringDataJpaTests, testInstance = org.springframework.samples.petclinic.service.clinicService.ClinicServiceSpringDataJpaTests@2b3f63d3, testMethod = shouldUpdateVet@AbstractClinicServiceTests, testException = [null], mergedContextConfiguration = [WebMergedContextConfiguration@9ace34a testClass = ClinicServiceSpringDataJpaTests, locations = '{}', classes = '{class org.springframework.samples.petclinic.PetClinicApplication}', contextInitializerClasses = '[]', activeProfiles = '{spring-data-jpa, hsqldb}', propertySourceLocations = '{}', propertySourceProperties = '{org.springframework.boot.test.context.SpringBootTestContextBootstrapper=true}', contextCustomizers = set[org.springframework.boot.test.autoconfigure.properties.PropertyMappingContextCustomizer@0, org.springframework.boot.test.autoconfigure.web.servlet.WebDriverContextCustomizerFactory$Customizer@25ec26ae, org.springframework.boot.test.context.SpringBootTestContextCustomizer@22c55f44, org.springframework.boot.test.context.filter.ExcludeFilterContextCustomizer@4a639ef0, org.springframework.boot.test.json.DuplicateJsonObjectContextCustomizerFactory$DuplicateJsonObjectContextCustomizer@2ac720c8, org.springframework.boot.test.mock.mockito.MockitoContextCustomizer@0], resourceBasePath = 'src/main/webapp', contextLoader = 'org.springframework.boot.test.context.SpringBootContextLoader', parent = [null]]].
INFO  TransactionContext - Began transaction (1) for test context [DefaultTestContext@4a1d4f80 testClass = ClinicServiceSpringDataJpaTests, testInstance = org.springframework.samples.petclinic.service.clinicService.ClinicServiceSpringDataJpaTests@55d55884, testMethod = shouldInsertPetType@AbstractClinicServiceTests, testException = [null], mergedContextConfiguration = [WebMergedContextConfiguration@9ace34a testClass = ClinicServiceSpringDataJpaTests, locations = '{}', classes = '{class org.springframework.samples.petclinic.PetClinicApplication}', contextInitializerClasses = '[]', activeProfiles = '{spring-data-jpa, hsqldb}', propertySourceLocations = '{}', propertySourceProperties = '{org.springframework.boot.test.context.SpringBootTestContextBootstrapper=true}', contextCustomizers = set[org.springframework.boot.test.autoconfigure.properties.PropertyMappingContextCustomizer@0, org.springframework.boot.test.autoconfigure.web.servlet.WebDriverContextCustomizerFactory$Customizer@25ec26ae, org.springframework.boot.test.context.SpringBootTestContextCustomizer@22c55f44, org.springframework.boot.test.context.filter.ExcludeFilterContextCustomizer@4a639ef0, org.springframework.boot.test.json.DuplicateJsonObjectContextCustomizerFactory$DuplicateJsonObjectContextCustomizer@2ac720c8, org.springframework.boot.test.mock.mockito.MockitoContextCustomizer@0], resourceBasePath = 'src/main/webapp', contextLoader = 'org.springframework.boot.test.context.SpringBootContextLoader', parent = [null]]]; transaction manager [org.springframework.orm.jpa.JpaTransactionManager@60e350a4]; rollback [true]
INFO  TransactionContext - Rolled back transaction for test context [DefaultTestContext@4a1d4f80 testClass = ClinicServiceSpringDataJpaTests, testInstance = org.springframework.samples.petclinic.service.clinicService.ClinicServiceSpringDataJpaTests@55d55884, testMethod = shouldInsertPetType@AbstractClinicServiceTests, testException = [null], mergedContextConfiguration = [WebMergedContextConfiguration@9ace34a testClass = ClinicServiceSpringDataJpaTests, locations = '{}', classes = '{class org.springframework.samples.petclinic.PetClinicApplication}', contextInitializerClasses = '[]', activeProfiles = '{spring-data-jpa, hsqldb}', propertySourceLocations = '{}', propertySourceProperties = '{org.springframework.boot.test.context.SpringBootTestContextBootstrapper=true}', contextCustomizers = set[org.springframework.boot.test.autoconfigure.properties.PropertyMappingContextCustomizer@0, org.springframework.boot.test.autoconfigure.web.servlet.WebDriverContextCustomizerFactory$Customizer@25ec26ae, org.springframework.boot.test.context.SpringBootTestContextCustomizer@22c55f44, org.springframework.boot.test.context.filter.ExcludeFilterContextCustomizer@4a639ef0, org.springframework.boot.test.json.DuplicateJsonObjectContextCustomizerFactory$DuplicateJsonObjectContextCustomizer@2ac720c8, org.springframework.boot.test.mock.mockito.MockitoContextCustomizer@0], resourceBasePath = 'src/main/webapp', contextLoader = 'org.springframework.boot.test.context.SpringBootContextLoader', parent = [null]]].
INFO  TransactionContext - Began transaction (1) for test context [DefaultTestContext@4a1d4f80 testClass = ClinicServiceSpringDataJpaTests, testInstance = org.springframework.samples.petclinic.service.clinicService.ClinicServiceSpringDataJpaTests@2b57c438, testMethod = shouldDeletePetType@AbstractClinicServiceTests, testException = [null], mergedContextConfiguration = [WebMergedContextConfiguration@9ace34a testClass = ClinicServiceSpringDataJpaTests, locations = '{}', classes = '{class org.springframework.samples.petclinic.PetClinicApplication}', contextInitializerClasses = '[]', activeProfiles = '{spring-data-jpa, hsqldb}', propertySourceLocations = '{}', propertySourceProperties = '{org.springframework.boot.test.context.SpringBootTestContextBootstrapper=true}', contextCustomizers = set[org.springframework.boot.test.autoconfigure.properties.PropertyMappingContextCustomizer@0, org.springframework.boot.test.autoconfigure.web.servlet.WebDriverContextCustomizerFactory$Customizer@25ec26ae, org.springframework.boot.test.context.SpringBootTestContextCustomizer@22c55f44, org.springframework.boot.test.context.filter.ExcludeFilterContextCustomizer@4a639ef0, org.springframework.boot.test.json.DuplicateJsonObjectContextCustomizerFactory$DuplicateJsonObjectContextCustomizer@2ac720c8, org.springframework.boot.test.mock.mockito.MockitoContextCustomizer@0], resourceBasePath = 'src/main/webapp', contextLoader = 'org.springframework.boot.test.context.SpringBootContextLoader', parent = [null]]]; transaction manager [org.springframework.orm.jpa.JpaTransactionManager@60e350a4]; rollback [true]
INFO  TransactionContext - Rolled back transaction for test context [DefaultTestContext@4a1d4f80 testClass = ClinicServiceSpringDataJpaTests, testInstance = org.springframework.samples.petclinic.service.clinicService.ClinicServiceSpringDataJpaTests@2b57c438, testMethod = shouldDeletePetType@AbstractClinicServiceTests, testException = [null], mergedContextConfiguration = [WebMergedContextConfiguration@9ace34a testClass = ClinicServiceSpringDataJpaTests, locations = '{}', classes = '{class org.springframework.samples.petclinic.PetClinicApplication}', contextInitializerClasses = '[]', activeProfiles = '{spring-data-jpa, hsqldb}', propertySourceLocations = '{}', propertySourceProperties = '{org.springframework.boot.test.context.SpringBootTestContextBootstrapper=true}', contextCustomizers = set[org.springframework.boot.test.autoconfigure.properties.PropertyMappingContextCustomizer@0, org.springframework.boot.test.autoconfigure.web.servlet.WebDriverContextCustomizerFactory$Customizer@25ec26ae, org.springframework.boot.test.context.SpringBootTestContextCustomizer@22c55f44, org.springframework.boot.test.context.filter.ExcludeFilterContextCustomizer@4a639ef0, org.springframework.boot.test.json.DuplicateJsonObjectContextCustomizerFactory$DuplicateJsonObjectContextCustomizer@2ac720c8, org.springframework.boot.test.mock.mockito.MockitoContextCustomizer@0], resourceBasePath = 'src/main/webapp', contextLoader = 'org.springframework.boot.test.context.SpringBootContextLoader', parent = [null]]].
INFO  TransactionContext - Began transaction (1) for test context [DefaultTestContext@4a1d4f80 testClass = ClinicServiceSpringDataJpaTests, testInstance = org.springframework.samples.petclinic.service.clinicService.ClinicServiceSpringDataJpaTests@363b983e, testMethod = shouldDeleteSpecialty@AbstractClinicServiceTests, testException = [null], mergedContextConfiguration = [WebMergedContextConfiguration@9ace34a testClass = ClinicServiceSpringDataJpaTests, locations = '{}', classes = '{class org.springframework.samples.petclinic.PetClinicApplication}', contextInitializerClasses = '[]', activeProfiles = '{spring-data-jpa, hsqldb}', propertySourceLocations = '{}', propertySourceProperties = '{org.springframework.boot.test.context.SpringBootTestContextBootstrapper=true}', contextCustomizers = set[org.springframework.boot.test.autoconfigure.properties.PropertyMappingContextCustomizer@0, org.springframework.boot.test.autoconfigure.web.servlet.WebDriverContextCustomizerFactory$Customizer@25ec26ae, org.springframework.boot.test.context.SpringBootTestContextCustomizer@22c55f44, org.springframework.boot.test.context.filter.ExcludeFilterContextCustomizer@4a639ef0, org.springframework.boot.test.json.DuplicateJsonObjectContextCustomizerFactory$DuplicateJsonObjectContextCustomizer@2ac720c8, org.springframework.boot.test.mock.mockito.MockitoContextCustomizer@0], resourceBasePath = 'src/main/webapp', contextLoader = 'org.springframework.boot.test.context.SpringBootContextLoader', parent = [null]]]; transaction manager [org.springframework.orm.jpa.JpaTransactionManager@60e350a4]; rollback [true]
INFO  TransactionContext - Rolled back transaction for test context [DefaultTestContext@4a1d4f80 testClass = ClinicServiceSpringDataJpaTests, testInstance = org.springframework.samples.petclinic.service.clinicService.ClinicServiceSpringDataJpaTests@363b983e, testMethod = shouldDeleteSpecialty@AbstractClinicServiceTests, testException = [null], mergedContextConfiguration = [WebMergedContextConfiguration@9ace34a testClass = ClinicServiceSpringDataJpaTests, locations = '{}', classes = '{class org.springframework.samples.petclinic.PetClinicApplication}', contextInitializerClasses = '[]', activeProfiles = '{spring-data-jpa, hsqldb}', propertySourceLocations = '{}', propertySourceProperties = '{org.springframework.boot.test.context.SpringBootTestContextBootstrapper=true}', contextCustomizers = set[org.springframework.boot.test.autoconfigure.properties.PropertyMappingContextCustomizer@0, org.springframework.boot.test.autoconfigure.web.servlet.WebDriverContextCustomizerFactory$Customizer@25ec26ae, org.springframework.boot.test.context.SpringBootTestContextCustomizer@22c55f44, org.springframework.boot.test.context.filter.ExcludeFilterContextCustomizer@4a639ef0, org.springframework.boot.test.json.DuplicateJsonObjectContextCustomizerFactory$DuplicateJsonObjectContextCustomizer@2ac720c8, org.springframework.boot.test.mock.mockito.MockitoContextCustomizer@0], resourceBasePath = 'src/main/webapp', contextLoader = 'org.springframework.boot.test.context.SpringBootContextLoader', parent = [null]]].
]]></system-out>
  <system-err><![CDATA[]]></system-err>
</testsuite>
