<?xml version="1.0" encoding="UTF-8"?>
<testsuite name="org.springframework.samples.petclinic.rest.VisitRestControllerTests" tests="10" skipped="0" failures="0" errors="0" timestamp="2019-03-05T14:43:27" hostname="ky-laptop" time="0.217">
  <properties/>
  <testcase name="testGetAllVisitsNotFound" classname="org.springframework.samples.petclinic.rest.VisitRestControllerTests" time="0.031"/>
  <testcase name="testGetVisitSuccess" classname="org.springframework.samples.petclinic.rest.VisitRestControllerTests" time="0.019"/>
  <testcase name="testUpdateVisitSuccess" classname="org.springframework.samples.petclinic.rest.VisitRestControllerTests" time="0.032"/>
  <testcase name="testCreateVisitError" classname="org.springframework.samples.petclinic.rest.VisitRestControllerTests" time="0.018"/>
  <testcase name="testDeleteVisitError" classname="org.springframework.samples.petclinic.rest.VisitRestControllerTests" time="0.02"/>
  <testcase name="testUpdateVisitError" classname="org.springframework.samples.petclinic.rest.VisitRestControllerTests" time="0.016"/>
  <testcase name="testGetAllVisitsSuccess" classname="org.springframework.samples.petclinic.rest.VisitRestControllerTests" time="0.018"/>
  <testcase name="testGetVisitNotFound" classname="org.springframework.samples.petclinic.rest.VisitRestControllerTests" time="0.014"/>
  <testcase name="testCreateVisitSuccess" classname="org.springframework.samples.petclinic.rest.VisitRestControllerTests" time="0.028"/>
  <testcase name="testDeleteVisitSuccess" classname="org.springframework.samples.petclinic.rest.VisitRestControllerTests" time="0.016"/>
  <system-out><![CDATA[INFO  AbstractContextLoader - Could not detect default resource locations for test class [org.springframework.samples.petclinic.rest.VisitRestControllerTests]: no resource found for suffixes {-context.xml, Context.groovy}.
INFO  SpringBootTestContextBootstrapper - Found @SpringBootConfiguration org.springframework.samples.petclinic.PetClinicApplication for test class org.springframework.samples.petclinic.rest.VisitRestControllerTests
INFO  SpringBootTestContextBootstrapper - Loaded default TestExecutionListener class names from location [META-INF/spring.factories]: [org.springframework.security.test.context.support.WithSecurityContextTestExecutionListener, org.springframework.boot.test.autoconfigure.restdocs.RestDocsTestExecutionListener, org.springframework.boot.test.autoconfigure.web.client.MockRestServiceServerResetTestExecutionListener, org.springframework.boot.test.autoconfigure.web.servlet.MockMvcPrintOnlyOnFailureTestExecutionListener, org.springframework.boot.test.autoconfigure.web.servlet.WebDriverTestExecutionListener, org.springframework.boot.test.mock.mockito.MockitoTestExecutionListener, org.springframework.boot.test.mock.mockito.ResetMocksTestExecutionListener, org.springframework.test.context.web.ServletTestExecutionListener, org.springframework.test.context.support.DirtiesContextBeforeModesTestExecutionListener, org.springframework.test.context.support.DependencyInjectionTestExecutionListener, org.springframework.test.context.support.DirtiesContextTestExecutionListener, org.springframework.test.context.transaction.TransactionalTestExecutionListener, org.springframework.test.context.jdbc.SqlScriptsTestExecutionListener]
INFO  SpringBootTestContextBootstrapper - Using TestExecutionListeners: [org.springframework.test.context.web.ServletTestExecutionListener@4c5b9cce, org.springframework.test.context.support.DirtiesContextBeforeModesTestExecutionListener@4ce727db, org.springframework.boot.test.autoconfigure.SpringBootDependencyInjectionTestExecutionListener@45546830, org.springframework.test.context.support.DirtiesContextTestExecutionListener@1840b502, org.springframework.test.context.transaction.TransactionalTestExecutionListener@8edf728, org.springframework.test.context.jdbc.SqlScriptsTestExecutionListener@7dc1c011, org.springframework.security.test.context.support.WithSecurityContextTestExecutionListener@1bb23271, org.springframework.boot.test.autoconfigure.web.client.MockRestServiceServerResetTestExecutionListener@6c77ca0, org.springframework.boot.test.autoconfigure.web.servlet.WebDriverTestExecutionListener@61748fe7, org.springframework.boot.test.mock.mockito.ResetMocksTestExecutionListener@12c60a90, org.springframework.boot.test.autoconfigure.restdocs.RestDocsTestExecutionListener@186d9303, org.springframework.boot.test.autoconfigure.web.servlet.MockMvcPrintOnlyOnFailureTestExecutionListener@25f2ded2, org.springframework.boot.test.mock.mockito.MockitoTestExecutionListener@603c663c]
INFO  StandaloneMockMvcBuilder$StaticRequestMappingHandlerMapping - Mapped "{[/api/visits/{visitId}],methods=[PUT],produces=[application/json;charset=UTF-8]}" onto public org.springframework.http.ResponseEntity<org.springframework.samples.petclinic.model.Visit> org.springframework.samples.petclinic.rest.VisitRestController.updateVisit(int,org.springframework.samples.petclinic.model.Visit,org.springframework.validation.BindingResult)
INFO  StandaloneMockMvcBuilder$StaticRequestMappingHandlerMapping - Mapped "{[/api/visits],methods=[POST],produces=[application/json;charset=UTF-8]}" onto public org.springframework.http.ResponseEntity<org.springframework.samples.petclinic.model.Visit> org.springframework.samples.petclinic.rest.VisitRestController.addVisit(org.springframework.samples.petclinic.model.Visit,org.springframework.validation.BindingResult,org.springframework.web.util.UriComponentsBuilder)
INFO  StandaloneMockMvcBuilder$StaticRequestMappingHandlerMapping - Mapped "{[/api/visits/{visitId}],methods=[DELETE],produces=[application/json;charset=UTF-8]}" onto public org.springframework.http.ResponseEntity<java.lang.Void> org.springframework.samples.petclinic.rest.VisitRestController.deleteVisit(int)
INFO  StandaloneMockMvcBuilder$StaticRequestMappingHandlerMapping - Mapped "{[/api/visits/{visitId}],methods=[GET],produces=[application/json;charset=UTF-8]}" onto public org.springframework.http.ResponseEntity<org.springframework.samples.petclinic.model.Visit> org.springframework.samples.petclinic.rest.VisitRestController.getVisit(int)
INFO  StandaloneMockMvcBuilder$StaticRequestMappingHandlerMapping - Mapped "{[/api/visits],methods=[GET],produces=[application/json;charset=UTF-8]}" onto public org.springframework.http.ResponseEntity<java.util.Collection<org.springframework.samples.petclinic.model.Visit>> org.springframework.samples.petclinic.rest.VisitRestController.getAllVisits()
INFO  RequestMappingHandlerAdapter - Looking for @ControllerAdvice: org.springframework.test.web.servlet.setup.StubWebApplicationContext@27083425
INFO  ExceptionHandlerExceptionResolver - Detected @ExceptionHandler methods in org.springframework.samples.petclinic.rest.ExceptionControllerAdvice#79fc5ef8
INFO  MockServletContext - Initializing Spring FrameworkServlet ''
INFO  TestDispatcherServlet - FrameworkServlet '': initialization started
INFO  TestDispatcherServlet - FrameworkServlet '': initialization completed in 0 ms
INFO  StandaloneMockMvcBuilder$StaticRequestMappingHandlerMapping - Mapped "{[/api/visits/{visitId}],methods=[PUT],produces=[application/json;charset=UTF-8]}" onto public org.springframework.http.ResponseEntity<org.springframework.samples.petclinic.model.Visit> org.springframework.samples.petclinic.rest.VisitRestController.updateVisit(int,org.springframework.samples.petclinic.model.Visit,org.springframework.validation.BindingResult)
INFO  StandaloneMockMvcBuilder$StaticRequestMappingHandlerMapping - Mapped "{[/api/visits],methods=[POST],produces=[application/json;charset=UTF-8]}" onto public org.springframework.http.ResponseEntity<org.springframework.samples.petclinic.model.Visit> org.springframework.samples.petclinic.rest.VisitRestController.addVisit(org.springframework.samples.petclinic.model.Visit,org.springframework.validation.BindingResult,org.springframework.web.util.UriComponentsBuilder)
INFO  StandaloneMockMvcBuilder$StaticRequestMappingHandlerMapping - Mapped "{[/api/visits/{visitId}],methods=[DELETE],produces=[application/json;charset=UTF-8]}" onto public org.springframework.http.ResponseEntity<java.lang.Void> org.springframework.samples.petclinic.rest.VisitRestController.deleteVisit(int)
INFO  StandaloneMockMvcBuilder$StaticRequestMappingHandlerMapping - Mapped "{[/api/visits/{visitId}],methods=[GET],produces=[application/json;charset=UTF-8]}" onto public org.springframework.http.ResponseEntity<org.springframework.samples.petclinic.model.Visit> org.springframework.samples.petclinic.rest.VisitRestController.getVisit(int)
INFO  StandaloneMockMvcBuilder$StaticRequestMappingHandlerMapping - Mapped "{[/api/visits],methods=[GET],produces=[application/json;charset=UTF-8]}" onto public org.springframework.http.ResponseEntity<java.util.Collection<org.springframework.samples.petclinic.model.Visit>> org.springframework.samples.petclinic.rest.VisitRestController.getAllVisits()
INFO  RequestMappingHandlerAdapter - Looking for @ControllerAdvice: org.springframework.test.web.servlet.setup.StubWebApplicationContext@1a1d8d26
INFO  ExceptionHandlerExceptionResolver - Detected @ExceptionHandler methods in org.springframework.samples.petclinic.rest.ExceptionControllerAdvice#60596da9
INFO  MockServletContext - Initializing Spring FrameworkServlet ''
INFO  TestDispatcherServlet - FrameworkServlet '': initialization started
INFO  TestDispatcherServlet - FrameworkServlet '': initialization completed in 0 ms
INFO  StandaloneMockMvcBuilder$StaticRequestMappingHandlerMapping - Mapped "{[/api/visits/{visitId}],methods=[PUT],produces=[application/json;charset=UTF-8]}" onto public org.springframework.http.ResponseEntity<org.springframework.samples.petclinic.model.Visit> org.springframework.samples.petclinic.rest.VisitRestController.updateVisit(int,org.springframework.samples.petclinic.model.Visit,org.springframework.validation.BindingResult)
INFO  StandaloneMockMvcBuilder$StaticRequestMappingHandlerMapping - Mapped "{[/api/visits],methods=[POST],produces=[application/json;charset=UTF-8]}" onto public org.springframework.http.ResponseEntity<org.springframework.samples.petclinic.model.Visit> org.springframework.samples.petclinic.rest.VisitRestController.addVisit(org.springframework.samples.petclinic.model.Visit,org.springframework.validation.BindingResult,org.springframework.web.util.UriComponentsBuilder)
INFO  StandaloneMockMvcBuilder$StaticRequestMappingHandlerMapping - Mapped "{[/api/visits/{visitId}],methods=[DELETE],produces=[application/json;charset=UTF-8]}" onto public org.springframework.http.ResponseEntity<java.lang.Void> org.springframework.samples.petclinic.rest.VisitRestController.deleteVisit(int)
INFO  StandaloneMockMvcBuilder$StaticRequestMappingHandlerMapping - Mapped "{[/api/visits/{visitId}],methods=[GET],produces=[application/json;charset=UTF-8]}" onto public org.springframework.http.ResponseEntity<org.springframework.samples.petclinic.model.Visit> org.springframework.samples.petclinic.rest.VisitRestController.getVisit(int)
INFO  StandaloneMockMvcBuilder$StaticRequestMappingHandlerMapping - Mapped "{[/api/visits],methods=[GET],produces=[application/json;charset=UTF-8]}" onto public org.springframework.http.ResponseEntity<java.util.Collection<org.springframework.samples.petclinic.model.Visit>> org.springframework.samples.petclinic.rest.VisitRestController.getAllVisits()
INFO  RequestMappingHandlerAdapter - Looking for @ControllerAdvice: org.springframework.test.web.servlet.setup.StubWebApplicationContext@99fdcb2
INFO  ExceptionHandlerExceptionResolver - Detected @ExceptionHandler methods in org.springframework.samples.petclinic.rest.ExceptionControllerAdvice#18352689
INFO  MockServletContext - Initializing Spring FrameworkServlet ''
INFO  TestDispatcherServlet - FrameworkServlet '': initialization started
INFO  TestDispatcherServlet - FrameworkServlet '': initialization completed in 1 ms
INFO  StandaloneMockMvcBuilder$StaticRequestMappingHandlerMapping - Mapped "{[/api/visits/{visitId}],methods=[PUT],produces=[application/json;charset=UTF-8]}" onto public org.springframework.http.ResponseEntity<org.springframework.samples.petclinic.model.Visit> org.springframework.samples.petclinic.rest.VisitRestController.updateVisit(int,org.springframework.samples.petclinic.model.Visit,org.springframework.validation.BindingResult)
INFO  StandaloneMockMvcBuilder$StaticRequestMappingHandlerMapping - Mapped "{[/api/visits],methods=[POST],produces=[application/json;charset=UTF-8]}" onto public org.springframework.http.ResponseEntity<org.springframework.samples.petclinic.model.Visit> org.springframework.samples.petclinic.rest.VisitRestController.addVisit(org.springframework.samples.petclinic.model.Visit,org.springframework.validation.BindingResult,org.springframework.web.util.UriComponentsBuilder)
INFO  StandaloneMockMvcBuilder$StaticRequestMappingHandlerMapping - Mapped "{[/api/visits/{visitId}],methods=[DELETE],produces=[application/json;charset=UTF-8]}" onto public org.springframework.http.ResponseEntity<java.lang.Void> org.springframework.samples.petclinic.rest.VisitRestController.deleteVisit(int)
INFO  StandaloneMockMvcBuilder$StaticRequestMappingHandlerMapping - Mapped "{[/api/visits/{visitId}],methods=[GET],produces=[application/json;charset=UTF-8]}" onto public org.springframework.http.ResponseEntity<org.springframework.samples.petclinic.model.Visit> org.springframework.samples.petclinic.rest.VisitRestController.getVisit(int)
INFO  StandaloneMockMvcBuilder$StaticRequestMappingHandlerMapping - Mapped "{[/api/visits],methods=[GET],produces=[application/json;charset=UTF-8]}" onto public org.springframework.http.ResponseEntity<java.util.Collection<org.springframework.samples.petclinic.model.Visit>> org.springframework.samples.petclinic.rest.VisitRestController.getAllVisits()
INFO  RequestMappingHandlerAdapter - Looking for @ControllerAdvice: org.springframework.test.web.servlet.setup.StubWebApplicationContext@6269e214
INFO  ExceptionHandlerExceptionResolver - Detected @ExceptionHandler methods in org.springframework.samples.petclinic.rest.ExceptionControllerAdvice#33c16864
INFO  MockServletContext - Initializing Spring FrameworkServlet ''
INFO  TestDispatcherServlet - FrameworkServlet '': initialization started
INFO  TestDispatcherServlet - FrameworkServlet '': initialization completed in 0 ms
INFO  StandaloneMockMvcBuilder$StaticRequestMappingHandlerMapping - Mapped "{[/api/visits/{visitId}],methods=[PUT],produces=[application/json;charset=UTF-8]}" onto public org.springframework.http.ResponseEntity<org.springframework.samples.petclinic.model.Visit> org.springframework.samples.petclinic.rest.VisitRestController.updateVisit(int,org.springframework.samples.petclinic.model.Visit,org.springframework.validation.BindingResult)
INFO  StandaloneMockMvcBuilder$StaticRequestMappingHandlerMapping - Mapped "{[/api/visits],methods=[POST],produces=[application/json;charset=UTF-8]}" onto public org.springframework.http.ResponseEntity<org.springframework.samples.petclinic.model.Visit> org.springframework.samples.petclinic.rest.VisitRestController.addVisit(org.springframework.samples.petclinic.model.Visit,org.springframework.validation.BindingResult,org.springframework.web.util.UriComponentsBuilder)
INFO  StandaloneMockMvcBuilder$StaticRequestMappingHandlerMapping - Mapped "{[/api/visits/{visitId}],methods=[DELETE],produces=[application/json;charset=UTF-8]}" onto public org.springframework.http.ResponseEntity<java.lang.Void> org.springframework.samples.petclinic.rest.VisitRestController.deleteVisit(int)
INFO  StandaloneMockMvcBuilder$StaticRequestMappingHandlerMapping - Mapped "{[/api/visits/{visitId}],methods=[GET],produces=[application/json;charset=UTF-8]}" onto public org.springframework.http.ResponseEntity<org.springframework.samples.petclinic.model.Visit> org.springframework.samples.petclinic.rest.VisitRestController.getVisit(int)
INFO  StandaloneMockMvcBuilder$StaticRequestMappingHandlerMapping - Mapped "{[/api/visits],methods=[GET],produces=[application/json;charset=UTF-8]}" onto public org.springframework.http.ResponseEntity<java.util.Collection<org.springframework.samples.petclinic.model.Visit>> org.springframework.samples.petclinic.rest.VisitRestController.getAllVisits()
INFO  RequestMappingHandlerAdapter - Looking for @ControllerAdvice: org.springframework.test.web.servlet.setup.StubWebApplicationContext@5e8feb6c
INFO  ExceptionHandlerExceptionResolver - Detected @ExceptionHandler methods in org.springframework.samples.petclinic.rest.ExceptionControllerAdvice#5a08e876
INFO  MockServletContext - Initializing Spring FrameworkServlet ''
INFO  TestDispatcherServlet - FrameworkServlet '': initialization started
INFO  TestDispatcherServlet - FrameworkServlet '': initialization completed in 0 ms
INFO  StandaloneMockMvcBuilder$StaticRequestMappingHandlerMapping - Mapped "{[/api/visits/{visitId}],methods=[PUT],produces=[application/json;charset=UTF-8]}" onto public org.springframework.http.ResponseEntity<org.springframework.samples.petclinic.model.Visit> org.springframework.samples.petclinic.rest.VisitRestController.updateVisit(int,org.springframework.samples.petclinic.model.Visit,org.springframework.validation.BindingResult)
INFO  StandaloneMockMvcBuilder$StaticRequestMappingHandlerMapping - Mapped "{[/api/visits],methods=[POST],produces=[application/json;charset=UTF-8]}" onto public org.springframework.http.ResponseEntity<org.springframework.samples.petclinic.model.Visit> org.springframework.samples.petclinic.rest.VisitRestController.addVisit(org.springframework.samples.petclinic.model.Visit,org.springframework.validation.BindingResult,org.springframework.web.util.UriComponentsBuilder)
INFO  StandaloneMockMvcBuilder$StaticRequestMappingHandlerMapping - Mapped "{[/api/visits/{visitId}],methods=[DELETE],produces=[application/json;charset=UTF-8]}" onto public org.springframework.http.ResponseEntity<java.lang.Void> org.springframework.samples.petclinic.rest.VisitRestController.deleteVisit(int)
INFO  StandaloneMockMvcBuilder$StaticRequestMappingHandlerMapping - Mapped "{[/api/visits/{visitId}],methods=[GET],produces=[application/json;charset=UTF-8]}" onto public org.springframework.http.ResponseEntity<org.springframework.samples.petclinic.model.Visit> org.springframework.samples.petclinic.rest.VisitRestController.getVisit(int)
INFO  StandaloneMockMvcBuilder$StaticRequestMappingHandlerMapping - Mapped "{[/api/visits],methods=[GET],produces=[application/json;charset=UTF-8]}" onto public org.springframework.http.ResponseEntity<java.util.Collection<org.springframework.samples.petclinic.model.Visit>> org.springframework.samples.petclinic.rest.VisitRestController.getAllVisits()
INFO  RequestMappingHandlerAdapter - Looking for @ControllerAdvice: org.springframework.test.web.servlet.setup.StubWebApplicationContext@69ce9ecc
INFO  ExceptionHandlerExceptionResolver - Detected @ExceptionHandler methods in org.springframework.samples.petclinic.rest.ExceptionControllerAdvice#80cbbf3
INFO  MockServletContext - Initializing Spring FrameworkServlet ''
INFO  TestDispatcherServlet - FrameworkServlet '': initialization started
INFO  TestDispatcherServlet - FrameworkServlet '': initialization completed in 0 ms
INFO  StandaloneMockMvcBuilder$StaticRequestMappingHandlerMapping - Mapped "{[/api/visits/{visitId}],methods=[PUT],produces=[application/json;charset=UTF-8]}" onto public org.springframework.http.ResponseEntity<org.springframework.samples.petclinic.model.Visit> org.springframework.samples.petclinic.rest.VisitRestController.updateVisit(int,org.springframework.samples.petclinic.model.Visit,org.springframework.validation.BindingResult)
INFO  StandaloneMockMvcBuilder$StaticRequestMappingHandlerMapping - Mapped "{[/api/visits],methods=[POST],produces=[application/json;charset=UTF-8]}" onto public org.springframework.http.ResponseEntity<org.springframework.samples.petclinic.model.Visit> org.springframework.samples.petclinic.rest.VisitRestController.addVisit(org.springframework.samples.petclinic.model.Visit,org.springframework.validation.BindingResult,org.springframework.web.util.UriComponentsBuilder)
INFO  StandaloneMockMvcBuilder$StaticRequestMappingHandlerMapping - Mapped "{[/api/visits/{visitId}],methods=[DELETE],produces=[application/json;charset=UTF-8]}" onto public org.springframework.http.ResponseEntity<java.lang.Void> org.springframework.samples.petclinic.rest.VisitRestController.deleteVisit(int)
INFO  StandaloneMockMvcBuilder$StaticRequestMappingHandlerMapping - Mapped "{[/api/visits/{visitId}],methods=[GET],produces=[application/json;charset=UTF-8]}" onto public org.springframework.http.ResponseEntity<org.springframework.samples.petclinic.model.Visit> org.springframework.samples.petclinic.rest.VisitRestController.getVisit(int)
INFO  StandaloneMockMvcBuilder$StaticRequestMappingHandlerMapping - Mapped "{[/api/visits],methods=[GET],produces=[application/json;charset=UTF-8]}" onto public org.springframework.http.ResponseEntity<java.util.Collection<org.springframework.samples.petclinic.model.Visit>> org.springframework.samples.petclinic.rest.VisitRestController.getAllVisits()
INFO  RequestMappingHandlerAdapter - Looking for @ControllerAdvice: org.springframework.test.web.servlet.setup.StubWebApplicationContext@7c1c9fa5
INFO  ExceptionHandlerExceptionResolver - Detected @ExceptionHandler methods in org.springframework.samples.petclinic.rest.ExceptionControllerAdvice#459dae6d
INFO  MockServletContext - Initializing Spring FrameworkServlet ''
INFO  TestDispatcherServlet - FrameworkServlet '': initialization started
INFO  TestDispatcherServlet - FrameworkServlet '': initialization completed in 0 ms
INFO  StandaloneMockMvcBuilder$StaticRequestMappingHandlerMapping - Mapped "{[/api/visits/{visitId}],methods=[PUT],produces=[application/json;charset=UTF-8]}" onto public org.springframework.http.ResponseEntity<org.springframework.samples.petclinic.model.Visit> org.springframework.samples.petclinic.rest.VisitRestController.updateVisit(int,org.springframework.samples.petclinic.model.Visit,org.springframework.validation.BindingResult)
INFO  StandaloneMockMvcBuilder$StaticRequestMappingHandlerMapping - Mapped "{[/api/visits],methods=[POST],produces=[application/json;charset=UTF-8]}" onto public org.springframework.http.ResponseEntity<org.springframework.samples.petclinic.model.Visit> org.springframework.samples.petclinic.rest.VisitRestController.addVisit(org.springframework.samples.petclinic.model.Visit,org.springframework.validation.BindingResult,org.springframework.web.util.UriComponentsBuilder)
INFO  StandaloneMockMvcBuilder$StaticRequestMappingHandlerMapping - Mapped "{[/api/visits/{visitId}],methods=[DELETE],produces=[application/json;charset=UTF-8]}" onto public org.springframework.http.ResponseEntity<java.lang.Void> org.springframework.samples.petclinic.rest.VisitRestController.deleteVisit(int)
INFO  StandaloneMockMvcBuilder$StaticRequestMappingHandlerMapping - Mapped "{[/api/visits/{visitId}],methods=[GET],produces=[application/json;charset=UTF-8]}" onto public org.springframework.http.ResponseEntity<org.springframework.samples.petclinic.model.Visit> org.springframework.samples.petclinic.rest.VisitRestController.getVisit(int)
INFO  StandaloneMockMvcBuilder$StaticRequestMappingHandlerMapping - Mapped "{[/api/visits],methods=[GET],produces=[application/json;charset=UTF-8]}" onto public org.springframework.http.ResponseEntity<java.util.Collection<org.springframework.samples.petclinic.model.Visit>> org.springframework.samples.petclinic.rest.VisitRestController.getAllVisits()
INFO  RequestMappingHandlerAdapter - Looking for @ControllerAdvice: org.springframework.test.web.servlet.setup.StubWebApplicationContext@673a31d9
INFO  ExceptionHandlerExceptionResolver - Detected @ExceptionHandler methods in org.springframework.samples.petclinic.rest.ExceptionControllerAdvice#58f1ac26
INFO  MockServletContext - Initializing Spring FrameworkServlet ''
INFO  TestDispatcherServlet - FrameworkServlet '': initialization started
INFO  TestDispatcherServlet - FrameworkServlet '': initialization completed in 1 ms
INFO  StandaloneMockMvcBuilder$StaticRequestMappingHandlerMapping - Mapped "{[/api/visits/{visitId}],methods=[PUT],produces=[application/json;charset=UTF-8]}" onto public org.springframework.http.ResponseEntity<org.springframework.samples.petclinic.model.Visit> org.springframework.samples.petclinic.rest.VisitRestController.updateVisit(int,org.springframework.samples.petclinic.model.Visit,org.springframework.validation.BindingResult)
INFO  StandaloneMockMvcBuilder$StaticRequestMappingHandlerMapping - Mapped "{[/api/visits],methods=[POST],produces=[application/json;charset=UTF-8]}" onto public org.springframework.http.ResponseEntity<org.springframework.samples.petclinic.model.Visit> org.springframework.samples.petclinic.rest.VisitRestController.addVisit(org.springframework.samples.petclinic.model.Visit,org.springframework.validation.BindingResult,org.springframework.web.util.UriComponentsBuilder)
INFO  StandaloneMockMvcBuilder$StaticRequestMappingHandlerMapping - Mapped "{[/api/visits/{visitId}],methods=[DELETE],produces=[application/json;charset=UTF-8]}" onto public org.springframework.http.ResponseEntity<java.lang.Void> org.springframework.samples.petclinic.rest.VisitRestController.deleteVisit(int)
INFO  StandaloneMockMvcBuilder$StaticRequestMappingHandlerMapping - Mapped "{[/api/visits/{visitId}],methods=[GET],produces=[application/json;charset=UTF-8]}" onto public org.springframework.http.ResponseEntity<org.springframework.samples.petclinic.model.Visit> org.springframework.samples.petclinic.rest.VisitRestController.getVisit(int)
INFO  StandaloneMockMvcBuilder$StaticRequestMappingHandlerMapping - Mapped "{[/api/visits],methods=[GET],produces=[application/json;charset=UTF-8]}" onto public org.springframework.http.ResponseEntity<java.util.Collection<org.springframework.samples.petclinic.model.Visit>> org.springframework.samples.petclinic.rest.VisitRestController.getAllVisits()
INFO  RequestMappingHandlerAdapter - Looking for @ControllerAdvice: org.springframework.test.web.servlet.setup.StubWebApplicationContext@373d0dd6
INFO  ExceptionHandlerExceptionResolver - Detected @ExceptionHandler methods in org.springframework.samples.petclinic.rest.ExceptionControllerAdvice#59c36d59
INFO  MockServletContext - Initializing Spring FrameworkServlet ''
INFO  TestDispatcherServlet - FrameworkServlet '': initialization started
INFO  TestDispatcherServlet - FrameworkServlet '': initialization completed in 0 ms
newVisitAsJSON {"id":999,"date":"2019/03/05","description":"rabies shot","pet":{"id":8,"name":"Rosy","birthDate":"2019/03/05","type":{"id":2,"name":"dog"},"owner":{"id":1,"firstName":"Eduardo","lastName":"Rodriquez","address":"2693 Commerce St.","city":"McFarland","telephone":"6085558763"}}}
INFO  StandaloneMockMvcBuilder$StaticRequestMappingHandlerMapping - Mapped "{[/api/visits/{visitId}],methods=[PUT],produces=[application/json;charset=UTF-8]}" onto public org.springframework.http.ResponseEntity<org.springframework.samples.petclinic.model.Visit> org.springframework.samples.petclinic.rest.VisitRestController.updateVisit(int,org.springframework.samples.petclinic.model.Visit,org.springframework.validation.BindingResult)
INFO  StandaloneMockMvcBuilder$StaticRequestMappingHandlerMapping - Mapped "{[/api/visits],methods=[POST],produces=[application/json;charset=UTF-8]}" onto public org.springframework.http.ResponseEntity<org.springframework.samples.petclinic.model.Visit> org.springframework.samples.petclinic.rest.VisitRestController.addVisit(org.springframework.samples.petclinic.model.Visit,org.springframework.validation.BindingResult,org.springframework.web.util.UriComponentsBuilder)
INFO  StandaloneMockMvcBuilder$StaticRequestMappingHandlerMapping - Mapped "{[/api/visits/{visitId}],methods=[DELETE],produces=[application/json;charset=UTF-8]}" onto public org.springframework.http.ResponseEntity<java.lang.Void> org.springframework.samples.petclinic.rest.VisitRestController.deleteVisit(int)
INFO  StandaloneMockMvcBuilder$StaticRequestMappingHandlerMapping - Mapped "{[/api/visits/{visitId}],methods=[GET],produces=[application/json;charset=UTF-8]}" onto public org.springframework.http.ResponseEntity<org.springframework.samples.petclinic.model.Visit> org.springframework.samples.petclinic.rest.VisitRestController.getVisit(int)
INFO  StandaloneMockMvcBuilder$StaticRequestMappingHandlerMapping - Mapped "{[/api/visits],methods=[GET],produces=[application/json;charset=UTF-8]}" onto public org.springframework.http.ResponseEntity<java.util.Collection<org.springframework.samples.petclinic.model.Visit>> org.springframework.samples.petclinic.rest.VisitRestController.getAllVisits()
INFO  RequestMappingHandlerAdapter - Looking for @ControllerAdvice: org.springframework.test.web.servlet.setup.StubWebApplicationContext@143c6cb3
INFO  ExceptionHandlerExceptionResolver - Detected @ExceptionHandler methods in org.springframework.samples.petclinic.rest.ExceptionControllerAdvice#404cd1d9
INFO  MockServletContext - Initializing Spring FrameworkServlet ''
INFO  TestDispatcherServlet - FrameworkServlet '': initialization started
INFO  TestDispatcherServlet - FrameworkServlet '': initialization completed in 0 ms
]]></system-out>
  <system-err><![CDATA[]]></system-err>
</testsuite>
