<?xml version="1.0" encoding="UTF-8"?>
<testsuite name="org.springframework.samples.petclinic.rest.SpecialtyRestControllerTests" tests="10" skipped="0" failures="0" errors="0" timestamp="2019-03-05T14:43:24" hostname="ky-laptop" time="0.169">
  <properties/>
  <testcase name="testCreateSpecialtySuccess" classname="org.springframework.samples.petclinic.rest.SpecialtyRestControllerTests" time="0.026"/>
  <testcase name="testUpdateSpecialtyError" classname="org.springframework.samples.petclinic.rest.SpecialtyRestControllerTests" time="0.022"/>
  <testcase name="testGetAllSpecialtysSuccess" classname="org.springframework.samples.petclinic.rest.SpecialtyRestControllerTests" time="0.014"/>
  <testcase name="testCreateSpecialtyError" classname="org.springframework.samples.petclinic.rest.SpecialtyRestControllerTests" time="0.017"/>
  <testcase name="testDeleteSpecialtyError" classname="org.springframework.samples.petclinic.rest.SpecialtyRestControllerTests" time="0.012"/>
  <testcase name="testDeleteSpecialtySuccess" classname="org.springframework.samples.petclinic.rest.SpecialtyRestControllerTests" time="0.013"/>
  <testcase name="testUpdateSpecialtySuccess" classname="org.springframework.samples.petclinic.rest.SpecialtyRestControllerTests" time="0.017"/>
  <testcase name="testGetSpecialtySuccess" classname="org.springframework.samples.petclinic.rest.SpecialtyRestControllerTests" time="0.016"/>
  <testcase name="testGetAllSpecialtysNotFound" classname="org.springframework.samples.petclinic.rest.SpecialtyRestControllerTests" time="0.012"/>
  <testcase name="testGetSpecialtyNotFound" classname="org.springframework.samples.petclinic.rest.SpecialtyRestControllerTests" time="0.012"/>
  <system-out><![CDATA[INFO  AbstractContextLoader - Could not detect default resource locations for test class [org.springframework.samples.petclinic.rest.SpecialtyRestControllerTests]: no resource found for suffixes {-context.xml, Context.groovy}.
INFO  SpringBootTestContextBootstrapper - Found @SpringBootConfiguration org.springframework.samples.petclinic.PetClinicApplication for test class org.springframework.samples.petclinic.rest.SpecialtyRestControllerTests
INFO  SpringBootTestContextBootstrapper - Loaded default TestExecutionListener class names from location [META-INF/spring.factories]: [org.springframework.security.test.context.support.WithSecurityContextTestExecutionListener, org.springframework.boot.test.autoconfigure.restdocs.RestDocsTestExecutionListener, org.springframework.boot.test.autoconfigure.web.client.MockRestServiceServerResetTestExecutionListener, org.springframework.boot.test.autoconfigure.web.servlet.MockMvcPrintOnlyOnFailureTestExecutionListener, org.springframework.boot.test.autoconfigure.web.servlet.WebDriverTestExecutionListener, org.springframework.boot.test.mock.mockito.MockitoTestExecutionListener, org.springframework.boot.test.mock.mockito.ResetMocksTestExecutionListener, org.springframework.test.context.web.ServletTestExecutionListener, org.springframework.test.context.support.DirtiesContextBeforeModesTestExecutionListener, org.springframework.test.context.support.DependencyInjectionTestExecutionListener, org.springframework.test.context.support.DirtiesContextTestExecutionListener, org.springframework.test.context.transaction.TransactionalTestExecutionListener, org.springframework.test.context.jdbc.SqlScriptsTestExecutionListener]
INFO  SpringBootTestContextBootstrapper - Using TestExecutionListeners: [org.springframework.test.context.web.ServletTestExecutionListener@4b6baab5, org.springframework.test.context.support.DirtiesContextBeforeModesTestExecutionListener@6efe9c6a, org.springframework.boot.test.autoconfigure.SpringBootDependencyInjectionTestExecutionListener@61cd3d3d, org.springframework.test.context.support.DirtiesContextTestExecutionListener@6e81c328, org.springframework.test.context.transaction.TransactionalTestExecutionListener@78a9e24f, org.springframework.test.context.jdbc.SqlScriptsTestExecutionListener@622e2cfc, org.springframework.security.test.context.support.WithSecurityContextTestExecutionListener@6a82d151, org.springframework.boot.test.autoconfigure.web.client.MockRestServiceServerResetTestExecutionListener@afad7aa, org.springframework.boot.test.autoconfigure.web.servlet.WebDriverTestExecutionListener@3df6f720, org.springframework.boot.test.mock.mockito.ResetMocksTestExecutionListener@2eac65ae, org.springframework.boot.test.autoconfigure.restdocs.RestDocsTestExecutionListener@52582173, org.springframework.boot.test.autoconfigure.web.servlet.MockMvcPrintOnlyOnFailureTestExecutionListener@ec3eb15, org.springframework.boot.test.mock.mockito.MockitoTestExecutionListener@486421a]
INFO  StandaloneMockMvcBuilder$StaticRequestMappingHandlerMapping - Mapped "{[/api/specialties/{specialtyId}],methods=[GET],produces=[application/json;charset=UTF-8]}" onto public org.springframework.http.ResponseEntity<org.springframework.samples.petclinic.model.Specialty> org.springframework.samples.petclinic.rest.SpecialtyRestController.getSpecialty(int)
INFO  StandaloneMockMvcBuilder$StaticRequestMappingHandlerMapping - Mapped "{[/api/specialties],methods=[POST],produces=[application/json;charset=UTF-8]}" onto public org.springframework.http.ResponseEntity<org.springframework.samples.petclinic.model.Specialty> org.springframework.samples.petclinic.rest.SpecialtyRestController.addSpecialty(org.springframework.samples.petclinic.model.Specialty,org.springframework.validation.BindingResult,org.springframework.web.util.UriComponentsBuilder)
INFO  StandaloneMockMvcBuilder$StaticRequestMappingHandlerMapping - Mapped "{[/api/specialties/{specialtyId}],methods=[PUT],produces=[application/json;charset=UTF-8]}" onto public org.springframework.http.ResponseEntity<org.springframework.samples.petclinic.model.Specialty> org.springframework.samples.petclinic.rest.SpecialtyRestController.updateSpecialty(int,org.springframework.samples.petclinic.model.Specialty,org.springframework.validation.BindingResult)
INFO  StandaloneMockMvcBuilder$StaticRequestMappingHandlerMapping - Mapped "{[/api/specialties],methods=[GET],produces=[application/json;charset=UTF-8]}" onto public org.springframework.http.ResponseEntity<java.util.Collection<org.springframework.samples.petclinic.model.Specialty>> org.springframework.samples.petclinic.rest.SpecialtyRestController.getAllSpecialtys()
INFO  StandaloneMockMvcBuilder$StaticRequestMappingHandlerMapping - Mapped "{[/api/specialties/{specialtyId}],methods=[DELETE],produces=[application/json;charset=UTF-8]}" onto public org.springframework.http.ResponseEntity<java.lang.Void> org.springframework.samples.petclinic.rest.SpecialtyRestController.deleteSpecialty(int)
INFO  RequestMappingHandlerAdapter - Looking for @ControllerAdvice: org.springframework.test.web.servlet.setup.StubWebApplicationContext@7d20eb3d
INFO  ExceptionHandlerExceptionResolver - Detected @ExceptionHandler methods in org.springframework.samples.petclinic.rest.ExceptionControllerAdvice#62c441e6
INFO  MockServletContext - Initializing Spring FrameworkServlet ''
INFO  TestDispatcherServlet - FrameworkServlet '': initialization started
INFO  TestDispatcherServlet - FrameworkServlet '': initialization completed in 0 ms
INFO  StandaloneMockMvcBuilder$StaticRequestMappingHandlerMapping - Mapped "{[/api/specialties/{specialtyId}],methods=[GET],produces=[application/json;charset=UTF-8]}" onto public org.springframework.http.ResponseEntity<org.springframework.samples.petclinic.model.Specialty> org.springframework.samples.petclinic.rest.SpecialtyRestController.getSpecialty(int)
INFO  StandaloneMockMvcBuilder$StaticRequestMappingHandlerMapping - Mapped "{[/api/specialties],methods=[POST],produces=[application/json;charset=UTF-8]}" onto public org.springframework.http.ResponseEntity<org.springframework.samples.petclinic.model.Specialty> org.springframework.samples.petclinic.rest.SpecialtyRestController.addSpecialty(org.springframework.samples.petclinic.model.Specialty,org.springframework.validation.BindingResult,org.springframework.web.util.UriComponentsBuilder)
INFO  StandaloneMockMvcBuilder$StaticRequestMappingHandlerMapping - Mapped "{[/api/specialties/{specialtyId}],methods=[PUT],produces=[application/json;charset=UTF-8]}" onto public org.springframework.http.ResponseEntity<org.springframework.samples.petclinic.model.Specialty> org.springframework.samples.petclinic.rest.SpecialtyRestController.updateSpecialty(int,org.springframework.samples.petclinic.model.Specialty,org.springframework.validation.BindingResult)
INFO  StandaloneMockMvcBuilder$StaticRequestMappingHandlerMapping - Mapped "{[/api/specialties],methods=[GET],produces=[application/json;charset=UTF-8]}" onto public org.springframework.http.ResponseEntity<java.util.Collection<org.springframework.samples.petclinic.model.Specialty>> org.springframework.samples.petclinic.rest.SpecialtyRestController.getAllSpecialtys()
INFO  StandaloneMockMvcBuilder$StaticRequestMappingHandlerMapping - Mapped "{[/api/specialties/{specialtyId}],methods=[DELETE],produces=[application/json;charset=UTF-8]}" onto public org.springframework.http.ResponseEntity<java.lang.Void> org.springframework.samples.petclinic.rest.SpecialtyRestController.deleteSpecialty(int)
INFO  RequestMappingHandlerAdapter - Looking for @ControllerAdvice: org.springframework.test.web.servlet.setup.StubWebApplicationContext@6a9b2708
INFO  ExceptionHandlerExceptionResolver - Detected @ExceptionHandler methods in org.springframework.samples.petclinic.rest.ExceptionControllerAdvice#55c7b32f
INFO  MockServletContext - Initializing Spring FrameworkServlet ''
INFO  TestDispatcherServlet - FrameworkServlet '': initialization started
INFO  TestDispatcherServlet - FrameworkServlet '': initialization completed in 0 ms
INFO  StandaloneMockMvcBuilder$StaticRequestMappingHandlerMapping - Mapped "{[/api/specialties/{specialtyId}],methods=[GET],produces=[application/json;charset=UTF-8]}" onto public org.springframework.http.ResponseEntity<org.springframework.samples.petclinic.model.Specialty> org.springframework.samples.petclinic.rest.SpecialtyRestController.getSpecialty(int)
INFO  StandaloneMockMvcBuilder$StaticRequestMappingHandlerMapping - Mapped "{[/api/specialties],methods=[POST],produces=[application/json;charset=UTF-8]}" onto public org.springframework.http.ResponseEntity<org.springframework.samples.petclinic.model.Specialty> org.springframework.samples.petclinic.rest.SpecialtyRestController.addSpecialty(org.springframework.samples.petclinic.model.Specialty,org.springframework.validation.BindingResult,org.springframework.web.util.UriComponentsBuilder)
INFO  StandaloneMockMvcBuilder$StaticRequestMappingHandlerMapping - Mapped "{[/api/specialties/{specialtyId}],methods=[PUT],produces=[application/json;charset=UTF-8]}" onto public org.springframework.http.ResponseEntity<org.springframework.samples.petclinic.model.Specialty> org.springframework.samples.petclinic.rest.SpecialtyRestController.updateSpecialty(int,org.springframework.samples.petclinic.model.Specialty,org.springframework.validation.BindingResult)
INFO  StandaloneMockMvcBuilder$StaticRequestMappingHandlerMapping - Mapped "{[/api/specialties],methods=[GET],produces=[application/json;charset=UTF-8]}" onto public org.springframework.http.ResponseEntity<java.util.Collection<org.springframework.samples.petclinic.model.Specialty>> org.springframework.samples.petclinic.rest.SpecialtyRestController.getAllSpecialtys()
INFO  StandaloneMockMvcBuilder$StaticRequestMappingHandlerMapping - Mapped "{[/api/specialties/{specialtyId}],methods=[DELETE],produces=[application/json;charset=UTF-8]}" onto public org.springframework.http.ResponseEntity<java.lang.Void> org.springframework.samples.petclinic.rest.SpecialtyRestController.deleteSpecialty(int)
INFO  RequestMappingHandlerAdapter - Looking for @ControllerAdvice: org.springframework.test.web.servlet.setup.StubWebApplicationContext@35af280c
INFO  ExceptionHandlerExceptionResolver - Detected @ExceptionHandler methods in org.springframework.samples.petclinic.rest.ExceptionControllerAdvice#1b5276d4
INFO  MockServletContext - Initializing Spring FrameworkServlet ''
INFO  TestDispatcherServlet - FrameworkServlet '': initialization started
INFO  TestDispatcherServlet - FrameworkServlet '': initialization completed in 0 ms
INFO  StandaloneMockMvcBuilder$StaticRequestMappingHandlerMapping - Mapped "{[/api/specialties/{specialtyId}],methods=[GET],produces=[application/json;charset=UTF-8]}" onto public org.springframework.http.ResponseEntity<org.springframework.samples.petclinic.model.Specialty> org.springframework.samples.petclinic.rest.SpecialtyRestController.getSpecialty(int)
INFO  StandaloneMockMvcBuilder$StaticRequestMappingHandlerMapping - Mapped "{[/api/specialties],methods=[POST],produces=[application/json;charset=UTF-8]}" onto public org.springframework.http.ResponseEntity<org.springframework.samples.petclinic.model.Specialty> org.springframework.samples.petclinic.rest.SpecialtyRestController.addSpecialty(org.springframework.samples.petclinic.model.Specialty,org.springframework.validation.BindingResult,org.springframework.web.util.UriComponentsBuilder)
INFO  StandaloneMockMvcBuilder$StaticRequestMappingHandlerMapping - Mapped "{[/api/specialties/{specialtyId}],methods=[PUT],produces=[application/json;charset=UTF-8]}" onto public org.springframework.http.ResponseEntity<org.springframework.samples.petclinic.model.Specialty> org.springframework.samples.petclinic.rest.SpecialtyRestController.updateSpecialty(int,org.springframework.samples.petclinic.model.Specialty,org.springframework.validation.BindingResult)
INFO  StandaloneMockMvcBuilder$StaticRequestMappingHandlerMapping - Mapped "{[/api/specialties],methods=[GET],produces=[application/json;charset=UTF-8]}" onto public org.springframework.http.ResponseEntity<java.util.Collection<org.springframework.samples.petclinic.model.Specialty>> org.springframework.samples.petclinic.rest.SpecialtyRestController.getAllSpecialtys()
INFO  StandaloneMockMvcBuilder$StaticRequestMappingHandlerMapping - Mapped "{[/api/specialties/{specialtyId}],methods=[DELETE],produces=[application/json;charset=UTF-8]}" onto public org.springframework.http.ResponseEntity<java.lang.Void> org.springframework.samples.petclinic.rest.SpecialtyRestController.deleteSpecialty(int)
INFO  RequestMappingHandlerAdapter - Looking for @ControllerAdvice: org.springframework.test.web.servlet.setup.StubWebApplicationContext@3b77f5d3
INFO  ExceptionHandlerExceptionResolver - Detected @ExceptionHandler methods in org.springframework.samples.petclinic.rest.ExceptionControllerAdvice#3d151e8f
INFO  MockServletContext - Initializing Spring FrameworkServlet ''
INFO  TestDispatcherServlet - FrameworkServlet '': initialization started
INFO  TestDispatcherServlet - FrameworkServlet '': initialization completed in 0 ms
INFO  StandaloneMockMvcBuilder$StaticRequestMappingHandlerMapping - Mapped "{[/api/specialties/{specialtyId}],methods=[GET],produces=[application/json;charset=UTF-8]}" onto public org.springframework.http.ResponseEntity<org.springframework.samples.petclinic.model.Specialty> org.springframework.samples.petclinic.rest.SpecialtyRestController.getSpecialty(int)
INFO  StandaloneMockMvcBuilder$StaticRequestMappingHandlerMapping - Mapped "{[/api/specialties],methods=[POST],produces=[application/json;charset=UTF-8]}" onto public org.springframework.http.ResponseEntity<org.springframework.samples.petclinic.model.Specialty> org.springframework.samples.petclinic.rest.SpecialtyRestController.addSpecialty(org.springframework.samples.petclinic.model.Specialty,org.springframework.validation.BindingResult,org.springframework.web.util.UriComponentsBuilder)
INFO  StandaloneMockMvcBuilder$StaticRequestMappingHandlerMapping - Mapped "{[/api/specialties/{specialtyId}],methods=[PUT],produces=[application/json;charset=UTF-8]}" onto public org.springframework.http.ResponseEntity<org.springframework.samples.petclinic.model.Specialty> org.springframework.samples.petclinic.rest.SpecialtyRestController.updateSpecialty(int,org.springframework.samples.petclinic.model.Specialty,org.springframework.validation.BindingResult)
INFO  StandaloneMockMvcBuilder$StaticRequestMappingHandlerMapping - Mapped "{[/api/specialties],methods=[GET],produces=[application/json;charset=UTF-8]}" onto public org.springframework.http.ResponseEntity<java.util.Collection<org.springframework.samples.petclinic.model.Specialty>> org.springframework.samples.petclinic.rest.SpecialtyRestController.getAllSpecialtys()
INFO  StandaloneMockMvcBuilder$StaticRequestMappingHandlerMapping - Mapped "{[/api/specialties/{specialtyId}],methods=[DELETE],produces=[application/json;charset=UTF-8]}" onto public org.springframework.http.ResponseEntity<java.lang.Void> org.springframework.samples.petclinic.rest.SpecialtyRestController.deleteSpecialty(int)
INFO  RequestMappingHandlerAdapter - Looking for @ControllerAdvice: org.springframework.test.web.servlet.setup.StubWebApplicationContext@5f6badc3
INFO  ExceptionHandlerExceptionResolver - Detected @ExceptionHandler methods in org.springframework.samples.petclinic.rest.ExceptionControllerAdvice#90650e2
INFO  MockServletContext - Initializing Spring FrameworkServlet ''
INFO  TestDispatcherServlet - FrameworkServlet '': initialization started
INFO  TestDispatcherServlet - FrameworkServlet '': initialization completed in 0 ms
INFO  StandaloneMockMvcBuilder$StaticRequestMappingHandlerMapping - Mapped "{[/api/specialties/{specialtyId}],methods=[GET],produces=[application/json;charset=UTF-8]}" onto public org.springframework.http.ResponseEntity<org.springframework.samples.petclinic.model.Specialty> org.springframework.samples.petclinic.rest.SpecialtyRestController.getSpecialty(int)
INFO  StandaloneMockMvcBuilder$StaticRequestMappingHandlerMapping - Mapped "{[/api/specialties],methods=[POST],produces=[application/json;charset=UTF-8]}" onto public org.springframework.http.ResponseEntity<org.springframework.samples.petclinic.model.Specialty> org.springframework.samples.petclinic.rest.SpecialtyRestController.addSpecialty(org.springframework.samples.petclinic.model.Specialty,org.springframework.validation.BindingResult,org.springframework.web.util.UriComponentsBuilder)
INFO  StandaloneMockMvcBuilder$StaticRequestMappingHandlerMapping - Mapped "{[/api/specialties/{specialtyId}],methods=[PUT],produces=[application/json;charset=UTF-8]}" onto public org.springframework.http.ResponseEntity<org.springframework.samples.petclinic.model.Specialty> org.springframework.samples.petclinic.rest.SpecialtyRestController.updateSpecialty(int,org.springframework.samples.petclinic.model.Specialty,org.springframework.validation.BindingResult)
INFO  StandaloneMockMvcBuilder$StaticRequestMappingHandlerMapping - Mapped "{[/api/specialties],methods=[GET],produces=[application/json;charset=UTF-8]}" onto public org.springframework.http.ResponseEntity<java.util.Collection<org.springframework.samples.petclinic.model.Specialty>> org.springframework.samples.petclinic.rest.SpecialtyRestController.getAllSpecialtys()
INFO  StandaloneMockMvcBuilder$StaticRequestMappingHandlerMapping - Mapped "{[/api/specialties/{specialtyId}],methods=[DELETE],produces=[application/json;charset=UTF-8]}" onto public org.springframework.http.ResponseEntity<java.lang.Void> org.springframework.samples.petclinic.rest.SpecialtyRestController.deleteSpecialty(int)
INFO  RequestMappingHandlerAdapter - Looking for @ControllerAdvice: org.springframework.test.web.servlet.setup.StubWebApplicationContext@260b9923
INFO  ExceptionHandlerExceptionResolver - Detected @ExceptionHandler methods in org.springframework.samples.petclinic.rest.ExceptionControllerAdvice#624baa87
INFO  MockServletContext - Initializing Spring FrameworkServlet ''
INFO  TestDispatcherServlet - FrameworkServlet '': initialization started
INFO  TestDispatcherServlet - FrameworkServlet '': initialization completed in 0 ms
INFO  StandaloneMockMvcBuilder$StaticRequestMappingHandlerMapping - Mapped "{[/api/specialties/{specialtyId}],methods=[GET],produces=[application/json;charset=UTF-8]}" onto public org.springframework.http.ResponseEntity<org.springframework.samples.petclinic.model.Specialty> org.springframework.samples.petclinic.rest.SpecialtyRestController.getSpecialty(int)
INFO  StandaloneMockMvcBuilder$StaticRequestMappingHandlerMapping - Mapped "{[/api/specialties],methods=[POST],produces=[application/json;charset=UTF-8]}" onto public org.springframework.http.ResponseEntity<org.springframework.samples.petclinic.model.Specialty> org.springframework.samples.petclinic.rest.SpecialtyRestController.addSpecialty(org.springframework.samples.petclinic.model.Specialty,org.springframework.validation.BindingResult,org.springframework.web.util.UriComponentsBuilder)
INFO  StandaloneMockMvcBuilder$StaticRequestMappingHandlerMapping - Mapped "{[/api/specialties/{specialtyId}],methods=[PUT],produces=[application/json;charset=UTF-8]}" onto public org.springframework.http.ResponseEntity<org.springframework.samples.petclinic.model.Specialty> org.springframework.samples.petclinic.rest.SpecialtyRestController.updateSpecialty(int,org.springframework.samples.petclinic.model.Specialty,org.springframework.validation.BindingResult)
INFO  StandaloneMockMvcBuilder$StaticRequestMappingHandlerMapping - Mapped "{[/api/specialties],methods=[GET],produces=[application/json;charset=UTF-8]}" onto public org.springframework.http.ResponseEntity<java.util.Collection<org.springframework.samples.petclinic.model.Specialty>> org.springframework.samples.petclinic.rest.SpecialtyRestController.getAllSpecialtys()
INFO  StandaloneMockMvcBuilder$StaticRequestMappingHandlerMapping - Mapped "{[/api/specialties/{specialtyId}],methods=[DELETE],produces=[application/json;charset=UTF-8]}" onto public org.springframework.http.ResponseEntity<java.lang.Void> org.springframework.samples.petclinic.rest.SpecialtyRestController.deleteSpecialty(int)
INFO  RequestMappingHandlerAdapter - Looking for @ControllerAdvice: org.springframework.test.web.servlet.setup.StubWebApplicationContext@51ad8a26
INFO  ExceptionHandlerExceptionResolver - Detected @ExceptionHandler methods in org.springframework.samples.petclinic.rest.ExceptionControllerAdvice#665a5f00
INFO  MockServletContext - Initializing Spring FrameworkServlet ''
INFO  TestDispatcherServlet - FrameworkServlet '': initialization started
INFO  TestDispatcherServlet - FrameworkServlet '': initialization completed in 0 ms
INFO  StandaloneMockMvcBuilder$StaticRequestMappingHandlerMapping - Mapped "{[/api/specialties/{specialtyId}],methods=[GET],produces=[application/json;charset=UTF-8]}" onto public org.springframework.http.ResponseEntity<org.springframework.samples.petclinic.model.Specialty> org.springframework.samples.petclinic.rest.SpecialtyRestController.getSpecialty(int)
INFO  StandaloneMockMvcBuilder$StaticRequestMappingHandlerMapping - Mapped "{[/api/specialties],methods=[POST],produces=[application/json;charset=UTF-8]}" onto public org.springframework.http.ResponseEntity<org.springframework.samples.petclinic.model.Specialty> org.springframework.samples.petclinic.rest.SpecialtyRestController.addSpecialty(org.springframework.samples.petclinic.model.Specialty,org.springframework.validation.BindingResult,org.springframework.web.util.UriComponentsBuilder)
INFO  StandaloneMockMvcBuilder$StaticRequestMappingHandlerMapping - Mapped "{[/api/specialties/{specialtyId}],methods=[PUT],produces=[application/json;charset=UTF-8]}" onto public org.springframework.http.ResponseEntity<org.springframework.samples.petclinic.model.Specialty> org.springframework.samples.petclinic.rest.SpecialtyRestController.updateSpecialty(int,org.springframework.samples.petclinic.model.Specialty,org.springframework.validation.BindingResult)
INFO  StandaloneMockMvcBuilder$StaticRequestMappingHandlerMapping - Mapped "{[/api/specialties],methods=[GET],produces=[application/json;charset=UTF-8]}" onto public org.springframework.http.ResponseEntity<java.util.Collection<org.springframework.samples.petclinic.model.Specialty>> org.springframework.samples.petclinic.rest.SpecialtyRestController.getAllSpecialtys()
INFO  StandaloneMockMvcBuilder$StaticRequestMappingHandlerMapping - Mapped "{[/api/specialties/{specialtyId}],methods=[DELETE],produces=[application/json;charset=UTF-8]}" onto public org.springframework.http.ResponseEntity<java.lang.Void> org.springframework.samples.petclinic.rest.SpecialtyRestController.deleteSpecialty(int)
INFO  RequestMappingHandlerAdapter - Looking for @ControllerAdvice: org.springframework.test.web.servlet.setup.StubWebApplicationContext@30ea6dd9
INFO  ExceptionHandlerExceptionResolver - Detected @ExceptionHandler methods in org.springframework.samples.petclinic.rest.ExceptionControllerAdvice#7ce6b5e9
INFO  MockServletContext - Initializing Spring FrameworkServlet ''
INFO  TestDispatcherServlet - FrameworkServlet '': initialization started
INFO  TestDispatcherServlet - FrameworkServlet '': initialization completed in 0 ms
INFO  StandaloneMockMvcBuilder$StaticRequestMappingHandlerMapping - Mapped "{[/api/specialties/{specialtyId}],methods=[GET],produces=[application/json;charset=UTF-8]}" onto public org.springframework.http.ResponseEntity<org.springframework.samples.petclinic.model.Specialty> org.springframework.samples.petclinic.rest.SpecialtyRestController.getSpecialty(int)
INFO  StandaloneMockMvcBuilder$StaticRequestMappingHandlerMapping - Mapped "{[/api/specialties],methods=[POST],produces=[application/json;charset=UTF-8]}" onto public org.springframework.http.ResponseEntity<org.springframework.samples.petclinic.model.Specialty> org.springframework.samples.petclinic.rest.SpecialtyRestController.addSpecialty(org.springframework.samples.petclinic.model.Specialty,org.springframework.validation.BindingResult,org.springframework.web.util.UriComponentsBuilder)
INFO  StandaloneMockMvcBuilder$StaticRequestMappingHandlerMapping - Mapped "{[/api/specialties/{specialtyId}],methods=[PUT],produces=[application/json;charset=UTF-8]}" onto public org.springframework.http.ResponseEntity<org.springframework.samples.petclinic.model.Specialty> org.springframework.samples.petclinic.rest.SpecialtyRestController.updateSpecialty(int,org.springframework.samples.petclinic.model.Specialty,org.springframework.validation.BindingResult)
INFO  StandaloneMockMvcBuilder$StaticRequestMappingHandlerMapping - Mapped "{[/api/specialties],methods=[GET],produces=[application/json;charset=UTF-8]}" onto public org.springframework.http.ResponseEntity<java.util.Collection<org.springframework.samples.petclinic.model.Specialty>> org.springframework.samples.petclinic.rest.SpecialtyRestController.getAllSpecialtys()
INFO  StandaloneMockMvcBuilder$StaticRequestMappingHandlerMapping - Mapped "{[/api/specialties/{specialtyId}],methods=[DELETE],produces=[application/json;charset=UTF-8]}" onto public org.springframework.http.ResponseEntity<java.lang.Void> org.springframework.samples.petclinic.rest.SpecialtyRestController.deleteSpecialty(int)
INFO  RequestMappingHandlerAdapter - Looking for @ControllerAdvice: org.springframework.test.web.servlet.setup.StubWebApplicationContext@226e7646
INFO  ExceptionHandlerExceptionResolver - Detected @ExceptionHandler methods in org.springframework.samples.petclinic.rest.ExceptionControllerAdvice#74149fa1
INFO  MockServletContext - Initializing Spring FrameworkServlet ''
INFO  TestDispatcherServlet - FrameworkServlet '': initialization started
INFO  TestDispatcherServlet - FrameworkServlet '': initialization completed in 0 ms
INFO  StandaloneMockMvcBuilder$StaticRequestMappingHandlerMapping - Mapped "{[/api/specialties/{specialtyId}],methods=[GET],produces=[application/json;charset=UTF-8]}" onto public org.springframework.http.ResponseEntity<org.springframework.samples.petclinic.model.Specialty> org.springframework.samples.petclinic.rest.SpecialtyRestController.getSpecialty(int)
INFO  StandaloneMockMvcBuilder$StaticRequestMappingHandlerMapping - Mapped "{[/api/specialties],methods=[POST],produces=[application/json;charset=UTF-8]}" onto public org.springframework.http.ResponseEntity<org.springframework.samples.petclinic.model.Specialty> org.springframework.samples.petclinic.rest.SpecialtyRestController.addSpecialty(org.springframework.samples.petclinic.model.Specialty,org.springframework.validation.BindingResult,org.springframework.web.util.UriComponentsBuilder)
INFO  StandaloneMockMvcBuilder$StaticRequestMappingHandlerMapping - Mapped "{[/api/specialties/{specialtyId}],methods=[PUT],produces=[application/json;charset=UTF-8]}" onto public org.springframework.http.ResponseEntity<org.springframework.samples.petclinic.model.Specialty> org.springframework.samples.petclinic.rest.SpecialtyRestController.updateSpecialty(int,org.springframework.samples.petclinic.model.Specialty,org.springframework.validation.BindingResult)
INFO  StandaloneMockMvcBuilder$StaticRequestMappingHandlerMapping - Mapped "{[/api/specialties],methods=[GET],produces=[application/json;charset=UTF-8]}" onto public org.springframework.http.ResponseEntity<java.util.Collection<org.springframework.samples.petclinic.model.Specialty>> org.springframework.samples.petclinic.rest.SpecialtyRestController.getAllSpecialtys()
INFO  StandaloneMockMvcBuilder$StaticRequestMappingHandlerMapping - Mapped "{[/api/specialties/{specialtyId}],methods=[DELETE],produces=[application/json;charset=UTF-8]}" onto public org.springframework.http.ResponseEntity<java.lang.Void> org.springframework.samples.petclinic.rest.SpecialtyRestController.deleteSpecialty(int)
INFO  RequestMappingHandlerAdapter - Looking for @ControllerAdvice: org.springframework.test.web.servlet.setup.StubWebApplicationContext@696eaa88
INFO  ExceptionHandlerExceptionResolver - Detected @ExceptionHandler methods in org.springframework.samples.petclinic.rest.ExceptionControllerAdvice#9b8df85
INFO  MockServletContext - Initializing Spring FrameworkServlet ''
INFO  TestDispatcherServlet - FrameworkServlet '': initialization started
INFO  TestDispatcherServlet - FrameworkServlet '': initialization completed in 0 ms
]]></system-out>
  <system-err><![CDATA[]]></system-err>
</testsuite>
