<?xml version="1.0" encoding="UTF-8"?>
<testsuite name="org.springframework.samples.petclinic.rest.VetRestControllerTests" tests="10" skipped="0" failures="0" errors="0" timestamp="2019-03-05T14:43:26" hostname="ky-laptop" time="0.311">
  <properties/>
  <testcase name="testDeleteVetSuccess" classname="org.springframework.samples.petclinic.rest.VetRestControllerTests" time="0.025"/>
  <testcase name="testUpdateVetSuccess" classname="org.springframework.samples.petclinic.rest.VetRestControllerTests" time="0.036"/>
  <testcase name="testDeleteVetError" classname="org.springframework.samples.petclinic.rest.VetRestControllerTests" time="0.023"/>
  <testcase name="testGetAllVetsSuccess" classname="org.springframework.samples.petclinic.rest.VetRestControllerTests" time="0.026"/>
  <testcase name="testGetVetNotFound" classname="org.springframework.samples.petclinic.rest.VetRestControllerTests" time="0.042"/>
  <testcase name="testCreateVetSuccess" classname="org.springframework.samples.petclinic.rest.VetRestControllerTests" time="0.032"/>
  <testcase name="testGetAllVetsNotFound" classname="org.springframework.samples.petclinic.rest.VetRestControllerTests" time="0.021"/>
  <testcase name="testUpdateVetError" classname="org.springframework.samples.petclinic.rest.VetRestControllerTests" time="0.038"/>
  <testcase name="testCreateVetError" classname="org.springframework.samples.petclinic.rest.VetRestControllerTests" time="0.032"/>
  <testcase name="testGetVetSuccess" classname="org.springframework.samples.petclinic.rest.VetRestControllerTests" time="0.025"/>
  <system-out><![CDATA[INFO  AbstractContextLoader - Could not detect default resource locations for test class [org.springframework.samples.petclinic.rest.VetRestControllerTests]: no resource found for suffixes {-context.xml, Context.groovy}.
INFO  SpringBootTestContextBootstrapper - Found @SpringBootConfiguration org.springframework.samples.petclinic.PetClinicApplication for test class org.springframework.samples.petclinic.rest.VetRestControllerTests
INFO  SpringBootTestContextBootstrapper - Loaded default TestExecutionListener class names from location [META-INF/spring.factories]: [org.springframework.security.test.context.support.WithSecurityContextTestExecutionListener, org.springframework.boot.test.autoconfigure.restdocs.RestDocsTestExecutionListener, org.springframework.boot.test.autoconfigure.web.client.MockRestServiceServerResetTestExecutionListener, org.springframework.boot.test.autoconfigure.web.servlet.MockMvcPrintOnlyOnFailureTestExecutionListener, org.springframework.boot.test.autoconfigure.web.servlet.WebDriverTestExecutionListener, org.springframework.boot.test.mock.mockito.MockitoTestExecutionListener, org.springframework.boot.test.mock.mockito.ResetMocksTestExecutionListener, org.springframework.test.context.web.ServletTestExecutionListener, org.springframework.test.context.support.DirtiesContextBeforeModesTestExecutionListener, org.springframework.test.context.support.DependencyInjectionTestExecutionListener, org.springframework.test.context.support.DirtiesContextTestExecutionListener, org.springframework.test.context.transaction.TransactionalTestExecutionListener, org.springframework.test.context.jdbc.SqlScriptsTestExecutionListener]
INFO  SpringBootTestContextBootstrapper - Using TestExecutionListeners: [org.springframework.test.context.web.ServletTestExecutionListener@77a5dd3f, org.springframework.test.context.support.DirtiesContextBeforeModesTestExecutionListener@46e07f3d, org.springframework.boot.test.autoconfigure.SpringBootDependencyInjectionTestExecutionListener@261ae173, org.springframework.test.context.support.DirtiesContextTestExecutionListener@49e3494b, org.springframework.test.context.transaction.TransactionalTestExecutionListener@1076296d, org.springframework.test.context.jdbc.SqlScriptsTestExecutionListener@55aab5c9, org.springframework.security.test.context.support.WithSecurityContextTestExecutionListener@244ad776, org.springframework.boot.test.autoconfigure.web.client.MockRestServiceServerResetTestExecutionListener@77b07ba5, org.springframework.boot.test.autoconfigure.web.servlet.WebDriverTestExecutionListener@56ac197f, org.springframework.boot.test.mock.mockito.ResetMocksTestExecutionListener@56a8fa9e, org.springframework.boot.test.autoconfigure.restdocs.RestDocsTestExecutionListener@24ab765a, org.springframework.boot.test.autoconfigure.web.servlet.MockMvcPrintOnlyOnFailureTestExecutionListener@50b24c39, org.springframework.boot.test.mock.mockito.MockitoTestExecutionListener@6663c0b1]
INFO  StandaloneMockMvcBuilder$StaticRequestMappingHandlerMapping - Mapped "{[/api/vets],methods=[GET],produces=[application/json;charset=UTF-8]}" onto public org.springframework.http.ResponseEntity<java.util.Collection<org.springframework.samples.petclinic.model.Vet>> org.springframework.samples.petclinic.rest.VetRestController.getAllVets()
INFO  StandaloneMockMvcBuilder$StaticRequestMappingHandlerMapping - Mapped "{[/api/vets/{vetId}],methods=[GET],produces=[application/json;charset=UTF-8]}" onto public org.springframework.http.ResponseEntity<org.springframework.samples.petclinic.model.Vet> org.springframework.samples.petclinic.rest.VetRestController.getVet(int)
INFO  StandaloneMockMvcBuilder$StaticRequestMappingHandlerMapping - Mapped "{[/api/vets],methods=[POST],produces=[application/json;charset=UTF-8]}" onto public org.springframework.http.ResponseEntity<org.springframework.samples.petclinic.model.Vet> org.springframework.samples.petclinic.rest.VetRestController.addVet(org.springframework.samples.petclinic.model.Vet,org.springframework.validation.BindingResult,org.springframework.web.util.UriComponentsBuilder)
INFO  StandaloneMockMvcBuilder$StaticRequestMappingHandlerMapping - Mapped "{[/api/vets/{vetId}],methods=[DELETE],produces=[application/json;charset=UTF-8]}" onto public org.springframework.http.ResponseEntity<java.lang.Void> org.springframework.samples.petclinic.rest.VetRestController.deleteVet(int)
INFO  StandaloneMockMvcBuilder$StaticRequestMappingHandlerMapping - Mapped "{[/api/vets/{vetId}],methods=[PUT],produces=[application/json;charset=UTF-8]}" onto public org.springframework.http.ResponseEntity<org.springframework.samples.petclinic.model.Vet> org.springframework.samples.petclinic.rest.VetRestController.updateVet(int,org.springframework.samples.petclinic.model.Vet,org.springframework.validation.BindingResult)
INFO  RequestMappingHandlerAdapter - Looking for @ControllerAdvice: org.springframework.test.web.servlet.setup.StubWebApplicationContext@32677ae2
INFO  ExceptionHandlerExceptionResolver - Detected @ExceptionHandler methods in org.springframework.samples.petclinic.rest.ExceptionControllerAdvice#30bc47a5
INFO  MockServletContext - Initializing Spring FrameworkServlet ''
INFO  TestDispatcherServlet - FrameworkServlet '': initialization started
INFO  TestDispatcherServlet - FrameworkServlet '': initialization completed in 1 ms
INFO  StandaloneMockMvcBuilder$StaticRequestMappingHandlerMapping - Mapped "{[/api/vets],methods=[GET],produces=[application/json;charset=UTF-8]}" onto public org.springframework.http.ResponseEntity<java.util.Collection<org.springframework.samples.petclinic.model.Vet>> org.springframework.samples.petclinic.rest.VetRestController.getAllVets()
INFO  StandaloneMockMvcBuilder$StaticRequestMappingHandlerMapping - Mapped "{[/api/vets/{vetId}],methods=[GET],produces=[application/json;charset=UTF-8]}" onto public org.springframework.http.ResponseEntity<org.springframework.samples.petclinic.model.Vet> org.springframework.samples.petclinic.rest.VetRestController.getVet(int)
INFO  StandaloneMockMvcBuilder$StaticRequestMappingHandlerMapping - Mapped "{[/api/vets],methods=[POST],produces=[application/json;charset=UTF-8]}" onto public org.springframework.http.ResponseEntity<org.springframework.samples.petclinic.model.Vet> org.springframework.samples.petclinic.rest.VetRestController.addVet(org.springframework.samples.petclinic.model.Vet,org.springframework.validation.BindingResult,org.springframework.web.util.UriComponentsBuilder)
INFO  StandaloneMockMvcBuilder$StaticRequestMappingHandlerMapping - Mapped "{[/api/vets/{vetId}],methods=[DELETE],produces=[application/json;charset=UTF-8]}" onto public org.springframework.http.ResponseEntity<java.lang.Void> org.springframework.samples.petclinic.rest.VetRestController.deleteVet(int)
INFO  StandaloneMockMvcBuilder$StaticRequestMappingHandlerMapping - Mapped "{[/api/vets/{vetId}],methods=[PUT],produces=[application/json;charset=UTF-8]}" onto public org.springframework.http.ResponseEntity<org.springframework.samples.petclinic.model.Vet> org.springframework.samples.petclinic.rest.VetRestController.updateVet(int,org.springframework.samples.petclinic.model.Vet,org.springframework.validation.BindingResult)
INFO  RequestMappingHandlerAdapter - Looking for @ControllerAdvice: org.springframework.test.web.servlet.setup.StubWebApplicationContext@6a2dff8
INFO  ExceptionHandlerExceptionResolver - Detected @ExceptionHandler methods in org.springframework.samples.petclinic.rest.ExceptionControllerAdvice#7126edc4
INFO  MockServletContext - Initializing Spring FrameworkServlet ''
INFO  TestDispatcherServlet - FrameworkServlet '': initialization started
INFO  TestDispatcherServlet - FrameworkServlet '': initialization completed in 0 ms
INFO  StandaloneMockMvcBuilder$StaticRequestMappingHandlerMapping - Mapped "{[/api/vets],methods=[GET],produces=[application/json;charset=UTF-8]}" onto public org.springframework.http.ResponseEntity<java.util.Collection<org.springframework.samples.petclinic.model.Vet>> org.springframework.samples.petclinic.rest.VetRestController.getAllVets()
INFO  StandaloneMockMvcBuilder$StaticRequestMappingHandlerMapping - Mapped "{[/api/vets/{vetId}],methods=[GET],produces=[application/json;charset=UTF-8]}" onto public org.springframework.http.ResponseEntity<org.springframework.samples.petclinic.model.Vet> org.springframework.samples.petclinic.rest.VetRestController.getVet(int)
INFO  StandaloneMockMvcBuilder$StaticRequestMappingHandlerMapping - Mapped "{[/api/vets],methods=[POST],produces=[application/json;charset=UTF-8]}" onto public org.springframework.http.ResponseEntity<org.springframework.samples.petclinic.model.Vet> org.springframework.samples.petclinic.rest.VetRestController.addVet(org.springframework.samples.petclinic.model.Vet,org.springframework.validation.BindingResult,org.springframework.web.util.UriComponentsBuilder)
INFO  StandaloneMockMvcBuilder$StaticRequestMappingHandlerMapping - Mapped "{[/api/vets/{vetId}],methods=[DELETE],produces=[application/json;charset=UTF-8]}" onto public org.springframework.http.ResponseEntity<java.lang.Void> org.springframework.samples.petclinic.rest.VetRestController.deleteVet(int)
INFO  StandaloneMockMvcBuilder$StaticRequestMappingHandlerMapping - Mapped "{[/api/vets/{vetId}],methods=[PUT],produces=[application/json;charset=UTF-8]}" onto public org.springframework.http.ResponseEntity<org.springframework.samples.petclinic.model.Vet> org.springframework.samples.petclinic.rest.VetRestController.updateVet(int,org.springframework.samples.petclinic.model.Vet,org.springframework.validation.BindingResult)
INFO  RequestMappingHandlerAdapter - Looking for @ControllerAdvice: org.springframework.test.web.servlet.setup.StubWebApplicationContext@3f03163
INFO  ExceptionHandlerExceptionResolver - Detected @ExceptionHandler methods in org.springframework.samples.petclinic.rest.ExceptionControllerAdvice#15d23b33
INFO  MockServletContext - Initializing Spring FrameworkServlet ''
INFO  TestDispatcherServlet - FrameworkServlet '': initialization started
INFO  TestDispatcherServlet - FrameworkServlet '': initialization completed in 0 ms
INFO  StandaloneMockMvcBuilder$StaticRequestMappingHandlerMapping - Mapped "{[/api/vets],methods=[GET],produces=[application/json;charset=UTF-8]}" onto public org.springframework.http.ResponseEntity<java.util.Collection<org.springframework.samples.petclinic.model.Vet>> org.springframework.samples.petclinic.rest.VetRestController.getAllVets()
INFO  StandaloneMockMvcBuilder$StaticRequestMappingHandlerMapping - Mapped "{[/api/vets/{vetId}],methods=[GET],produces=[application/json;charset=UTF-8]}" onto public org.springframework.http.ResponseEntity<org.springframework.samples.petclinic.model.Vet> org.springframework.samples.petclinic.rest.VetRestController.getVet(int)
INFO  StandaloneMockMvcBuilder$StaticRequestMappingHandlerMapping - Mapped "{[/api/vets],methods=[POST],produces=[application/json;charset=UTF-8]}" onto public org.springframework.http.ResponseEntity<org.springframework.samples.petclinic.model.Vet> org.springframework.samples.petclinic.rest.VetRestController.addVet(org.springframework.samples.petclinic.model.Vet,org.springframework.validation.BindingResult,org.springframework.web.util.UriComponentsBuilder)
INFO  StandaloneMockMvcBuilder$StaticRequestMappingHandlerMapping - Mapped "{[/api/vets/{vetId}],methods=[DELETE],produces=[application/json;charset=UTF-8]}" onto public org.springframework.http.ResponseEntity<java.lang.Void> org.springframework.samples.petclinic.rest.VetRestController.deleteVet(int)
INFO  StandaloneMockMvcBuilder$StaticRequestMappingHandlerMapping - Mapped "{[/api/vets/{vetId}],methods=[PUT],produces=[application/json;charset=UTF-8]}" onto public org.springframework.http.ResponseEntity<org.springframework.samples.petclinic.model.Vet> org.springframework.samples.petclinic.rest.VetRestController.updateVet(int,org.springframework.samples.petclinic.model.Vet,org.springframework.validation.BindingResult)
INFO  RequestMappingHandlerAdapter - Looking for @ControllerAdvice: org.springframework.test.web.servlet.setup.StubWebApplicationContext@41a5cda2
INFO  ExceptionHandlerExceptionResolver - Detected @ExceptionHandler methods in org.springframework.samples.petclinic.rest.ExceptionControllerAdvice#7a20273e
INFO  MockServletContext - Initializing Spring FrameworkServlet ''
INFO  TestDispatcherServlet - FrameworkServlet '': initialization started
INFO  TestDispatcherServlet - FrameworkServlet '': initialization completed in 0 ms
INFO  StandaloneMockMvcBuilder$StaticRequestMappingHandlerMapping - Mapped "{[/api/vets],methods=[GET],produces=[application/json;charset=UTF-8]}" onto public org.springframework.http.ResponseEntity<java.util.Collection<org.springframework.samples.petclinic.model.Vet>> org.springframework.samples.petclinic.rest.VetRestController.getAllVets()
INFO  StandaloneMockMvcBuilder$StaticRequestMappingHandlerMapping - Mapped "{[/api/vets/{vetId}],methods=[GET],produces=[application/json;charset=UTF-8]}" onto public org.springframework.http.ResponseEntity<org.springframework.samples.petclinic.model.Vet> org.springframework.samples.petclinic.rest.VetRestController.getVet(int)
INFO  StandaloneMockMvcBuilder$StaticRequestMappingHandlerMapping - Mapped "{[/api/vets],methods=[POST],produces=[application/json;charset=UTF-8]}" onto public org.springframework.http.ResponseEntity<org.springframework.samples.petclinic.model.Vet> org.springframework.samples.petclinic.rest.VetRestController.addVet(org.springframework.samples.petclinic.model.Vet,org.springframework.validation.BindingResult,org.springframework.web.util.UriComponentsBuilder)
INFO  StandaloneMockMvcBuilder$StaticRequestMappingHandlerMapping - Mapped "{[/api/vets/{vetId}],methods=[DELETE],produces=[application/json;charset=UTF-8]}" onto public org.springframework.http.ResponseEntity<java.lang.Void> org.springframework.samples.petclinic.rest.VetRestController.deleteVet(int)
INFO  StandaloneMockMvcBuilder$StaticRequestMappingHandlerMapping - Mapped "{[/api/vets/{vetId}],methods=[PUT],produces=[application/json;charset=UTF-8]}" onto public org.springframework.http.ResponseEntity<org.springframework.samples.petclinic.model.Vet> org.springframework.samples.petclinic.rest.VetRestController.updateVet(int,org.springframework.samples.petclinic.model.Vet,org.springframework.validation.BindingResult)
INFO  RequestMappingHandlerAdapter - Looking for @ControllerAdvice: org.springframework.test.web.servlet.setup.StubWebApplicationContext@6c920f5b
INFO  ExceptionHandlerExceptionResolver - Detected @ExceptionHandler methods in org.springframework.samples.petclinic.rest.ExceptionControllerAdvice#456d4b95
INFO  MockServletContext - Initializing Spring FrameworkServlet ''
INFO  TestDispatcherServlet - FrameworkServlet '': initialization started
INFO  TestDispatcherServlet - FrameworkServlet '': initialization completed in 1 ms
INFO  StandaloneMockMvcBuilder$StaticRequestMappingHandlerMapping - Mapped "{[/api/vets],methods=[GET],produces=[application/json;charset=UTF-8]}" onto public org.springframework.http.ResponseEntity<java.util.Collection<org.springframework.samples.petclinic.model.Vet>> org.springframework.samples.petclinic.rest.VetRestController.getAllVets()
INFO  StandaloneMockMvcBuilder$StaticRequestMappingHandlerMapping - Mapped "{[/api/vets/{vetId}],methods=[GET],produces=[application/json;charset=UTF-8]}" onto public org.springframework.http.ResponseEntity<org.springframework.samples.petclinic.model.Vet> org.springframework.samples.petclinic.rest.VetRestController.getVet(int)
INFO  StandaloneMockMvcBuilder$StaticRequestMappingHandlerMapping - Mapped "{[/api/vets],methods=[POST],produces=[application/json;charset=UTF-8]}" onto public org.springframework.http.ResponseEntity<org.springframework.samples.petclinic.model.Vet> org.springframework.samples.petclinic.rest.VetRestController.addVet(org.springframework.samples.petclinic.model.Vet,org.springframework.validation.BindingResult,org.springframework.web.util.UriComponentsBuilder)
INFO  StandaloneMockMvcBuilder$StaticRequestMappingHandlerMapping - Mapped "{[/api/vets/{vetId}],methods=[DELETE],produces=[application/json;charset=UTF-8]}" onto public org.springframework.http.ResponseEntity<java.lang.Void> org.springframework.samples.petclinic.rest.VetRestController.deleteVet(int)
INFO  StandaloneMockMvcBuilder$StaticRequestMappingHandlerMapping - Mapped "{[/api/vets/{vetId}],methods=[PUT],produces=[application/json;charset=UTF-8]}" onto public org.springframework.http.ResponseEntity<org.springframework.samples.petclinic.model.Vet> org.springframework.samples.petclinic.rest.VetRestController.updateVet(int,org.springframework.samples.petclinic.model.Vet,org.springframework.validation.BindingResult)
INFO  RequestMappingHandlerAdapter - Looking for @ControllerAdvice: org.springframework.test.web.servlet.setup.StubWebApplicationContext@2c45bc0
INFO  ExceptionHandlerExceptionResolver - Detected @ExceptionHandler methods in org.springframework.samples.petclinic.rest.ExceptionControllerAdvice#36219b0
INFO  MockServletContext - Initializing Spring FrameworkServlet ''
INFO  TestDispatcherServlet - FrameworkServlet '': initialization started
INFO  TestDispatcherServlet - FrameworkServlet '': initialization completed in 1 ms
INFO  StandaloneMockMvcBuilder$StaticRequestMappingHandlerMapping - Mapped "{[/api/vets],methods=[GET],produces=[application/json;charset=UTF-8]}" onto public org.springframework.http.ResponseEntity<java.util.Collection<org.springframework.samples.petclinic.model.Vet>> org.springframework.samples.petclinic.rest.VetRestController.getAllVets()
INFO  StandaloneMockMvcBuilder$StaticRequestMappingHandlerMapping - Mapped "{[/api/vets/{vetId}],methods=[GET],produces=[application/json;charset=UTF-8]}" onto public org.springframework.http.ResponseEntity<org.springframework.samples.petclinic.model.Vet> org.springframework.samples.petclinic.rest.VetRestController.getVet(int)
INFO  StandaloneMockMvcBuilder$StaticRequestMappingHandlerMapping - Mapped "{[/api/vets],methods=[POST],produces=[application/json;charset=UTF-8]}" onto public org.springframework.http.ResponseEntity<org.springframework.samples.petclinic.model.Vet> org.springframework.samples.petclinic.rest.VetRestController.addVet(org.springframework.samples.petclinic.model.Vet,org.springframework.validation.BindingResult,org.springframework.web.util.UriComponentsBuilder)
INFO  StandaloneMockMvcBuilder$StaticRequestMappingHandlerMapping - Mapped "{[/api/vets/{vetId}],methods=[DELETE],produces=[application/json;charset=UTF-8]}" onto public org.springframework.http.ResponseEntity<java.lang.Void> org.springframework.samples.petclinic.rest.VetRestController.deleteVet(int)
INFO  StandaloneMockMvcBuilder$StaticRequestMappingHandlerMapping - Mapped "{[/api/vets/{vetId}],methods=[PUT],produces=[application/json;charset=UTF-8]}" onto public org.springframework.http.ResponseEntity<org.springframework.samples.petclinic.model.Vet> org.springframework.samples.petclinic.rest.VetRestController.updateVet(int,org.springframework.samples.petclinic.model.Vet,org.springframework.validation.BindingResult)
INFO  RequestMappingHandlerAdapter - Looking for @ControllerAdvice: org.springframework.test.web.servlet.setup.StubWebApplicationContext@70fbbc39
INFO  ExceptionHandlerExceptionResolver - Detected @ExceptionHandler methods in org.springframework.samples.petclinic.rest.ExceptionControllerAdvice#5f7f5456
INFO  MockServletContext - Initializing Spring FrameworkServlet ''
INFO  TestDispatcherServlet - FrameworkServlet '': initialization started
INFO  TestDispatcherServlet - FrameworkServlet '': initialization completed in 1 ms
INFO  StandaloneMockMvcBuilder$StaticRequestMappingHandlerMapping - Mapped "{[/api/vets],methods=[GET],produces=[application/json;charset=UTF-8]}" onto public org.springframework.http.ResponseEntity<java.util.Collection<org.springframework.samples.petclinic.model.Vet>> org.springframework.samples.petclinic.rest.VetRestController.getAllVets()
INFO  StandaloneMockMvcBuilder$StaticRequestMappingHandlerMapping - Mapped "{[/api/vets/{vetId}],methods=[GET],produces=[application/json;charset=UTF-8]}" onto public org.springframework.http.ResponseEntity<org.springframework.samples.petclinic.model.Vet> org.springframework.samples.petclinic.rest.VetRestController.getVet(int)
INFO  StandaloneMockMvcBuilder$StaticRequestMappingHandlerMapping - Mapped "{[/api/vets],methods=[POST],produces=[application/json;charset=UTF-8]}" onto public org.springframework.http.ResponseEntity<org.springframework.samples.petclinic.model.Vet> org.springframework.samples.petclinic.rest.VetRestController.addVet(org.springframework.samples.petclinic.model.Vet,org.springframework.validation.BindingResult,org.springframework.web.util.UriComponentsBuilder)
INFO  StandaloneMockMvcBuilder$StaticRequestMappingHandlerMapping - Mapped "{[/api/vets/{vetId}],methods=[DELETE],produces=[application/json;charset=UTF-8]}" onto public org.springframework.http.ResponseEntity<java.lang.Void> org.springframework.samples.petclinic.rest.VetRestController.deleteVet(int)
INFO  StandaloneMockMvcBuilder$StaticRequestMappingHandlerMapping - Mapped "{[/api/vets/{vetId}],methods=[PUT],produces=[application/json;charset=UTF-8]}" onto public org.springframework.http.ResponseEntity<org.springframework.samples.petclinic.model.Vet> org.springframework.samples.petclinic.rest.VetRestController.updateVet(int,org.springframework.samples.petclinic.model.Vet,org.springframework.validation.BindingResult)
INFO  RequestMappingHandlerAdapter - Looking for @ControllerAdvice: org.springframework.test.web.servlet.setup.StubWebApplicationContext@7ccff4f1
INFO  ExceptionHandlerExceptionResolver - Detected @ExceptionHandler methods in org.springframework.samples.petclinic.rest.ExceptionControllerAdvice#60773fe7
INFO  MockServletContext - Initializing Spring FrameworkServlet ''
INFO  TestDispatcherServlet - FrameworkServlet '': initialization started
INFO  TestDispatcherServlet - FrameworkServlet '': initialization completed in 0 ms
INFO  StandaloneMockMvcBuilder$StaticRequestMappingHandlerMapping - Mapped "{[/api/vets],methods=[GET],produces=[application/json;charset=UTF-8]}" onto public org.springframework.http.ResponseEntity<java.util.Collection<org.springframework.samples.petclinic.model.Vet>> org.springframework.samples.petclinic.rest.VetRestController.getAllVets()
INFO  StandaloneMockMvcBuilder$StaticRequestMappingHandlerMapping - Mapped "{[/api/vets/{vetId}],methods=[GET],produces=[application/json;charset=UTF-8]}" onto public org.springframework.http.ResponseEntity<org.springframework.samples.petclinic.model.Vet> org.springframework.samples.petclinic.rest.VetRestController.getVet(int)
INFO  StandaloneMockMvcBuilder$StaticRequestMappingHandlerMapping - Mapped "{[/api/vets],methods=[POST],produces=[application/json;charset=UTF-8]}" onto public org.springframework.http.ResponseEntity<org.springframework.samples.petclinic.model.Vet> org.springframework.samples.petclinic.rest.VetRestController.addVet(org.springframework.samples.petclinic.model.Vet,org.springframework.validation.BindingResult,org.springframework.web.util.UriComponentsBuilder)
INFO  StandaloneMockMvcBuilder$StaticRequestMappingHandlerMapping - Mapped "{[/api/vets/{vetId}],methods=[DELETE],produces=[application/json;charset=UTF-8]}" onto public org.springframework.http.ResponseEntity<java.lang.Void> org.springframework.samples.petclinic.rest.VetRestController.deleteVet(int)
INFO  StandaloneMockMvcBuilder$StaticRequestMappingHandlerMapping - Mapped "{[/api/vets/{vetId}],methods=[PUT],produces=[application/json;charset=UTF-8]}" onto public org.springframework.http.ResponseEntity<org.springframework.samples.petclinic.model.Vet> org.springframework.samples.petclinic.rest.VetRestController.updateVet(int,org.springframework.samples.petclinic.model.Vet,org.springframework.validation.BindingResult)
INFO  RequestMappingHandlerAdapter - Looking for @ControllerAdvice: org.springframework.test.web.servlet.setup.StubWebApplicationContext@1aeeeb76
INFO  ExceptionHandlerExceptionResolver - Detected @ExceptionHandler methods in org.springframework.samples.petclinic.rest.ExceptionControllerAdvice#6b81749b
INFO  MockServletContext - Initializing Spring FrameworkServlet ''
INFO  TestDispatcherServlet - FrameworkServlet '': initialization started
INFO  TestDispatcherServlet - FrameworkServlet '': initialization completed in 0 ms
INFO  StandaloneMockMvcBuilder$StaticRequestMappingHandlerMapping - Mapped "{[/api/vets],methods=[GET],produces=[application/json;charset=UTF-8]}" onto public org.springframework.http.ResponseEntity<java.util.Collection<org.springframework.samples.petclinic.model.Vet>> org.springframework.samples.petclinic.rest.VetRestController.getAllVets()
INFO  StandaloneMockMvcBuilder$StaticRequestMappingHandlerMapping - Mapped "{[/api/vets/{vetId}],methods=[GET],produces=[application/json;charset=UTF-8]}" onto public org.springframework.http.ResponseEntity<org.springframework.samples.petclinic.model.Vet> org.springframework.samples.petclinic.rest.VetRestController.getVet(int)
INFO  StandaloneMockMvcBuilder$StaticRequestMappingHandlerMapping - Mapped "{[/api/vets],methods=[POST],produces=[application/json;charset=UTF-8]}" onto public org.springframework.http.ResponseEntity<org.springframework.samples.petclinic.model.Vet> org.springframework.samples.petclinic.rest.VetRestController.addVet(org.springframework.samples.petclinic.model.Vet,org.springframework.validation.BindingResult,org.springframework.web.util.UriComponentsBuilder)
INFO  StandaloneMockMvcBuilder$StaticRequestMappingHandlerMapping - Mapped "{[/api/vets/{vetId}],methods=[DELETE],produces=[application/json;charset=UTF-8]}" onto public org.springframework.http.ResponseEntity<java.lang.Void> org.springframework.samples.petclinic.rest.VetRestController.deleteVet(int)
INFO  StandaloneMockMvcBuilder$StaticRequestMappingHandlerMapping - Mapped "{[/api/vets/{vetId}],methods=[PUT],produces=[application/json;charset=UTF-8]}" onto public org.springframework.http.ResponseEntity<org.springframework.samples.petclinic.model.Vet> org.springframework.samples.petclinic.rest.VetRestController.updateVet(int,org.springframework.samples.petclinic.model.Vet,org.springframework.validation.BindingResult)
INFO  RequestMappingHandlerAdapter - Looking for @ControllerAdvice: org.springframework.test.web.servlet.setup.StubWebApplicationContext@3942f303
INFO  ExceptionHandlerExceptionResolver - Detected @ExceptionHandler methods in org.springframework.samples.petclinic.rest.ExceptionControllerAdvice#8a00063
INFO  MockServletContext - Initializing Spring FrameworkServlet ''
INFO  TestDispatcherServlet - FrameworkServlet '': initialization started
INFO  TestDispatcherServlet - FrameworkServlet '': initialization completed in 0 ms
]]></system-out>
  <system-err><![CDATA[]]></system-err>
</testsuite>
