<?xml version="1.0" encoding="UTF-8"?>
<testsuite name="org.springframework.samples.petclinic.service.clinicService.ClinicServiceJdbcTests" tests="33" skipped="0" failures="0" errors="0" timestamp="2019-03-05T14:43:21" hostname="ky-laptop" time="0.385">
  <properties/>
  <testcase name="shouldFindAllOwners" classname="org.springframework.samples.petclinic.service.clinicService.ClinicServiceJdbcTests" time="0.035"/>
  <testcase name="shouldFindPetTypeById" classname="org.springframework.samples.petclinic.service.clinicService.ClinicServiceJdbcTests" time="0.008"/>
  <testcase name="shouldUpdateSpecialty" classname="org.springframework.samples.petclinic.service.clinicService.ClinicServiceJdbcTests" time="0.012"/>
  <testcase name="shouldFindVets" classname="org.springframework.samples.petclinic.service.clinicService.ClinicServiceJdbcTests" time="0.012"/>
  <testcase name="shouldFindAllVisits" classname="org.springframework.samples.petclinic.service.clinicService.ClinicServiceJdbcTests" time="0.012"/>
  <testcase name="shouldFindOwnersByLastName" classname="org.springframework.samples.petclinic.service.clinicService.ClinicServiceJdbcTests" time="0.009"/>
  <testcase name="shouldInsertVet" classname="org.springframework.samples.petclinic.service.clinicService.ClinicServiceJdbcTests" time="0.024"/>
  <testcase name="shouldDeletePet" classname="org.springframework.samples.petclinic.service.clinicService.ClinicServiceJdbcTests" time="0.015"/>
  <testcase name="shouldDeleteVet" classname="org.springframework.samples.petclinic.service.clinicService.ClinicServiceJdbcTests" time="0.01"/>
  <testcase name="shouldDeleteOwner" classname="org.springframework.samples.petclinic.service.clinicService.ClinicServiceJdbcTests" time="0.006"/>
  <testcase name="shouldDeleteVisit" classname="org.springframework.samples.petclinic.service.clinicService.ClinicServiceJdbcTests" time="0.006"/>
  <testcase name="shouldInsertSpecialty" classname="org.springframework.samples.petclinic.service.clinicService.ClinicServiceJdbcTests" time="0.018"/>
  <testcase name="shouldAddNewVisitForPet" classname="org.springframework.samples.petclinic.service.clinicService.ClinicServiceJdbcTests" time="0.021"/>
  <testcase name="shouldUpdateOwner" classname="org.springframework.samples.petclinic.service.clinicService.ClinicServiceJdbcTests" time="0.007"/>
  <testcase name="shouldFindVisitsByPetId" classname="org.springframework.samples.petclinic.service.clinicService.ClinicServiceJdbcTests" time="0.006"/>
  <testcase name="shouldUpdateVisit" classname="org.springframework.samples.petclinic.service.clinicService.ClinicServiceJdbcTests" time="0.007"/>
  <testcase name="shouldInsertPetIntoDatabaseAndGenerateId" classname="org.springframework.samples.petclinic.service.clinicService.ClinicServiceJdbcTests" time="0.027"/>
  <testcase name="shouldInsertOwner" classname="org.springframework.samples.petclinic.service.clinicService.ClinicServiceJdbcTests" time="0.018"/>
  <testcase name="shouldInsertVisit" classname="org.springframework.samples.petclinic.service.clinicService.ClinicServiceJdbcTests" time="0.019"/>
  <testcase name="shouldFindAllPets" classname="org.springframework.samples.petclinic.service.clinicService.ClinicServiceJdbcTests" time="0.007"/>
  <testcase name="shouldFindSingleOwnerWithPet" classname="org.springframework.samples.petclinic.service.clinicService.ClinicServiceJdbcTests" time="0.005"/>
  <testcase name="shouldFindAllSpecialtys" classname="org.springframework.samples.petclinic.service.clinicService.ClinicServiceJdbcTests" time="0.004"/>
  <testcase name="shouldUpdatePetName" classname="org.springframework.samples.petclinic.service.clinicService.ClinicServiceJdbcTests" time="0.007"/>
  <testcase name="shouldUpdatePetType" classname="org.springframework.samples.petclinic.service.clinicService.ClinicServiceJdbcTests" time="0.006"/>
  <testcase name="shouldFindVisitDyId" classname="org.springframework.samples.petclinic.service.clinicService.ClinicServiceJdbcTests" time="0.006"/>
  <testcase name="shouldFindAllPetTypes" classname="org.springframework.samples.petclinic.service.clinicService.ClinicServiceJdbcTests" time="0.004"/>
  <testcase name="shouldUpdateVet" classname="org.springframework.samples.petclinic.service.clinicService.ClinicServiceJdbcTests" time="0.007"/>
  <testcase name="shouldFindVetDyId" classname="org.springframework.samples.petclinic.service.clinicService.ClinicServiceJdbcTests" time="0.004"/>
  <testcase name="shouldInsertPetType" classname="org.springframework.samples.petclinic.service.clinicService.ClinicServiceJdbcTests" time="0.015"/>
  <testcase name="shouldDeletePetType" classname="org.springframework.samples.petclinic.service.clinicService.ClinicServiceJdbcTests" time="0.01"/>
  <testcase name="shouldFindPetWithCorrectId" classname="org.springframework.samples.petclinic.service.clinicService.ClinicServiceJdbcTests" time="0.005"/>
  <testcase name="shouldFindSpecialtyById" classname="org.springframework.samples.petclinic.service.clinicService.ClinicServiceJdbcTests" time="0.003"/>
  <testcase name="shouldDeleteSpecialty" classname="org.springframework.samples.petclinic.service.clinicService.ClinicServiceJdbcTests" time="0.005"/>
  <system-out><![CDATA[INFO  SpringBootTestContextBootstrapper - Neither @ContextConfiguration nor @ContextHierarchy found for test class [org.springframework.samples.petclinic.service.clinicService.ClinicServiceJdbcTests], using SpringBootContextLoader
INFO  AbstractContextLoader - Could not detect default resource locations for test class [org.springframework.samples.petclinic.service.clinicService.ClinicServiceJdbcTests]: no resource found for suffixes {-context.xml, Context.groovy}.
INFO  AnnotationConfigContextLoaderUtils - Could not detect default configuration classes for test class [org.springframework.samples.petclinic.service.clinicService.ClinicServiceJdbcTests]: ClinicServiceJdbcTests does not declare any static, non-private, non-final, nested classes annotated with @Configuration.
INFO  SpringBootTestContextBootstrapper - Found @SpringBootConfiguration org.springframework.samples.petclinic.PetClinicApplication for test class org.springframework.samples.petclinic.service.clinicService.ClinicServiceJdbcTests
INFO  SpringBootTestContextBootstrapper - Loaded default TestExecutionListener class names from location [META-INF/spring.factories]: [org.springframework.security.test.context.support.WithSecurityContextTestExecutionListener, org.springframework.boot.test.autoconfigure.restdocs.RestDocsTestExecutionListener, org.springframework.boot.test.autoconfigure.web.client.MockRestServiceServerResetTestExecutionListener, org.springframework.boot.test.autoconfigure.web.servlet.MockMvcPrintOnlyOnFailureTestExecutionListener, org.springframework.boot.test.autoconfigure.web.servlet.WebDriverTestExecutionListener, org.springframework.boot.test.mock.mockito.MockitoTestExecutionListener, org.springframework.boot.test.mock.mockito.ResetMocksTestExecutionListener, org.springframework.test.context.web.ServletTestExecutionListener, org.springframework.test.context.support.DirtiesContextBeforeModesTestExecutionListener, org.springframework.test.context.support.DependencyInjectionTestExecutionListener, org.springframework.test.context.support.DirtiesContextTestExecutionListener, org.springframework.test.context.transaction.TransactionalTestExecutionListener, org.springframework.test.context.jdbc.SqlScriptsTestExecutionListener]
INFO  SpringBootTestContextBootstrapper - Using TestExecutionListeners: [org.springframework.test.context.web.ServletTestExecutionListener@5b27db9c, org.springframework.test.context.support.DirtiesContextBeforeModesTestExecutionListener@78d820c6, org.springframework.boot.test.autoconfigure.SpringBootDependencyInjectionTestExecutionListener@7540e1a8, org.springframework.test.context.support.DirtiesContextTestExecutionListener@363f6a19, org.springframework.test.context.transaction.TransactionalTestExecutionListener@5321ac79, org.springframework.test.context.jdbc.SqlScriptsTestExecutionListener@6ac678cb, org.springframework.security.test.context.support.WithSecurityContextTestExecutionListener@18f9899a, org.springframework.boot.test.autoconfigure.web.client.MockRestServiceServerResetTestExecutionListener@555b573e, org.springframework.boot.test.autoconfigure.web.servlet.WebDriverTestExecutionListener@bc77b88, org.springframework.boot.test.mock.mockito.ResetMocksTestExecutionListener@521e4a1b, org.springframework.boot.test.autoconfigure.restdocs.RestDocsTestExecutionListener@6ffac9b, org.springframework.boot.test.autoconfigure.web.servlet.MockMvcPrintOnlyOnFailureTestExecutionListener@992e9dd, org.springframework.boot.test.mock.mockito.MockitoTestExecutionListener@3939d85c]
INFO  TransactionContext - Began transaction (1) for test context [DefaultTestContext@73773fb3 testClass = ClinicServiceJdbcTests, testInstance = org.springframework.samples.petclinic.service.clinicService.ClinicServiceJdbcTests@6aa21830, testMethod = shouldUpdateSpecialty@AbstractClinicServiceTests, testException = [null], mergedContextConfiguration = [WebMergedContextConfiguration@19d703f2 testClass = ClinicServiceJdbcTests, locations = '{}', classes = '{class org.springframework.samples.petclinic.PetClinicApplication}', contextInitializerClasses = '[]', activeProfiles = '{jdbc, hsqldb}', propertySourceLocations = '{}', propertySourceProperties = '{org.springframework.boot.test.context.SpringBootTestContextBootstrapper=true}', contextCustomizers = set[org.springframework.boot.test.autoconfigure.properties.PropertyMappingContextCustomizer@0, org.springframework.boot.test.autoconfigure.web.servlet.WebDriverContextCustomizerFactory$Customizer@25ec26ae, org.springframework.boot.test.context.SpringBootTestContextCustomizer@22c55f44, org.springframework.boot.test.context.filter.ExcludeFilterContextCustomizer@4a639ef0, org.springframework.boot.test.json.DuplicateJsonObjectContextCustomizerFactory$DuplicateJsonObjectContextCustomizer@2ac720c8, org.springframework.boot.test.mock.mockito.MockitoContextCustomizer@0], resourceBasePath = 'src/main/webapp', contextLoader = 'org.springframework.boot.test.context.SpringBootContextLoader', parent = [null]]]; transaction manager [org.springframework.orm.jpa.JpaTransactionManager@18d67437]; rollback [true]
INFO  TransactionContext - Rolled back transaction for test context [DefaultTestContext@73773fb3 testClass = ClinicServiceJdbcTests, testInstance = org.springframework.samples.petclinic.service.clinicService.ClinicServiceJdbcTests@6aa21830, testMethod = shouldUpdateSpecialty@AbstractClinicServiceTests, testException = [null], mergedContextConfiguration = [WebMergedContextConfiguration@19d703f2 testClass = ClinicServiceJdbcTests, locations = '{}', classes = '{class org.springframework.samples.petclinic.PetClinicApplication}', contextInitializerClasses = '[]', activeProfiles = '{jdbc, hsqldb}', propertySourceLocations = '{}', propertySourceProperties = '{org.springframework.boot.test.context.SpringBootTestContextBootstrapper=true}', contextCustomizers = set[org.springframework.boot.test.autoconfigure.properties.PropertyMappingContextCustomizer@0, org.springframework.boot.test.autoconfigure.web.servlet.WebDriverContextCustomizerFactory$Customizer@25ec26ae, org.springframework.boot.test.context.SpringBootTestContextCustomizer@22c55f44, org.springframework.boot.test.context.filter.ExcludeFilterContextCustomizer@4a639ef0, org.springframework.boot.test.json.DuplicateJsonObjectContextCustomizerFactory$DuplicateJsonObjectContextCustomizer@2ac720c8, org.springframework.boot.test.mock.mockito.MockitoContextCustomizer@0], resourceBasePath = 'src/main/webapp', contextLoader = 'org.springframework.boot.test.context.SpringBootContextLoader', parent = [null]]].
INFO  TransactionContext - Began transaction (1) for test context [DefaultTestContext@73773fb3 testClass = ClinicServiceJdbcTests, testInstance = org.springframework.samples.petclinic.service.clinicService.ClinicServiceJdbcTests@5aa175a2, testMethod = shouldInsertVet@AbstractClinicServiceTests, testException = [null], mergedContextConfiguration = [WebMergedContextConfiguration@19d703f2 testClass = ClinicServiceJdbcTests, locations = '{}', classes = '{class org.springframework.samples.petclinic.PetClinicApplication}', contextInitializerClasses = '[]', activeProfiles = '{jdbc, hsqldb}', propertySourceLocations = '{}', propertySourceProperties = '{org.springframework.boot.test.context.SpringBootTestContextBootstrapper=true}', contextCustomizers = set[org.springframework.boot.test.autoconfigure.properties.PropertyMappingContextCustomizer@0, org.springframework.boot.test.autoconfigure.web.servlet.WebDriverContextCustomizerFactory$Customizer@25ec26ae, org.springframework.boot.test.context.SpringBootTestContextCustomizer@22c55f44, org.springframework.boot.test.context.filter.ExcludeFilterContextCustomizer@4a639ef0, org.springframework.boot.test.json.DuplicateJsonObjectContextCustomizerFactory$DuplicateJsonObjectContextCustomizer@2ac720c8, org.springframework.boot.test.mock.mockito.MockitoContextCustomizer@0], resourceBasePath = 'src/main/webapp', contextLoader = 'org.springframework.boot.test.context.SpringBootContextLoader', parent = [null]]]; transaction manager [org.springframework.orm.jpa.JpaTransactionManager@18d67437]; rollback [true]
INFO  TransactionContext - Rolled back transaction for test context [DefaultTestContext@73773fb3 testClass = ClinicServiceJdbcTests, testInstance = org.springframework.samples.petclinic.service.clinicService.ClinicServiceJdbcTests@5aa175a2, testMethod = shouldInsertVet@AbstractClinicServiceTests, testException = [null], mergedContextConfiguration = [WebMergedContextConfiguration@19d703f2 testClass = ClinicServiceJdbcTests, locations = '{}', classes = '{class org.springframework.samples.petclinic.PetClinicApplication}', contextInitializerClasses = '[]', activeProfiles = '{jdbc, hsqldb}', propertySourceLocations = '{}', propertySourceProperties = '{org.springframework.boot.test.context.SpringBootTestContextBootstrapper=true}', contextCustomizers = set[org.springframework.boot.test.autoconfigure.properties.PropertyMappingContextCustomizer@0, org.springframework.boot.test.autoconfigure.web.servlet.WebDriverContextCustomizerFactory$Customizer@25ec26ae, org.springframework.boot.test.context.SpringBootTestContextCustomizer@22c55f44, org.springframework.boot.test.context.filter.ExcludeFilterContextCustomizer@4a639ef0, org.springframework.boot.test.json.DuplicateJsonObjectContextCustomizerFactory$DuplicateJsonObjectContextCustomizer@2ac720c8, org.springframework.boot.test.mock.mockito.MockitoContextCustomizer@0], resourceBasePath = 'src/main/webapp', contextLoader = 'org.springframework.boot.test.context.SpringBootContextLoader', parent = [null]]].
INFO  TransactionContext - Began transaction (1) for test context [DefaultTestContext@73773fb3 testClass = ClinicServiceJdbcTests, testInstance = org.springframework.samples.petclinic.service.clinicService.ClinicServiceJdbcTests@226458bd, testMethod = shouldDeletePet@AbstractClinicServiceTests, testException = [null], mergedContextConfiguration = [WebMergedContextConfiguration@19d703f2 testClass = ClinicServiceJdbcTests, locations = '{}', classes = '{class org.springframework.samples.petclinic.PetClinicApplication}', contextInitializerClasses = '[]', activeProfiles = '{jdbc, hsqldb}', propertySourceLocations = '{}', propertySourceProperties = '{org.springframework.boot.test.context.SpringBootTestContextBootstrapper=true}', contextCustomizers = set[org.springframework.boot.test.autoconfigure.properties.PropertyMappingContextCustomizer@0, org.springframework.boot.test.autoconfigure.web.servlet.WebDriverContextCustomizerFactory$Customizer@25ec26ae, org.springframework.boot.test.context.SpringBootTestContextCustomizer@22c55f44, org.springframework.boot.test.context.filter.ExcludeFilterContextCustomizer@4a639ef0, org.springframework.boot.test.json.DuplicateJsonObjectContextCustomizerFactory$DuplicateJsonObjectContextCustomizer@2ac720c8, org.springframework.boot.test.mock.mockito.MockitoContextCustomizer@0], resourceBasePath = 'src/main/webapp', contextLoader = 'org.springframework.boot.test.context.SpringBootContextLoader', parent = [null]]]; transaction manager [org.springframework.orm.jpa.JpaTransactionManager@18d67437]; rollback [true]
INFO  TransactionContext - Rolled back transaction for test context [DefaultTestContext@73773fb3 testClass = ClinicServiceJdbcTests, testInstance = org.springframework.samples.petclinic.service.clinicService.ClinicServiceJdbcTests@226458bd, testMethod = shouldDeletePet@AbstractClinicServiceTests, testException = [null], mergedContextConfiguration = [WebMergedContextConfiguration@19d703f2 testClass = ClinicServiceJdbcTests, locations = '{}', classes = '{class org.springframework.samples.petclinic.PetClinicApplication}', contextInitializerClasses = '[]', activeProfiles = '{jdbc, hsqldb}', propertySourceLocations = '{}', propertySourceProperties = '{org.springframework.boot.test.context.SpringBootTestContextBootstrapper=true}', contextCustomizers = set[org.springframework.boot.test.autoconfigure.properties.PropertyMappingContextCustomizer@0, org.springframework.boot.test.autoconfigure.web.servlet.WebDriverContextCustomizerFactory$Customizer@25ec26ae, org.springframework.boot.test.context.SpringBootTestContextCustomizer@22c55f44, org.springframework.boot.test.context.filter.ExcludeFilterContextCustomizer@4a639ef0, org.springframework.boot.test.json.DuplicateJsonObjectContextCustomizerFactory$DuplicateJsonObjectContextCustomizer@2ac720c8, org.springframework.boot.test.mock.mockito.MockitoContextCustomizer@0], resourceBasePath = 'src/main/webapp', contextLoader = 'org.springframework.boot.test.context.SpringBootContextLoader', parent = [null]]].
INFO  TransactionContext - Began transaction (1) for test context [DefaultTestContext@73773fb3 testClass = ClinicServiceJdbcTests, testInstance = org.springframework.samples.petclinic.service.clinicService.ClinicServiceJdbcTests@51beae10, testMethod = shouldDeleteVet@AbstractClinicServiceTests, testException = [null], mergedContextConfiguration = [WebMergedContextConfiguration@19d703f2 testClass = ClinicServiceJdbcTests, locations = '{}', classes = '{class org.springframework.samples.petclinic.PetClinicApplication}', contextInitializerClasses = '[]', activeProfiles = '{jdbc, hsqldb}', propertySourceLocations = '{}', propertySourceProperties = '{org.springframework.boot.test.context.SpringBootTestContextBootstrapper=true}', contextCustomizers = set[org.springframework.boot.test.autoconfigure.properties.PropertyMappingContextCustomizer@0, org.springframework.boot.test.autoconfigure.web.servlet.WebDriverContextCustomizerFactory$Customizer@25ec26ae, org.springframework.boot.test.context.SpringBootTestContextCustomizer@22c55f44, org.springframework.boot.test.context.filter.ExcludeFilterContextCustomizer@4a639ef0, org.springframework.boot.test.json.DuplicateJsonObjectContextCustomizerFactory$DuplicateJsonObjectContextCustomizer@2ac720c8, org.springframework.boot.test.mock.mockito.MockitoContextCustomizer@0], resourceBasePath = 'src/main/webapp', contextLoader = 'org.springframework.boot.test.context.SpringBootContextLoader', parent = [null]]]; transaction manager [org.springframework.orm.jpa.JpaTransactionManager@18d67437]; rollback [true]
INFO  TransactionContext - Rolled back transaction for test context [DefaultTestContext@73773fb3 testClass = ClinicServiceJdbcTests, testInstance = org.springframework.samples.petclinic.service.clinicService.ClinicServiceJdbcTests@51beae10, testMethod = shouldDeleteVet@AbstractClinicServiceTests, testException = [null], mergedContextConfiguration = [WebMergedContextConfiguration@19d703f2 testClass = ClinicServiceJdbcTests, locations = '{}', classes = '{class org.springframework.samples.petclinic.PetClinicApplication}', contextInitializerClasses = '[]', activeProfiles = '{jdbc, hsqldb}', propertySourceLocations = '{}', propertySourceProperties = '{org.springframework.boot.test.context.SpringBootTestContextBootstrapper=true}', contextCustomizers = set[org.springframework.boot.test.autoconfigure.properties.PropertyMappingContextCustomizer@0, org.springframework.boot.test.autoconfigure.web.servlet.WebDriverContextCustomizerFactory$Customizer@25ec26ae, org.springframework.boot.test.context.SpringBootTestContextCustomizer@22c55f44, org.springframework.boot.test.context.filter.ExcludeFilterContextCustomizer@4a639ef0, org.springframework.boot.test.json.DuplicateJsonObjectContextCustomizerFactory$DuplicateJsonObjectContextCustomizer@2ac720c8, org.springframework.boot.test.mock.mockito.MockitoContextCustomizer@0], resourceBasePath = 'src/main/webapp', contextLoader = 'org.springframework.boot.test.context.SpringBootContextLoader', parent = [null]]].
INFO  TransactionContext - Began transaction (1) for test context [DefaultTestContext@73773fb3 testClass = ClinicServiceJdbcTests, testInstance = org.springframework.samples.petclinic.service.clinicService.ClinicServiceJdbcTests@c47fe92, testMethod = shouldDeleteOwner@AbstractClinicServiceTests, testException = [null], mergedContextConfiguration = [WebMergedContextConfiguration@19d703f2 testClass = ClinicServiceJdbcTests, locations = '{}', classes = '{class org.springframework.samples.petclinic.PetClinicApplication}', contextInitializerClasses = '[]', activeProfiles = '{jdbc, hsqldb}', propertySourceLocations = '{}', propertySourceProperties = '{org.springframework.boot.test.context.SpringBootTestContextBootstrapper=true}', contextCustomizers = set[org.springframework.boot.test.autoconfigure.properties.PropertyMappingContextCustomizer@0, org.springframework.boot.test.autoconfigure.web.servlet.WebDriverContextCustomizerFactory$Customizer@25ec26ae, org.springframework.boot.test.context.SpringBootTestContextCustomizer@22c55f44, org.springframework.boot.test.context.filter.ExcludeFilterContextCustomizer@4a639ef0, org.springframework.boot.test.json.DuplicateJsonObjectContextCustomizerFactory$DuplicateJsonObjectContextCustomizer@2ac720c8, org.springframework.boot.test.mock.mockito.MockitoContextCustomizer@0], resourceBasePath = 'src/main/webapp', contextLoader = 'org.springframework.boot.test.context.SpringBootContextLoader', parent = [null]]]; transaction manager [org.springframework.orm.jpa.JpaTransactionManager@18d67437]; rollback [true]
INFO  TransactionContext - Rolled back transaction for test context [DefaultTestContext@73773fb3 testClass = ClinicServiceJdbcTests, testInstance = org.springframework.samples.petclinic.service.clinicService.ClinicServiceJdbcTests@c47fe92, testMethod = shouldDeleteOwner@AbstractClinicServiceTests, testException = [null], mergedContextConfiguration = [WebMergedContextConfiguration@19d703f2 testClass = ClinicServiceJdbcTests, locations = '{}', classes = '{class org.springframework.samples.petclinic.PetClinicApplication}', contextInitializerClasses = '[]', activeProfiles = '{jdbc, hsqldb}', propertySourceLocations = '{}', propertySourceProperties = '{org.springframework.boot.test.context.SpringBootTestContextBootstrapper=true}', contextCustomizers = set[org.springframework.boot.test.autoconfigure.properties.PropertyMappingContextCustomizer@0, org.springframework.boot.test.autoconfigure.web.servlet.WebDriverContextCustomizerFactory$Customizer@25ec26ae, org.springframework.boot.test.context.SpringBootTestContextCustomizer@22c55f44, org.springframework.boot.test.context.filter.ExcludeFilterContextCustomizer@4a639ef0, org.springframework.boot.test.json.DuplicateJsonObjectContextCustomizerFactory$DuplicateJsonObjectContextCustomizer@2ac720c8, org.springframework.boot.test.mock.mockito.MockitoContextCustomizer@0], resourceBasePath = 'src/main/webapp', contextLoader = 'org.springframework.boot.test.context.SpringBootContextLoader', parent = [null]]].
INFO  TransactionContext - Began transaction (1) for test context [DefaultTestContext@73773fb3 testClass = ClinicServiceJdbcTests, testInstance = org.springframework.samples.petclinic.service.clinicService.ClinicServiceJdbcTests@393b7f88, testMethod = shouldDeleteVisit@AbstractClinicServiceTests, testException = [null], mergedContextConfiguration = [WebMergedContextConfiguration@19d703f2 testClass = ClinicServiceJdbcTests, locations = '{}', classes = '{class org.springframework.samples.petclinic.PetClinicApplication}', contextInitializerClasses = '[]', activeProfiles = '{jdbc, hsqldb}', propertySourceLocations = '{}', propertySourceProperties = '{org.springframework.boot.test.context.SpringBootTestContextBootstrapper=true}', contextCustomizers = set[org.springframework.boot.test.autoconfigure.properties.PropertyMappingContextCustomizer@0, org.springframework.boot.test.autoconfigure.web.servlet.WebDriverContextCustomizerFactory$Customizer@25ec26ae, org.springframework.boot.test.context.SpringBootTestContextCustomizer@22c55f44, org.springframework.boot.test.context.filter.ExcludeFilterContextCustomizer@4a639ef0, org.springframework.boot.test.json.DuplicateJsonObjectContextCustomizerFactory$DuplicateJsonObjectContextCustomizer@2ac720c8, org.springframework.boot.test.mock.mockito.MockitoContextCustomizer@0], resourceBasePath = 'src/main/webapp', contextLoader = 'org.springframework.boot.test.context.SpringBootContextLoader', parent = [null]]]; transaction manager [org.springframework.orm.jpa.JpaTransactionManager@18d67437]; rollback [true]
INFO  TransactionContext - Rolled back transaction for test context [DefaultTestContext@73773fb3 testClass = ClinicServiceJdbcTests, testInstance = org.springframework.samples.petclinic.service.clinicService.ClinicServiceJdbcTests@393b7f88, testMethod = shouldDeleteVisit@AbstractClinicServiceTests, testException = [null], mergedContextConfiguration = [WebMergedContextConfiguration@19d703f2 testClass = ClinicServiceJdbcTests, locations = '{}', classes = '{class org.springframework.samples.petclinic.PetClinicApplication}', contextInitializerClasses = '[]', activeProfiles = '{jdbc, hsqldb}', propertySourceLocations = '{}', propertySourceProperties = '{org.springframework.boot.test.context.SpringBootTestContextBootstrapper=true}', contextCustomizers = set[org.springframework.boot.test.autoconfigure.properties.PropertyMappingContextCustomizer@0, org.springframework.boot.test.autoconfigure.web.servlet.WebDriverContextCustomizerFactory$Customizer@25ec26ae, org.springframework.boot.test.context.SpringBootTestContextCustomizer@22c55f44, org.springframework.boot.test.context.filter.ExcludeFilterContextCustomizer@4a639ef0, org.springframework.boot.test.json.DuplicateJsonObjectContextCustomizerFactory$DuplicateJsonObjectContextCustomizer@2ac720c8, org.springframework.boot.test.mock.mockito.MockitoContextCustomizer@0], resourceBasePath = 'src/main/webapp', contextLoader = 'org.springframework.boot.test.context.SpringBootContextLoader', parent = [null]]].
INFO  TransactionContext - Began transaction (1) for test context [DefaultTestContext@73773fb3 testClass = ClinicServiceJdbcTests, testInstance = org.springframework.samples.petclinic.service.clinicService.ClinicServiceJdbcTests@2ee1a6ee, testMethod = shouldInsertSpecialty@AbstractClinicServiceTests, testException = [null], mergedContextConfiguration = [WebMergedContextConfiguration@19d703f2 testClass = ClinicServiceJdbcTests, locations = '{}', classes = '{class org.springframework.samples.petclinic.PetClinicApplication}', contextInitializerClasses = '[]', activeProfiles = '{jdbc, hsqldb}', propertySourceLocations = '{}', propertySourceProperties = '{org.springframework.boot.test.context.SpringBootTestContextBootstrapper=true}', contextCustomizers = set[org.springframework.boot.test.autoconfigure.properties.PropertyMappingContextCustomizer@0, org.springframework.boot.test.autoconfigure.web.servlet.WebDriverContextCustomizerFactory$Customizer@25ec26ae, org.springframework.boot.test.context.SpringBootTestContextCustomizer@22c55f44, org.springframework.boot.test.context.filter.ExcludeFilterContextCustomizer@4a639ef0, org.springframework.boot.test.json.DuplicateJsonObjectContextCustomizerFactory$DuplicateJsonObjectContextCustomizer@2ac720c8, org.springframework.boot.test.mock.mockito.MockitoContextCustomizer@0], resourceBasePath = 'src/main/webapp', contextLoader = 'org.springframework.boot.test.context.SpringBootContextLoader', parent = [null]]]; transaction manager [org.springframework.orm.jpa.JpaTransactionManager@18d67437]; rollback [true]
INFO  TransactionContext - Rolled back transaction for test context [DefaultTestContext@73773fb3 testClass = ClinicServiceJdbcTests, testInstance = org.springframework.samples.petclinic.service.clinicService.ClinicServiceJdbcTests@2ee1a6ee, testMethod = shouldInsertSpecialty@AbstractClinicServiceTests, testException = [null], mergedContextConfiguration = [WebMergedContextConfiguration@19d703f2 testClass = ClinicServiceJdbcTests, locations = '{}', classes = '{class org.springframework.samples.petclinic.PetClinicApplication}', contextInitializerClasses = '[]', activeProfiles = '{jdbc, hsqldb}', propertySourceLocations = '{}', propertySourceProperties = '{org.springframework.boot.test.context.SpringBootTestContextBootstrapper=true}', contextCustomizers = set[org.springframework.boot.test.autoconfigure.properties.PropertyMappingContextCustomizer@0, org.springframework.boot.test.autoconfigure.web.servlet.WebDriverContextCustomizerFactory$Customizer@25ec26ae, org.springframework.boot.test.context.SpringBootTestContextCustomizer@22c55f44, org.springframework.boot.test.context.filter.ExcludeFilterContextCustomizer@4a639ef0, org.springframework.boot.test.json.DuplicateJsonObjectContextCustomizerFactory$DuplicateJsonObjectContextCustomizer@2ac720c8, org.springframework.boot.test.mock.mockito.MockitoContextCustomizer@0], resourceBasePath = 'src/main/webapp', contextLoader = 'org.springframework.boot.test.context.SpringBootContextLoader', parent = [null]]].
INFO  TransactionContext - Began transaction (1) for test context [DefaultTestContext@73773fb3 testClass = ClinicServiceJdbcTests, testInstance = org.springframework.samples.petclinic.service.clinicService.ClinicServiceJdbcTests@11f69d5b, testMethod = shouldAddNewVisitForPet@AbstractClinicServiceTests, testException = [null], mergedContextConfiguration = [WebMergedContextConfiguration@19d703f2 testClass = ClinicServiceJdbcTests, locations = '{}', classes = '{class org.springframework.samples.petclinic.PetClinicApplication}', contextInitializerClasses = '[]', activeProfiles = '{jdbc, hsqldb}', propertySourceLocations = '{}', propertySourceProperties = '{org.springframework.boot.test.context.SpringBootTestContextBootstrapper=true}', contextCustomizers = set[org.springframework.boot.test.autoconfigure.properties.PropertyMappingContextCustomizer@0, org.springframework.boot.test.autoconfigure.web.servlet.WebDriverContextCustomizerFactory$Customizer@25ec26ae, org.springframework.boot.test.context.SpringBootTestContextCustomizer@22c55f44, org.springframework.boot.test.context.filter.ExcludeFilterContextCustomizer@4a639ef0, org.springframework.boot.test.json.DuplicateJsonObjectContextCustomizerFactory$DuplicateJsonObjectContextCustomizer@2ac720c8, org.springframework.boot.test.mock.mockito.MockitoContextCustomizer@0], resourceBasePath = 'src/main/webapp', contextLoader = 'org.springframework.boot.test.context.SpringBootContextLoader', parent = [null]]]; transaction manager [org.springframework.orm.jpa.JpaTransactionManager@18d67437]; rollback [true]
INFO  TransactionContext - Rolled back transaction for test context [DefaultTestContext@73773fb3 testClass = ClinicServiceJdbcTests, testInstance = org.springframework.samples.petclinic.service.clinicService.ClinicServiceJdbcTests@11f69d5b, testMethod = shouldAddNewVisitForPet@AbstractClinicServiceTests, testException = [null], mergedContextConfiguration = [WebMergedContextConfiguration@19d703f2 testClass = ClinicServiceJdbcTests, locations = '{}', classes = '{class org.springframework.samples.petclinic.PetClinicApplication}', contextInitializerClasses = '[]', activeProfiles = '{jdbc, hsqldb}', propertySourceLocations = '{}', propertySourceProperties = '{org.springframework.boot.test.context.SpringBootTestContextBootstrapper=true}', contextCustomizers = set[org.springframework.boot.test.autoconfigure.properties.PropertyMappingContextCustomizer@0, org.springframework.boot.test.autoconfigure.web.servlet.WebDriverContextCustomizerFactory$Customizer@25ec26ae, org.springframework.boot.test.context.SpringBootTestContextCustomizer@22c55f44, org.springframework.boot.test.context.filter.ExcludeFilterContextCustomizer@4a639ef0, org.springframework.boot.test.json.DuplicateJsonObjectContextCustomizerFactory$DuplicateJsonObjectContextCustomizer@2ac720c8, org.springframework.boot.test.mock.mockito.MockitoContextCustomizer@0], resourceBasePath = 'src/main/webapp', contextLoader = 'org.springframework.boot.test.context.SpringBootContextLoader', parent = [null]]].
INFO  TransactionContext - Began transaction (1) for test context [DefaultTestContext@73773fb3 testClass = ClinicServiceJdbcTests, testInstance = org.springframework.samples.petclinic.service.clinicService.ClinicServiceJdbcTests@68d89ed2, testMethod = shouldUpdateOwner@AbstractClinicServiceTests, testException = [null], mergedContextConfiguration = [WebMergedContextConfiguration@19d703f2 testClass = ClinicServiceJdbcTests, locations = '{}', classes = '{class org.springframework.samples.petclinic.PetClinicApplication}', contextInitializerClasses = '[]', activeProfiles = '{jdbc, hsqldb}', propertySourceLocations = '{}', propertySourceProperties = '{org.springframework.boot.test.context.SpringBootTestContextBootstrapper=true}', contextCustomizers = set[org.springframework.boot.test.autoconfigure.properties.PropertyMappingContextCustomizer@0, org.springframework.boot.test.autoconfigure.web.servlet.WebDriverContextCustomizerFactory$Customizer@25ec26ae, org.springframework.boot.test.context.SpringBootTestContextCustomizer@22c55f44, org.springframework.boot.test.context.filter.ExcludeFilterContextCustomizer@4a639ef0, org.springframework.boot.test.json.DuplicateJsonObjectContextCustomizerFactory$DuplicateJsonObjectContextCustomizer@2ac720c8, org.springframework.boot.test.mock.mockito.MockitoContextCustomizer@0], resourceBasePath = 'src/main/webapp', contextLoader = 'org.springframework.boot.test.context.SpringBootContextLoader', parent = [null]]]; transaction manager [org.springframework.orm.jpa.JpaTransactionManager@18d67437]; rollback [true]
INFO  TransactionContext - Rolled back transaction for test context [DefaultTestContext@73773fb3 testClass = ClinicServiceJdbcTests, testInstance = org.springframework.samples.petclinic.service.clinicService.ClinicServiceJdbcTests@68d89ed2, testMethod = shouldUpdateOwner@AbstractClinicServiceTests, testException = [null], mergedContextConfiguration = [WebMergedContextConfiguration@19d703f2 testClass = ClinicServiceJdbcTests, locations = '{}', classes = '{class org.springframework.samples.petclinic.PetClinicApplication}', contextInitializerClasses = '[]', activeProfiles = '{jdbc, hsqldb}', propertySourceLocations = '{}', propertySourceProperties = '{org.springframework.boot.test.context.SpringBootTestContextBootstrapper=true}', contextCustomizers = set[org.springframework.boot.test.autoconfigure.properties.PropertyMappingContextCustomizer@0, org.springframework.boot.test.autoconfigure.web.servlet.WebDriverContextCustomizerFactory$Customizer@25ec26ae, org.springframework.boot.test.context.SpringBootTestContextCustomizer@22c55f44, org.springframework.boot.test.context.filter.ExcludeFilterContextCustomizer@4a639ef0, org.springframework.boot.test.json.DuplicateJsonObjectContextCustomizerFactory$DuplicateJsonObjectContextCustomizer@2ac720c8, org.springframework.boot.test.mock.mockito.MockitoContextCustomizer@0], resourceBasePath = 'src/main/webapp', contextLoader = 'org.springframework.boot.test.context.SpringBootContextLoader', parent = [null]]].
INFO  TransactionContext - Began transaction (1) for test context [DefaultTestContext@73773fb3 testClass = ClinicServiceJdbcTests, testInstance = org.springframework.samples.petclinic.service.clinicService.ClinicServiceJdbcTests@61271870, testMethod = shouldUpdateVisit@AbstractClinicServiceTests, testException = [null], mergedContextConfiguration = [WebMergedContextConfiguration@19d703f2 testClass = ClinicServiceJdbcTests, locations = '{}', classes = '{class org.springframework.samples.petclinic.PetClinicApplication}', contextInitializerClasses = '[]', activeProfiles = '{jdbc, hsqldb}', propertySourceLocations = '{}', propertySourceProperties = '{org.springframework.boot.test.context.SpringBootTestContextBootstrapper=true}', contextCustomizers = set[org.springframework.boot.test.autoconfigure.properties.PropertyMappingContextCustomizer@0, org.springframework.boot.test.autoconfigure.web.servlet.WebDriverContextCustomizerFactory$Customizer@25ec26ae, org.springframework.boot.test.context.SpringBootTestContextCustomizer@22c55f44, org.springframework.boot.test.context.filter.ExcludeFilterContextCustomizer@4a639ef0, org.springframework.boot.test.json.DuplicateJsonObjectContextCustomizerFactory$DuplicateJsonObjectContextCustomizer@2ac720c8, org.springframework.boot.test.mock.mockito.MockitoContextCustomizer@0], resourceBasePath = 'src/main/webapp', contextLoader = 'org.springframework.boot.test.context.SpringBootContextLoader', parent = [null]]]; transaction manager [org.springframework.orm.jpa.JpaTransactionManager@18d67437]; rollback [true]
INFO  TransactionContext - Rolled back transaction for test context [DefaultTestContext@73773fb3 testClass = ClinicServiceJdbcTests, testInstance = org.springframework.samples.petclinic.service.clinicService.ClinicServiceJdbcTests@61271870, testMethod = shouldUpdateVisit@AbstractClinicServiceTests, testException = [null], mergedContextConfiguration = [WebMergedContextConfiguration@19d703f2 testClass = ClinicServiceJdbcTests, locations = '{}', classes = '{class org.springframework.samples.petclinic.PetClinicApplication}', contextInitializerClasses = '[]', activeProfiles = '{jdbc, hsqldb}', propertySourceLocations = '{}', propertySourceProperties = '{org.springframework.boot.test.context.SpringBootTestContextBootstrapper=true}', contextCustomizers = set[org.springframework.boot.test.autoconfigure.properties.PropertyMappingContextCustomizer@0, org.springframework.boot.test.autoconfigure.web.servlet.WebDriverContextCustomizerFactory$Customizer@25ec26ae, org.springframework.boot.test.context.SpringBootTestContextCustomizer@22c55f44, org.springframework.boot.test.context.filter.ExcludeFilterContextCustomizer@4a639ef0, org.springframework.boot.test.json.DuplicateJsonObjectContextCustomizerFactory$DuplicateJsonObjectContextCustomizer@2ac720c8, org.springframework.boot.test.mock.mockito.MockitoContextCustomizer@0], resourceBasePath = 'src/main/webapp', contextLoader = 'org.springframework.boot.test.context.SpringBootContextLoader', parent = [null]]].
INFO  TransactionContext - Began transaction (1) for test context [DefaultTestContext@73773fb3 testClass = ClinicServiceJdbcTests, testInstance = org.springframework.samples.petclinic.service.clinicService.ClinicServiceJdbcTests@6e16151f, testMethod = shouldInsertPetIntoDatabaseAndGenerateId@AbstractClinicServiceTests, testException = [null], mergedContextConfiguration = [WebMergedContextConfiguration@19d703f2 testClass = ClinicServiceJdbcTests, locations = '{}', classes = '{class org.springframework.samples.petclinic.PetClinicApplication}', contextInitializerClasses = '[]', activeProfiles = '{jdbc, hsqldb}', propertySourceLocations = '{}', propertySourceProperties = '{org.springframework.boot.test.context.SpringBootTestContextBootstrapper=true}', contextCustomizers = set[org.springframework.boot.test.autoconfigure.properties.PropertyMappingContextCustomizer@0, org.springframework.boot.test.autoconfigure.web.servlet.WebDriverContextCustomizerFactory$Customizer@25ec26ae, org.springframework.boot.test.context.SpringBootTestContextCustomizer@22c55f44, org.springframework.boot.test.context.filter.ExcludeFilterContextCustomizer@4a639ef0, org.springframework.boot.test.json.DuplicateJsonObjectContextCustomizerFactory$DuplicateJsonObjectContextCustomizer@2ac720c8, org.springframework.boot.test.mock.mockito.MockitoContextCustomizer@0], resourceBasePath = 'src/main/webapp', contextLoader = 'org.springframework.boot.test.context.SpringBootContextLoader', parent = [null]]]; transaction manager [org.springframework.orm.jpa.JpaTransactionManager@18d67437]; rollback [true]
INFO  TransactionContext - Rolled back transaction for test context [DefaultTestContext@73773fb3 testClass = ClinicServiceJdbcTests, testInstance = org.springframework.samples.petclinic.service.clinicService.ClinicServiceJdbcTests@6e16151f, testMethod = shouldInsertPetIntoDatabaseAndGenerateId@AbstractClinicServiceTests, testException = [null], mergedContextConfiguration = [WebMergedContextConfiguration@19d703f2 testClass = ClinicServiceJdbcTests, locations = '{}', classes = '{class org.springframework.samples.petclinic.PetClinicApplication}', contextInitializerClasses = '[]', activeProfiles = '{jdbc, hsqldb}', propertySourceLocations = '{}', propertySourceProperties = '{org.springframework.boot.test.context.SpringBootTestContextBootstrapper=true}', contextCustomizers = set[org.springframework.boot.test.autoconfigure.properties.PropertyMappingContextCustomizer@0, org.springframework.boot.test.autoconfigure.web.servlet.WebDriverContextCustomizerFactory$Customizer@25ec26ae, org.springframework.boot.test.context.SpringBootTestContextCustomizer@22c55f44, org.springframework.boot.test.context.filter.ExcludeFilterContextCustomizer@4a639ef0, org.springframework.boot.test.json.DuplicateJsonObjectContextCustomizerFactory$DuplicateJsonObjectContextCustomizer@2ac720c8, org.springframework.boot.test.mock.mockito.MockitoContextCustomizer@0], resourceBasePath = 'src/main/webapp', contextLoader = 'org.springframework.boot.test.context.SpringBootContextLoader', parent = [null]]].
INFO  TransactionContext - Began transaction (1) for test context [DefaultTestContext@73773fb3 testClass = ClinicServiceJdbcTests, testInstance = org.springframework.samples.petclinic.service.clinicService.ClinicServiceJdbcTests@72f1e535, testMethod = shouldInsertOwner@AbstractClinicServiceTests, testException = [null], mergedContextConfiguration = [WebMergedContextConfiguration@19d703f2 testClass = ClinicServiceJdbcTests, locations = '{}', classes = '{class org.springframework.samples.petclinic.PetClinicApplication}', contextInitializerClasses = '[]', activeProfiles = '{jdbc, hsqldb}', propertySourceLocations = '{}', propertySourceProperties = '{org.springframework.boot.test.context.SpringBootTestContextBootstrapper=true}', contextCustomizers = set[org.springframework.boot.test.autoconfigure.properties.PropertyMappingContextCustomizer@0, org.springframework.boot.test.autoconfigure.web.servlet.WebDriverContextCustomizerFactory$Customizer@25ec26ae, org.springframework.boot.test.context.SpringBootTestContextCustomizer@22c55f44, org.springframework.boot.test.context.filter.ExcludeFilterContextCustomizer@4a639ef0, org.springframework.boot.test.json.DuplicateJsonObjectContextCustomizerFactory$DuplicateJsonObjectContextCustomizer@2ac720c8, org.springframework.boot.test.mock.mockito.MockitoContextCustomizer@0], resourceBasePath = 'src/main/webapp', contextLoader = 'org.springframework.boot.test.context.SpringBootContextLoader', parent = [null]]]; transaction manager [org.springframework.orm.jpa.JpaTransactionManager@18d67437]; rollback [true]
INFO  TransactionContext - Rolled back transaction for test context [DefaultTestContext@73773fb3 testClass = ClinicServiceJdbcTests, testInstance = org.springframework.samples.petclinic.service.clinicService.ClinicServiceJdbcTests@72f1e535, testMethod = shouldInsertOwner@AbstractClinicServiceTests, testException = [null], mergedContextConfiguration = [WebMergedContextConfiguration@19d703f2 testClass = ClinicServiceJdbcTests, locations = '{}', classes = '{class org.springframework.samples.petclinic.PetClinicApplication}', contextInitializerClasses = '[]', activeProfiles = '{jdbc, hsqldb}', propertySourceLocations = '{}', propertySourceProperties = '{org.springframework.boot.test.context.SpringBootTestContextBootstrapper=true}', contextCustomizers = set[org.springframework.boot.test.autoconfigure.properties.PropertyMappingContextCustomizer@0, org.springframework.boot.test.autoconfigure.web.servlet.WebDriverContextCustomizerFactory$Customizer@25ec26ae, org.springframework.boot.test.context.SpringBootTestContextCustomizer@22c55f44, org.springframework.boot.test.context.filter.ExcludeFilterContextCustomizer@4a639ef0, org.springframework.boot.test.json.DuplicateJsonObjectContextCustomizerFactory$DuplicateJsonObjectContextCustomizer@2ac720c8, org.springframework.boot.test.mock.mockito.MockitoContextCustomizer@0], resourceBasePath = 'src/main/webapp', contextLoader = 'org.springframework.boot.test.context.SpringBootContextLoader', parent = [null]]].
INFO  TransactionContext - Began transaction (1) for test context [DefaultTestContext@73773fb3 testClass = ClinicServiceJdbcTests, testInstance = org.springframework.samples.petclinic.service.clinicService.ClinicServiceJdbcTests@4c41e5cd, testMethod = shouldInsertVisit@AbstractClinicServiceTests, testException = [null], mergedContextConfiguration = [WebMergedContextConfiguration@19d703f2 testClass = ClinicServiceJdbcTests, locations = '{}', classes = '{class org.springframework.samples.petclinic.PetClinicApplication}', contextInitializerClasses = '[]', activeProfiles = '{jdbc, hsqldb}', propertySourceLocations = '{}', propertySourceProperties = '{org.springframework.boot.test.context.SpringBootTestContextBootstrapper=true}', contextCustomizers = set[org.springframework.boot.test.autoconfigure.properties.PropertyMappingContextCustomizer@0, org.springframework.boot.test.autoconfigure.web.servlet.WebDriverContextCustomizerFactory$Customizer@25ec26ae, org.springframework.boot.test.context.SpringBootTestContextCustomizer@22c55f44, org.springframework.boot.test.context.filter.ExcludeFilterContextCustomizer@4a639ef0, org.springframework.boot.test.json.DuplicateJsonObjectContextCustomizerFactory$DuplicateJsonObjectContextCustomizer@2ac720c8, org.springframework.boot.test.mock.mockito.MockitoContextCustomizer@0], resourceBasePath = 'src/main/webapp', contextLoader = 'org.springframework.boot.test.context.SpringBootContextLoader', parent = [null]]]; transaction manager [org.springframework.orm.jpa.JpaTransactionManager@18d67437]; rollback [true]
INFO  TransactionContext - Rolled back transaction for test context [DefaultTestContext@73773fb3 testClass = ClinicServiceJdbcTests, testInstance = org.springframework.samples.petclinic.service.clinicService.ClinicServiceJdbcTests@4c41e5cd, testMethod = shouldInsertVisit@AbstractClinicServiceTests, testException = [null], mergedContextConfiguration = [WebMergedContextConfiguration@19d703f2 testClass = ClinicServiceJdbcTests, locations = '{}', classes = '{class org.springframework.samples.petclinic.PetClinicApplication}', contextInitializerClasses = '[]', activeProfiles = '{jdbc, hsqldb}', propertySourceLocations = '{}', propertySourceProperties = '{org.springframework.boot.test.context.SpringBootTestContextBootstrapper=true}', contextCustomizers = set[org.springframework.boot.test.autoconfigure.properties.PropertyMappingContextCustomizer@0, org.springframework.boot.test.autoconfigure.web.servlet.WebDriverContextCustomizerFactory$Customizer@25ec26ae, org.springframework.boot.test.context.SpringBootTestContextCustomizer@22c55f44, org.springframework.boot.test.context.filter.ExcludeFilterContextCustomizer@4a639ef0, org.springframework.boot.test.json.DuplicateJsonObjectContextCustomizerFactory$DuplicateJsonObjectContextCustomizer@2ac720c8, org.springframework.boot.test.mock.mockito.MockitoContextCustomizer@0], resourceBasePath = 'src/main/webapp', contextLoader = 'org.springframework.boot.test.context.SpringBootContextLoader', parent = [null]]].
INFO  TransactionContext - Began transaction (1) for test context [DefaultTestContext@73773fb3 testClass = ClinicServiceJdbcTests, testInstance = org.springframework.samples.petclinic.service.clinicService.ClinicServiceJdbcTests@333ccc13, testMethod = shouldUpdatePetName@AbstractClinicServiceTests, testException = [null], mergedContextConfiguration = [WebMergedContextConfiguration@19d703f2 testClass = ClinicServiceJdbcTests, locations = '{}', classes = '{class org.springframework.samples.petclinic.PetClinicApplication}', contextInitializerClasses = '[]', activeProfiles = '{jdbc, hsqldb}', propertySourceLocations = '{}', propertySourceProperties = '{org.springframework.boot.test.context.SpringBootTestContextBootstrapper=true}', contextCustomizers = set[org.springframework.boot.test.autoconfigure.properties.PropertyMappingContextCustomizer@0, org.springframework.boot.test.autoconfigure.web.servlet.WebDriverContextCustomizerFactory$Customizer@25ec26ae, org.springframework.boot.test.context.SpringBootTestContextCustomizer@22c55f44, org.springframework.boot.test.context.filter.ExcludeFilterContextCustomizer@4a639ef0, org.springframework.boot.test.json.DuplicateJsonObjectContextCustomizerFactory$DuplicateJsonObjectContextCustomizer@2ac720c8, org.springframework.boot.test.mock.mockito.MockitoContextCustomizer@0], resourceBasePath = 'src/main/webapp', contextLoader = 'org.springframework.boot.test.context.SpringBootContextLoader', parent = [null]]]; transaction manager [org.springframework.orm.jpa.JpaTransactionManager@18d67437]; rollback [true]
INFO  TransactionContext - Rolled back transaction for test context [DefaultTestContext@73773fb3 testClass = ClinicServiceJdbcTests, testInstance = org.springframework.samples.petclinic.service.clinicService.ClinicServiceJdbcTests@333ccc13, testMethod = shouldUpdatePetName@AbstractClinicServiceTests, testException = [null], mergedContextConfiguration = [WebMergedContextConfiguration@19d703f2 testClass = ClinicServiceJdbcTests, locations = '{}', classes = '{class org.springframework.samples.petclinic.PetClinicApplication}', contextInitializerClasses = '[]', activeProfiles = '{jdbc, hsqldb}', propertySourceLocations = '{}', propertySourceProperties = '{org.springframework.boot.test.context.SpringBootTestContextBootstrapper=true}', contextCustomizers = set[org.springframework.boot.test.autoconfigure.properties.PropertyMappingContextCustomizer@0, org.springframework.boot.test.autoconfigure.web.servlet.WebDriverContextCustomizerFactory$Customizer@25ec26ae, org.springframework.boot.test.context.SpringBootTestContextCustomizer@22c55f44, org.springframework.boot.test.context.filter.ExcludeFilterContextCustomizer@4a639ef0, org.springframework.boot.test.json.DuplicateJsonObjectContextCustomizerFactory$DuplicateJsonObjectContextCustomizer@2ac720c8, org.springframework.boot.test.mock.mockito.MockitoContextCustomizer@0], resourceBasePath = 'src/main/webapp', contextLoader = 'org.springframework.boot.test.context.SpringBootContextLoader', parent = [null]]].
INFO  TransactionContext - Began transaction (1) for test context [DefaultTestContext@73773fb3 testClass = ClinicServiceJdbcTests, testInstance = org.springframework.samples.petclinic.service.clinicService.ClinicServiceJdbcTests@1c386ed0, testMethod = shouldUpdatePetType@AbstractClinicServiceTests, testException = [null], mergedContextConfiguration = [WebMergedContextConfiguration@19d703f2 testClass = ClinicServiceJdbcTests, locations = '{}', classes = '{class org.springframework.samples.petclinic.PetClinicApplication}', contextInitializerClasses = '[]', activeProfiles = '{jdbc, hsqldb}', propertySourceLocations = '{}', propertySourceProperties = '{org.springframework.boot.test.context.SpringBootTestContextBootstrapper=true}', contextCustomizers = set[org.springframework.boot.test.autoconfigure.properties.PropertyMappingContextCustomizer@0, org.springframework.boot.test.autoconfigure.web.servlet.WebDriverContextCustomizerFactory$Customizer@25ec26ae, org.springframework.boot.test.context.SpringBootTestContextCustomizer@22c55f44, org.springframework.boot.test.context.filter.ExcludeFilterContextCustomizer@4a639ef0, org.springframework.boot.test.json.DuplicateJsonObjectContextCustomizerFactory$DuplicateJsonObjectContextCustomizer@2ac720c8, org.springframework.boot.test.mock.mockito.MockitoContextCustomizer@0], resourceBasePath = 'src/main/webapp', contextLoader = 'org.springframework.boot.test.context.SpringBootContextLoader', parent = [null]]]; transaction manager [org.springframework.orm.jpa.JpaTransactionManager@18d67437]; rollback [true]
INFO  TransactionContext - Rolled back transaction for test context [DefaultTestContext@73773fb3 testClass = ClinicServiceJdbcTests, testInstance = org.springframework.samples.petclinic.service.clinicService.ClinicServiceJdbcTests@1c386ed0, testMethod = shouldUpdatePetType@AbstractClinicServiceTests, testException = [null], mergedContextConfiguration = [WebMergedContextConfiguration@19d703f2 testClass = ClinicServiceJdbcTests, locations = '{}', classes = '{class org.springframework.samples.petclinic.PetClinicApplication}', contextInitializerClasses = '[]', activeProfiles = '{jdbc, hsqldb}', propertySourceLocations = '{}', propertySourceProperties = '{org.springframework.boot.test.context.SpringBootTestContextBootstrapper=true}', contextCustomizers = set[org.springframework.boot.test.autoconfigure.properties.PropertyMappingContextCustomizer@0, org.springframework.boot.test.autoconfigure.web.servlet.WebDriverContextCustomizerFactory$Customizer@25ec26ae, org.springframework.boot.test.context.SpringBootTestContextCustomizer@22c55f44, org.springframework.boot.test.context.filter.ExcludeFilterContextCustomizer@4a639ef0, org.springframework.boot.test.json.DuplicateJsonObjectContextCustomizerFactory$DuplicateJsonObjectContextCustomizer@2ac720c8, org.springframework.boot.test.mock.mockito.MockitoContextCustomizer@0], resourceBasePath = 'src/main/webapp', contextLoader = 'org.springframework.boot.test.context.SpringBootContextLoader', parent = [null]]].
INFO  TransactionContext - Began transaction (1) for test context [DefaultTestContext@73773fb3 testClass = ClinicServiceJdbcTests, testInstance = org.springframework.samples.petclinic.service.clinicService.ClinicServiceJdbcTests@712db0ba, testMethod = shouldUpdateVet@AbstractClinicServiceTests, testException = [null], mergedContextConfiguration = [WebMergedContextConfiguration@19d703f2 testClass = ClinicServiceJdbcTests, locations = '{}', classes = '{class org.springframework.samples.petclinic.PetClinicApplication}', contextInitializerClasses = '[]', activeProfiles = '{jdbc, hsqldb}', propertySourceLocations = '{}', propertySourceProperties = '{org.springframework.boot.test.context.SpringBootTestContextBootstrapper=true}', contextCustomizers = set[org.springframework.boot.test.autoconfigure.properties.PropertyMappingContextCustomizer@0, org.springframework.boot.test.autoconfigure.web.servlet.WebDriverContextCustomizerFactory$Customizer@25ec26ae, org.springframework.boot.test.context.SpringBootTestContextCustomizer@22c55f44, org.springframework.boot.test.context.filter.ExcludeFilterContextCustomizer@4a639ef0, org.springframework.boot.test.json.DuplicateJsonObjectContextCustomizerFactory$DuplicateJsonObjectContextCustomizer@2ac720c8, org.springframework.boot.test.mock.mockito.MockitoContextCustomizer@0], resourceBasePath = 'src/main/webapp', contextLoader = 'org.springframework.boot.test.context.SpringBootContextLoader', parent = [null]]]; transaction manager [org.springframework.orm.jpa.JpaTransactionManager@18d67437]; rollback [true]
INFO  TransactionContext - Rolled back transaction for test context [DefaultTestContext@73773fb3 testClass = ClinicServiceJdbcTests, testInstance = org.springframework.samples.petclinic.service.clinicService.ClinicServiceJdbcTests@712db0ba, testMethod = shouldUpdateVet@AbstractClinicServiceTests, testException = [null], mergedContextConfiguration = [WebMergedContextConfiguration@19d703f2 testClass = ClinicServiceJdbcTests, locations = '{}', classes = '{class org.springframework.samples.petclinic.PetClinicApplication}', contextInitializerClasses = '[]', activeProfiles = '{jdbc, hsqldb}', propertySourceLocations = '{}', propertySourceProperties = '{org.springframework.boot.test.context.SpringBootTestContextBootstrapper=true}', contextCustomizers = set[org.springframework.boot.test.autoconfigure.properties.PropertyMappingContextCustomizer@0, org.springframework.boot.test.autoconfigure.web.servlet.WebDriverContextCustomizerFactory$Customizer@25ec26ae, org.springframework.boot.test.context.SpringBootTestContextCustomizer@22c55f44, org.springframework.boot.test.context.filter.ExcludeFilterContextCustomizer@4a639ef0, org.springframework.boot.test.json.DuplicateJsonObjectContextCustomizerFactory$DuplicateJsonObjectContextCustomizer@2ac720c8, org.springframework.boot.test.mock.mockito.MockitoContextCustomizer@0], resourceBasePath = 'src/main/webapp', contextLoader = 'org.springframework.boot.test.context.SpringBootContextLoader', parent = [null]]].
INFO  TransactionContext - Began transaction (1) for test context [DefaultTestContext@73773fb3 testClass = ClinicServiceJdbcTests, testInstance = org.springframework.samples.petclinic.service.clinicService.ClinicServiceJdbcTests@6a063e0d, testMethod = shouldInsertPetType@AbstractClinicServiceTests, testException = [null], mergedContextConfiguration = [WebMergedContextConfiguration@19d703f2 testClass = ClinicServiceJdbcTests, locations = '{}', classes = '{class org.springframework.samples.petclinic.PetClinicApplication}', contextInitializerClasses = '[]', activeProfiles = '{jdbc, hsqldb}', propertySourceLocations = '{}', propertySourceProperties = '{org.springframework.boot.test.context.SpringBootTestContextBootstrapper=true}', contextCustomizers = set[org.springframework.boot.test.autoconfigure.properties.PropertyMappingContextCustomizer@0, org.springframework.boot.test.autoconfigure.web.servlet.WebDriverContextCustomizerFactory$Customizer@25ec26ae, org.springframework.boot.test.context.SpringBootTestContextCustomizer@22c55f44, org.springframework.boot.test.context.filter.ExcludeFilterContextCustomizer@4a639ef0, org.springframework.boot.test.json.DuplicateJsonObjectContextCustomizerFactory$DuplicateJsonObjectContextCustomizer@2ac720c8, org.springframework.boot.test.mock.mockito.MockitoContextCustomizer@0], resourceBasePath = 'src/main/webapp', contextLoader = 'org.springframework.boot.test.context.SpringBootContextLoader', parent = [null]]]; transaction manager [org.springframework.orm.jpa.JpaTransactionManager@18d67437]; rollback [true]
INFO  TransactionContext - Rolled back transaction for test context [DefaultTestContext@73773fb3 testClass = ClinicServiceJdbcTests, testInstance = org.springframework.samples.petclinic.service.clinicService.ClinicServiceJdbcTests@6a063e0d, testMethod = shouldInsertPetType@AbstractClinicServiceTests, testException = [null], mergedContextConfiguration = [WebMergedContextConfiguration@19d703f2 testClass = ClinicServiceJdbcTests, locations = '{}', classes = '{class org.springframework.samples.petclinic.PetClinicApplication}', contextInitializerClasses = '[]', activeProfiles = '{jdbc, hsqldb}', propertySourceLocations = '{}', propertySourceProperties = '{org.springframework.boot.test.context.SpringBootTestContextBootstrapper=true}', contextCustomizers = set[org.springframework.boot.test.autoconfigure.properties.PropertyMappingContextCustomizer@0, org.springframework.boot.test.autoconfigure.web.servlet.WebDriverContextCustomizerFactory$Customizer@25ec26ae, org.springframework.boot.test.context.SpringBootTestContextCustomizer@22c55f44, org.springframework.boot.test.context.filter.ExcludeFilterContextCustomizer@4a639ef0, org.springframework.boot.test.json.DuplicateJsonObjectContextCustomizerFactory$DuplicateJsonObjectContextCustomizer@2ac720c8, org.springframework.boot.test.mock.mockito.MockitoContextCustomizer@0], resourceBasePath = 'src/main/webapp', contextLoader = 'org.springframework.boot.test.context.SpringBootContextLoader', parent = [null]]].
INFO  TransactionContext - Began transaction (1) for test context [DefaultTestContext@73773fb3 testClass = ClinicServiceJdbcTests, testInstance = org.springframework.samples.petclinic.service.clinicService.ClinicServiceJdbcTests@46cb81c9, testMethod = shouldDeletePetType@AbstractClinicServiceTests, testException = [null], mergedContextConfiguration = [WebMergedContextConfiguration@19d703f2 testClass = ClinicServiceJdbcTests, locations = '{}', classes = '{class org.springframework.samples.petclinic.PetClinicApplication}', contextInitializerClasses = '[]', activeProfiles = '{jdbc, hsqldb}', propertySourceLocations = '{}', propertySourceProperties = '{org.springframework.boot.test.context.SpringBootTestContextBootstrapper=true}', contextCustomizers = set[org.springframework.boot.test.autoconfigure.properties.PropertyMappingContextCustomizer@0, org.springframework.boot.test.autoconfigure.web.servlet.WebDriverContextCustomizerFactory$Customizer@25ec26ae, org.springframework.boot.test.context.SpringBootTestContextCustomizer@22c55f44, org.springframework.boot.test.context.filter.ExcludeFilterContextCustomizer@4a639ef0, org.springframework.boot.test.json.DuplicateJsonObjectContextCustomizerFactory$DuplicateJsonObjectContextCustomizer@2ac720c8, org.springframework.boot.test.mock.mockito.MockitoContextCustomizer@0], resourceBasePath = 'src/main/webapp', contextLoader = 'org.springframework.boot.test.context.SpringBootContextLoader', parent = [null]]]; transaction manager [org.springframework.orm.jpa.JpaTransactionManager@18d67437]; rollback [true]
INFO  TransactionContext - Rolled back transaction for test context [DefaultTestContext@73773fb3 testClass = ClinicServiceJdbcTests, testInstance = org.springframework.samples.petclinic.service.clinicService.ClinicServiceJdbcTests@46cb81c9, testMethod = shouldDeletePetType@AbstractClinicServiceTests, testException = [null], mergedContextConfiguration = [WebMergedContextConfiguration@19d703f2 testClass = ClinicServiceJdbcTests, locations = '{}', classes = '{class org.springframework.samples.petclinic.PetClinicApplication}', contextInitializerClasses = '[]', activeProfiles = '{jdbc, hsqldb}', propertySourceLocations = '{}', propertySourceProperties = '{org.springframework.boot.test.context.SpringBootTestContextBootstrapper=true}', contextCustomizers = set[org.springframework.boot.test.autoconfigure.properties.PropertyMappingContextCustomizer@0, org.springframework.boot.test.autoconfigure.web.servlet.WebDriverContextCustomizerFactory$Customizer@25ec26ae, org.springframework.boot.test.context.SpringBootTestContextCustomizer@22c55f44, org.springframework.boot.test.context.filter.ExcludeFilterContextCustomizer@4a639ef0, org.springframework.boot.test.json.DuplicateJsonObjectContextCustomizerFactory$DuplicateJsonObjectContextCustomizer@2ac720c8, org.springframework.boot.test.mock.mockito.MockitoContextCustomizer@0], resourceBasePath = 'src/main/webapp', contextLoader = 'org.springframework.boot.test.context.SpringBootContextLoader', parent = [null]]].
INFO  TransactionContext - Began transaction (1) for test context [DefaultTestContext@73773fb3 testClass = ClinicServiceJdbcTests, testInstance = org.springframework.samples.petclinic.service.clinicService.ClinicServiceJdbcTests@31583a11, testMethod = shouldDeleteSpecialty@AbstractClinicServiceTests, testException = [null], mergedContextConfiguration = [WebMergedContextConfiguration@19d703f2 testClass = ClinicServiceJdbcTests, locations = '{}', classes = '{class org.springframework.samples.petclinic.PetClinicApplication}', contextInitializerClasses = '[]', activeProfiles = '{jdbc, hsqldb}', propertySourceLocations = '{}', propertySourceProperties = '{org.springframework.boot.test.context.SpringBootTestContextBootstrapper=true}', contextCustomizers = set[org.springframework.boot.test.autoconfigure.properties.PropertyMappingContextCustomizer@0, org.springframework.boot.test.autoconfigure.web.servlet.WebDriverContextCustomizerFactory$Customizer@25ec26ae, org.springframework.boot.test.context.SpringBootTestContextCustomizer@22c55f44, org.springframework.boot.test.context.filter.ExcludeFilterContextCustomizer@4a639ef0, org.springframework.boot.test.json.DuplicateJsonObjectContextCustomizerFactory$DuplicateJsonObjectContextCustomizer@2ac720c8, org.springframework.boot.test.mock.mockito.MockitoContextCustomizer@0], resourceBasePath = 'src/main/webapp', contextLoader = 'org.springframework.boot.test.context.SpringBootContextLoader', parent = [null]]]; transaction manager [org.springframework.orm.jpa.JpaTransactionManager@18d67437]; rollback [true]
INFO  TransactionContext - Rolled back transaction for test context [DefaultTestContext@73773fb3 testClass = ClinicServiceJdbcTests, testInstance = org.springframework.samples.petclinic.service.clinicService.ClinicServiceJdbcTests@31583a11, testMethod = shouldDeleteSpecialty@AbstractClinicServiceTests, testException = [null], mergedContextConfiguration = [WebMergedContextConfiguration@19d703f2 testClass = ClinicServiceJdbcTests, locations = '{}', classes = '{class org.springframework.samples.petclinic.PetClinicApplication}', contextInitializerClasses = '[]', activeProfiles = '{jdbc, hsqldb}', propertySourceLocations = '{}', propertySourceProperties = '{org.springframework.boot.test.context.SpringBootTestContextBootstrapper=true}', contextCustomizers = set[org.springframework.boot.test.autoconfigure.properties.PropertyMappingContextCustomizer@0, org.springframework.boot.test.autoconfigure.web.servlet.WebDriverContextCustomizerFactory$Customizer@25ec26ae, org.springframework.boot.test.context.SpringBootTestContextCustomizer@22c55f44, org.springframework.boot.test.context.filter.ExcludeFilterContextCustomizer@4a639ef0, org.springframework.boot.test.json.DuplicateJsonObjectContextCustomizerFactory$DuplicateJsonObjectContextCustomizer@2ac720c8, org.springframework.boot.test.mock.mockito.MockitoContextCustomizer@0], resourceBasePath = 'src/main/webapp', contextLoader = 'org.springframework.boot.test.context.SpringBootContextLoader', parent = [null]]].
]]></system-out>
  <system-err><![CDATA[]]></system-err>
</testsuite>
