<?xml version="1.0" encoding="UTF-8"?>
<testsuite name="org.springframework.samples.petclinic.service.userService.UserServiceSpringDataJpaTests" tests="1" skipped="0" failures="0" errors="0" timestamp="2019-03-05T14:43:20" hostname="ky-laptop" time="0.014">
  <properties/>
  <testcase name="shouldAddUser" classname="org.springframework.samples.petclinic.service.userService.UserServiceSpringDataJpaTests" time="0.014"/>
  <system-out><![CDATA[INFO  SpringBootTestContextBootstrapper - Neither @ContextConfiguration nor @ContextHierarchy found for test class [org.springframework.samples.petclinic.service.userService.UserServiceSpringDataJpaTests], using SpringBootContextLoader
INFO  AbstractContextLoader - Could not detect default resource locations for test class [org.springframework.samples.petclinic.service.userService.UserServiceSpringDataJpaTests]: no resource found for suffixes {-context.xml, Context.groovy}.
INFO  AnnotationConfigContextLoaderUtils - Could not detect default configuration classes for test class [org.springframework.samples.petclinic.service.userService.UserServiceSpringDataJpaTests]: UserServiceSpringDataJpaTests does not declare any static, non-private, non-final, nested classes annotated with @Configuration.
INFO  SpringBootTestContextBootstrapper - Found @SpringBootConfiguration org.springframework.samples.petclinic.PetClinicApplication for test class org.springframework.samples.petclinic.service.userService.UserServiceSpringDataJpaTests
INFO  SpringBootTestContextBootstrapper - Loaded default TestExecutionListener class names from location [META-INF/spring.factories]: [org.springframework.security.test.context.support.WithSecurityContextTestExecutionListener, org.springframework.boot.test.autoconfigure.restdocs.RestDocsTestExecutionListener, org.springframework.boot.test.autoconfigure.web.client.MockRestServiceServerResetTestExecutionListener, org.springframework.boot.test.autoconfigure.web.servlet.MockMvcPrintOnlyOnFailureTestExecutionListener, org.springframework.boot.test.autoconfigure.web.servlet.WebDriverTestExecutionListener, org.springframework.boot.test.mock.mockito.MockitoTestExecutionListener, org.springframework.boot.test.mock.mockito.ResetMocksTestExecutionListener, org.springframework.test.context.web.ServletTestExecutionListener, org.springframework.test.context.support.DirtiesContextBeforeModesTestExecutionListener, org.springframework.test.context.support.DependencyInjectionTestExecutionListener, org.springframework.test.context.support.DirtiesContextTestExecutionListener, org.springframework.test.context.transaction.TransactionalTestExecutionListener, org.springframework.test.context.jdbc.SqlScriptsTestExecutionListener]
INFO  SpringBootTestContextBootstrapper - Using TestExecutionListeners: [org.springframework.test.context.web.ServletTestExecutionListener@708ea4c7, org.springframework.test.context.support.DirtiesContextBeforeModesTestExecutionListener@d8921a5, org.springframework.boot.test.autoconfigure.SpringBootDependencyInjectionTestExecutionListener@20469d93, org.springframework.test.context.support.DirtiesContextTestExecutionListener@563b18dd, org.springframework.test.context.transaction.TransactionalTestExecutionListener@53962641, org.springframework.test.context.jdbc.SqlScriptsTestExecutionListener@1756a19f, org.springframework.security.test.context.support.WithSecurityContextTestExecutionListener@3e80ce3, org.springframework.boot.test.autoconfigure.web.client.MockRestServiceServerResetTestExecutionListener@d9b01b3, org.springframework.boot.test.autoconfigure.web.servlet.WebDriverTestExecutionListener@6fdd9a6f, org.springframework.boot.test.mock.mockito.ResetMocksTestExecutionListener@4d259452, org.springframework.boot.test.autoconfigure.restdocs.RestDocsTestExecutionListener@ee91601, org.springframework.boot.test.autoconfigure.web.servlet.MockMvcPrintOnlyOnFailureTestExecutionListener@5b2a08f6, org.springframework.boot.test.mock.mockito.MockitoTestExecutionListener@58a7ff1e]

  .   ____          _            __ _ _
 /\\ / ___'_ __ _ _(_)_ __  __ _ \ \ \ \
( ( )\___ | '_ | '_| | '_ \/ _` | \ \ \ \
 \\/  ___)| |_)| | | | | || (_| |  ) ) ) )
  '  |____| .__|_| |_|_| |_\__, | / / / /
 =========|_|==============|___/=/_/_/_/
 :: Spring Boot ::        (v1.5.7.RELEASE)

INFO  UserServiceSpringDataJpaTests - Starting UserServiceSpringDataJpaTests on ky-laptop with PID 750 (started by artificerpi in /home/artificerpi/WorkSpace/java/spring-petclinic-rest)
DEBUG UserServiceSpringDataJpaTests - Running with Spring Boot v1.5.7.RELEASE, Spring v4.3.11.RELEASE
INFO  UserServiceSpringDataJpaTests - The following profiles are active: spring-data-jpa,hsqldb
INFO  GenericWebApplicationContext - Refreshing org.springframework.web.context.support.GenericWebApplicationContext@433a5cb5: startup date [Tue Mar 05 22:43:18 CST 2019]; root of context hierarchy
INFO  PostProcessorRegistrationDelegate$BeanPostProcessorChecker - Bean 'org.springframework.transaction.annotation.ProxyTransactionManagementConfiguration' of type [org.springframework.transaction.annotation.ProxyTransactionManagementConfiguration$$EnhancerBySpringCGLIB$$9cc5919] is not eligible for getting processed by all BeanPostProcessors (for example: not eligible for auto-proxying)
INFO  PostProcessorRegistrationDelegate$BeanPostProcessorChecker - Bean 'org.springframework.security.config.annotation.configuration.ObjectPostProcessorConfiguration' of type [org.springframework.security.config.annotation.configuration.ObjectPostProcessorConfiguration$$EnhancerBySpringCGLIB$$a27a2153] is not eligible for getting processed by all BeanPostProcessors (for example: not eligible for auto-proxying)
INFO  PostProcessorRegistrationDelegate$BeanPostProcessorChecker - Bean 'objectPostProcessor' of type [org.springframework.security.config.annotation.configuration.AutowireBeanFactoryObjectPostProcessor] is not eligible for getting processed by all BeanPostProcessors (for example: not eligible for auto-proxying)
INFO  PostProcessorRegistrationDelegate$BeanPostProcessorChecker - Bean 'org.springframework.security.access.expression.method.DefaultMethodSecurityExpressionHandler@2368b2fc' of type [org.springframework.security.access.expression.method.DefaultMethodSecurityExpressionHandler] is not eligible for getting processed by all BeanPostProcessors (for example: not eligible for auto-proxying)
INFO  PostProcessorRegistrationDelegate$BeanPostProcessorChecker - Bean 'org.springframework.security.config.annotation.method.configuration.GlobalMethodSecurityConfiguration' of type [org.springframework.security.config.annotation.method.configuration.GlobalMethodSecurityConfiguration$$EnhancerBySpringCGLIB$$c74ec405] is not eligible for getting processed by all BeanPostProcessors (for example: not eligible for auto-proxying)
INFO  PostProcessorRegistrationDelegate$BeanPostProcessorChecker - Bean 'methodSecurityMetadataSource' of type [org.springframework.security.access.method.DelegatingMethodSecurityMetadataSource] is not eligible for getting processed by all BeanPostProcessors (for example: not eligible for auto-proxying)
INFO  ScriptUtils - Executing SQL script from URL [file:/home/artificerpi/WorkSpace/java/spring-petclinic-rest/build/resources/main/db/hsqldb/initDB.sql]
INFO  ScriptUtils - Executed SQL script from URL [file:/home/artificerpi/WorkSpace/java/spring-petclinic-rest/build/resources/main/db/hsqldb/initDB.sql] in 7 ms.
INFO  ScriptUtils - Executing SQL script from URL [file:/home/artificerpi/WorkSpace/java/spring-petclinic-rest/build/resources/main/db/hsqldb/populateDB.sql]
INFO  ScriptUtils - Executed SQL script from URL [file:/home/artificerpi/WorkSpace/java/spring-petclinic-rest/build/resources/main/db/hsqldb/populateDB.sql] in 7 ms.
INFO  LocalContainerEntityManagerFactoryBean - Building JPA container EntityManagerFactory for persistence unit 'default'
INFO  LogHelper - HHH000204: Processing PersistenceUnitInfo [
	name: default
	...]
INFO  Dialect - HHH000400: Using dialect: org.hibernate.dialect.HSQLDialect
WARN  EntityManagerFactoryRegistry - HHH000436: Entity manager factory name (default) is already registered.  If entity manager will be clustered or passivated, specify a unique value for property 'hibernate.ejb.entitymanager_factory_name'
INFO  LocalContainerEntityManagerFactoryBean - Initialized JPA EntityManagerFactory for persistence unit 'default'
INFO  QueryTranslatorFactoryInitiator - HHH000397: Using ASTQueryTranslatorFactory
INFO  RequestMappingHandlerMapping - Mapped "{[/api/owners],methods=[POST],produces=[application/json;charset=UTF-8]}" onto public org.springframework.http.ResponseEntity<org.springframework.samples.petclinic.model.Owner> org.springframework.samples.petclinic.rest.OwnerRestController.addOwner(org.springframework.samples.petclinic.model.Owner,org.springframework.validation.BindingResult,org.springframework.web.util.UriComponentsBuilder)
INFO  RequestMappingHandlerMapping - Mapped "{[/api/owners/{ownerId}],methods=[PUT],produces=[application/json;charset=UTF-8]}" onto public org.springframework.http.ResponseEntity<org.springframework.samples.petclinic.model.Owner> org.springframework.samples.petclinic.rest.OwnerRestController.updateOwner(int,org.springframework.samples.petclinic.model.Owner,org.springframework.validation.BindingResult,org.springframework.web.util.UriComponentsBuilder)
INFO  RequestMappingHandlerMapping - Mapped "{[/api/owners],methods=[GET],produces=[application/json;charset=UTF-8]}" onto public org.springframework.http.ResponseEntity<java.util.Collection<org.springframework.samples.petclinic.model.Owner>> org.springframework.samples.petclinic.rest.OwnerRestController.getOwners()
INFO  RequestMappingHandlerMapping - Mapped "{[/api/owners/*/lastname/{lastName}],methods=[GET],produces=[application/json;charset=UTF-8]}" onto public org.springframework.http.ResponseEntity<java.util.Collection<org.springframework.samples.petclinic.model.Owner>> org.springframework.samples.petclinic.rest.OwnerRestController.getOwnersList(java.lang.String)
INFO  RequestMappingHandlerMapping - Mapped "{[/api/owners/{ownerId}],methods=[DELETE],produces=[application/json;charset=UTF-8]}" onto public org.springframework.http.ResponseEntity<java.lang.Void> org.springframework.samples.petclinic.rest.OwnerRestController.deleteOwner(int)
INFO  RequestMappingHandlerMapping - Mapped "{[/api/owners/{ownerId}],methods=[GET],produces=[application/json;charset=UTF-8]}" onto public org.springframework.http.ResponseEntity<org.springframework.samples.petclinic.model.Owner> org.springframework.samples.petclinic.rest.OwnerRestController.getOwner(int)
INFO  RequestMappingHandlerMapping - Mapped "{[/api/pets/{petId}],methods=[PUT],produces=[application/json;charset=UTF-8]}" onto public org.springframework.http.ResponseEntity<org.springframework.samples.petclinic.model.Pet> org.springframework.samples.petclinic.rest.PetRestController.updatePet(int,org.springframework.samples.petclinic.model.Pet,org.springframework.validation.BindingResult)
INFO  RequestMappingHandlerMapping - Mapped "{[/api/pets/pettypes],methods=[GET],produces=[application/json;charset=UTF-8]}" onto public org.springframework.http.ResponseEntity<java.util.Collection<org.springframework.samples.petclinic.model.PetType>> org.springframework.samples.petclinic.rest.PetRestController.getPetTypes()
INFO  RequestMappingHandlerMapping - Mapped "{[/api/pets/{petId}],methods=[GET],produces=[application/json;charset=UTF-8]}" onto public org.springframework.http.ResponseEntity<org.springframework.samples.petclinic.model.Pet> org.springframework.samples.petclinic.rest.PetRestController.getPet(int)
INFO  RequestMappingHandlerMapping - Mapped "{[/api/pets],methods=[POST],produces=[application/json;charset=UTF-8]}" onto public org.springframework.http.ResponseEntity<org.springframework.samples.petclinic.model.Pet> org.springframework.samples.petclinic.rest.PetRestController.addPet(org.springframework.samples.petclinic.model.Pet,org.springframework.validation.BindingResult,org.springframework.web.util.UriComponentsBuilder)
INFO  RequestMappingHandlerMapping - Mapped "{[/api/pets],methods=[GET],produces=[application/json;charset=UTF-8]}" onto public org.springframework.http.ResponseEntity<java.util.Collection<org.springframework.samples.petclinic.model.Pet>> org.springframework.samples.petclinic.rest.PetRestController.getPets()
INFO  RequestMappingHandlerMapping - Mapped "{[/api/pets/{petId}],methods=[DELETE],produces=[application/json;charset=UTF-8]}" onto public org.springframework.http.ResponseEntity<java.lang.Void> org.springframework.samples.petclinic.rest.PetRestController.deletePet(int)
INFO  RequestMappingHandlerMapping - Mapped "{[/api/pettypes/{petTypeId}],methods=[PUT],produces=[application/json;charset=UTF-8]}" onto public org.springframework.http.ResponseEntity<org.springframework.samples.petclinic.model.PetType> org.springframework.samples.petclinic.rest.PetTypeRestController.updatePetType(int,org.springframework.samples.petclinic.model.PetType,org.springframework.validation.BindingResult)
INFO  RequestMappingHandlerMapping - Mapped "{[/api/pettypes],methods=[POST],produces=[application/json;charset=UTF-8]}" onto public org.springframework.http.ResponseEntity<org.springframework.samples.petclinic.model.PetType> org.springframework.samples.petclinic.rest.PetTypeRestController.addPetType(org.springframework.samples.petclinic.model.PetType,org.springframework.validation.BindingResult,org.springframework.web.util.UriComponentsBuilder)
INFO  RequestMappingHandlerMapping - Mapped "{[/api/pettypes/{petTypeId}],methods=[GET],produces=[application/json;charset=UTF-8]}" onto public org.springframework.http.ResponseEntity<org.springframework.samples.petclinic.model.PetType> org.springframework.samples.petclinic.rest.PetTypeRestController.getPetType(int)
INFO  RequestMappingHandlerMapping - Mapped "{[/api/pettypes],methods=[GET],produces=[application/json;charset=UTF-8]}" onto public org.springframework.http.ResponseEntity<java.util.Collection<org.springframework.samples.petclinic.model.PetType>> org.springframework.samples.petclinic.rest.PetTypeRestController.getAllPetTypes()
INFO  RequestMappingHandlerMapping - Mapped "{[/api/pettypes/{petTypeId}],methods=[DELETE],produces=[application/json;charset=UTF-8]}" onto public org.springframework.http.ResponseEntity<java.lang.Void> org.springframework.samples.petclinic.rest.PetTypeRestController.deletePetType(int)
INFO  RequestMappingHandlerMapping - Mapped "{[/]}" onto public void org.springframework.samples.petclinic.rest.RootRestController.redirectToSwagger(javax.servlet.http.HttpServletResponse) throws java.io.IOException
INFO  RequestMappingHandlerMapping - Mapped "{[/api/specialties/{specialtyId}],methods=[GET],produces=[application/json;charset=UTF-8]}" onto public org.springframework.http.ResponseEntity<org.springframework.samples.petclinic.model.Specialty> org.springframework.samples.petclinic.rest.SpecialtyRestController.getSpecialty(int)
INFO  RequestMappingHandlerMapping - Mapped "{[/api/specialties],methods=[POST],produces=[application/json;charset=UTF-8]}" onto public org.springframework.http.ResponseEntity<org.springframework.samples.petclinic.model.Specialty> org.springframework.samples.petclinic.rest.SpecialtyRestController.addSpecialty(org.springframework.samples.petclinic.model.Specialty,org.springframework.validation.BindingResult,org.springframework.web.util.UriComponentsBuilder)
INFO  RequestMappingHandlerMapping - Mapped "{[/api/specialties/{specialtyId}],methods=[PUT],produces=[application/json;charset=UTF-8]}" onto public org.springframework.http.ResponseEntity<org.springframework.samples.petclinic.model.Specialty> org.springframework.samples.petclinic.rest.SpecialtyRestController.updateSpecialty(int,org.springframework.samples.petclinic.model.Specialty,org.springframework.validation.BindingResult)
INFO  RequestMappingHandlerMapping - Mapped "{[/api/specialties],methods=[GET],produces=[application/json;charset=UTF-8]}" onto public org.springframework.http.ResponseEntity<java.util.Collection<org.springframework.samples.petclinic.model.Specialty>> org.springframework.samples.petclinic.rest.SpecialtyRestController.getAllSpecialtys()
INFO  RequestMappingHandlerMapping - Mapped "{[/api/specialties/{specialtyId}],methods=[DELETE],produces=[application/json;charset=UTF-8]}" onto public org.springframework.http.ResponseEntity<java.lang.Void> org.springframework.samples.petclinic.rest.SpecialtyRestController.deleteSpecialty(int)
INFO  RequestMappingHandlerMapping - Mapped "{[/api/users],methods=[POST],produces=[application/json;charset=UTF-8]}" onto public org.springframework.http.ResponseEntity<org.springframework.samples.petclinic.model.User> org.springframework.samples.petclinic.rest.UserRestController.addOwner(org.springframework.samples.petclinic.model.User,org.springframework.validation.BindingResult) throws java.lang.Exception
INFO  RequestMappingHandlerMapping - Mapped "{[/api/vets],methods=[GET],produces=[application/json;charset=UTF-8]}" onto public org.springframework.http.ResponseEntity<java.util.Collection<org.springframework.samples.petclinic.model.Vet>> org.springframework.samples.petclinic.rest.VetRestController.getAllVets()
INFO  RequestMappingHandlerMapping - Mapped "{[/api/vets/{vetId}],methods=[GET],produces=[application/json;charset=UTF-8]}" onto public org.springframework.http.ResponseEntity<org.springframework.samples.petclinic.model.Vet> org.springframework.samples.petclinic.rest.VetRestController.getVet(int)
INFO  RequestMappingHandlerMapping - Mapped "{[/api/vets],methods=[POST],produces=[application/json;charset=UTF-8]}" onto public org.springframework.http.ResponseEntity<org.springframework.samples.petclinic.model.Vet> org.springframework.samples.petclinic.rest.VetRestController.addVet(org.springframework.samples.petclinic.model.Vet,org.springframework.validation.BindingResult,org.springframework.web.util.UriComponentsBuilder)
INFO  RequestMappingHandlerMapping - Mapped "{[/api/vets/{vetId}],methods=[DELETE],produces=[application/json;charset=UTF-8]}" onto public org.springframework.http.ResponseEntity<java.lang.Void> org.springframework.samples.petclinic.rest.VetRestController.deleteVet(int)
INFO  RequestMappingHandlerMapping - Mapped "{[/api/vets/{vetId}],methods=[PUT],produces=[application/json;charset=UTF-8]}" onto public org.springframework.http.ResponseEntity<org.springframework.samples.petclinic.model.Vet> org.springframework.samples.petclinic.rest.VetRestController.updateVet(int,org.springframework.samples.petclinic.model.Vet,org.springframework.validation.BindingResult)
INFO  RequestMappingHandlerMapping - Mapped "{[/api/visits/{visitId}],methods=[PUT],produces=[application/json;charset=UTF-8]}" onto public org.springframework.http.ResponseEntity<org.springframework.samples.petclinic.model.Visit> org.springframework.samples.petclinic.rest.VisitRestController.updateVisit(int,org.springframework.samples.petclinic.model.Visit,org.springframework.validation.BindingResult)
INFO  RequestMappingHandlerMapping - Mapped "{[/api/visits],methods=[POST],produces=[application/json;charset=UTF-8]}" onto public org.springframework.http.ResponseEntity<org.springframework.samples.petclinic.model.Visit> org.springframework.samples.petclinic.rest.VisitRestController.addVisit(org.springframework.samples.petclinic.model.Visit,org.springframework.validation.BindingResult,org.springframework.web.util.UriComponentsBuilder)
INFO  RequestMappingHandlerMapping - Mapped "{[/api/visits/{visitId}],methods=[DELETE],produces=[application/json;charset=UTF-8]}" onto public org.springframework.http.ResponseEntity<java.lang.Void> org.springframework.samples.petclinic.rest.VisitRestController.deleteVisit(int)
INFO  RequestMappingHandlerMapping - Mapped "{[/api/visits/{visitId}],methods=[GET],produces=[application/json;charset=UTF-8]}" onto public org.springframework.http.ResponseEntity<org.springframework.samples.petclinic.model.Visit> org.springframework.samples.petclinic.rest.VisitRestController.getVisit(int)
INFO  RequestMappingHandlerMapping - Mapped "{[/api/visits],methods=[GET],produces=[application/json;charset=UTF-8]}" onto public org.springframework.http.ResponseEntity<java.util.Collection<org.springframework.samples.petclinic.model.Visit>> org.springframework.samples.petclinic.rest.VisitRestController.getAllVisits()
INFO  RequestMappingHandlerMapping - Mapped "{[/v2/api-docs],methods=[GET],produces=[application/json || application/hal+json]}" onto public org.springframework.http.ResponseEntity<springfox.documentation.spring.web.json.Json> springfox.documentation.swagger2.web.Swagger2Controller.getDocumentation(java.lang.String,javax.servlet.http.HttpServletRequest)
INFO  RequestMappingHandlerMapping - Mapped "{[/swagger-resources/configuration/ui]}" onto org.springframework.http.ResponseEntity<springfox.documentation.swagger.web.UiConfiguration> springfox.documentation.swagger.web.ApiResourceController.uiConfiguration()
INFO  RequestMappingHandlerMapping - Mapped "{[/swagger-resources]}" onto org.springframework.http.ResponseEntity<java.util.List<springfox.documentation.swagger.web.SwaggerResource>> springfox.documentation.swagger.web.ApiResourceController.swaggerResources()
INFO  RequestMappingHandlerMapping - Mapped "{[/swagger-resources/configuration/security]}" onto org.springframework.http.ResponseEntity<springfox.documentation.swagger.web.SecurityConfiguration> springfox.documentation.swagger.web.ApiResourceController.securityConfiguration()
INFO  RequestMappingHandlerMapping - Mapped "{[/error],produces=[text/html]}" onto public org.springframework.web.servlet.ModelAndView org.springframework.boot.autoconfigure.web.BasicErrorController.errorHtml(javax.servlet.http.HttpServletRequest,javax.servlet.http.HttpServletResponse)
INFO  RequestMappingHandlerMapping - Mapped "{[/error]}" onto public org.springframework.http.ResponseEntity<java.util.Map<java.lang.String, java.lang.Object>> org.springframework.boot.autoconfigure.web.BasicErrorController.error(javax.servlet.http.HttpServletRequest)
INFO  DefaultSecurityFilterChain - Creating filter chain: org.springframework.security.web.util.matcher.AnyRequestMatcher@1, [org.springframework.security.web.context.request.async.WebAsyncManagerIntegrationFilter@57435fd7, org.springframework.security.web.context.SecurityContextPersistenceFilter@2a7c7c83, org.springframework.security.web.header.HeaderWriterFilter@3d144fe3, org.springframework.security.web.authentication.logout.LogoutFilter@4000c523, org.springframework.security.web.authentication.www.BasicAuthenticationFilter@46e364a3, org.springframework.security.web.savedrequest.RequestCacheAwareFilter@5a2c7283, org.springframework.security.web.servletapi.SecurityContextHolderAwareRequestFilter@45d84572, org.springframework.security.web.authentication.AnonymousAuthenticationFilter@7fa53bbf, org.springframework.security.web.session.SessionManagementFilter@20b4bd2f, org.springframework.security.web.access.ExceptionTranslationFilter@287b0b64, org.springframework.security.web.access.intercept.FilterSecurityInterceptor@7194f05c]
INFO  RequestMappingHandlerAdapter - Looking for @ControllerAdvice: org.springframework.web.context.support.GenericWebApplicationContext@433a5cb5: startup date [Tue Mar 05 22:43:18 CST 2019]; root of context hierarchy
INFO  SimpleUrlHandlerMapping - Mapped URL path [/webjars/**] onto handler of type [class org.springframework.web.servlet.resource.ResourceHttpRequestHandler]
INFO  SimpleUrlHandlerMapping - Mapped URL path [/**] onto handler of type [class org.springframework.web.servlet.resource.ResourceHttpRequestHandler]
INFO  ExceptionHandlerExceptionResolver - Detected @ExceptionHandler methods in exceptionControllerAdvice
INFO  SimpleUrlHandlerMapping - Mapped URL path [/**/favicon.ico] onto handler of type [class org.springframework.web.servlet.resource.ResourceHttpRequestHandler]
INFO  DefaultLifecycleProcessor - Starting beans in phase 2147483647
INFO  DocumentationPluginsBootstrapper - Context refreshed
INFO  DocumentationPluginsBootstrapper - Found 1 custom documentation plugin(s)
INFO  ApiListingReferenceScanner - Scanning for api listing references
INFO  CachingOperationNameGenerator - Generating unique operation named: addOwnerUsingPOST_1
INFO  UserServiceSpringDataJpaTests - Started UserServiceSpringDataJpaTests in 1.995 seconds (JVM running for 7.94)
]]></system-out>
  <system-err><![CDATA[]]></system-err>
</testsuite>
